28-Apr-2021 09:37:47.424 INFO [main] org.apache.catalina.startup.VersionLoggerListener.log Server version:        Apache Tomcat/8.5.42
28-Apr-2021 09:37:47.489 INFO [main] org.apache.catalina.startup.VersionLoggerListener.log Server built:          Jun 4 2019 20:29:04 UTC
28-Apr-2021 09:37:47.490 INFO [main] org.apache.catalina.startup.VersionLoggerListener.log Server number:         8.5.42.0
28-Apr-2021 09:37:47.491 INFO [main] org.apache.catalina.startup.VersionLoggerListener.log OS Name:               Windows 10
28-Apr-2021 09:37:47.491 INFO [main] org.apache.catalina.startup.VersionLoggerListener.log OS Version:            10.0
28-Apr-2021 09:37:47.493 INFO [main] org.apache.catalina.startup.VersionLoggerListener.log Architecture:          amd64
28-Apr-2021 09:37:47.495 INFO [main] org.apache.catalina.startup.VersionLoggerListener.log Java Home:             C:\Program Files\Java\jre1.8.0_271
28-Apr-2021 09:37:47.501 INFO [main] org.apache.catalina.startup.VersionLoggerListener.log JVM Version:           1.8.0_271-b09
28-Apr-2021 09:37:47.501 INFO [main] org.apache.catalina.startup.VersionLoggerListener.log JVM Vendor:            Oracle Corporation
28-Apr-2021 09:37:47.502 INFO [main] org.apache.catalina.startup.VersionLoggerListener.log CATALINA_BASE:         D:\apache-tomcat-8.5.42
28-Apr-2021 09:37:47.503 INFO [main] org.apache.catalina.startup.VersionLoggerListener.log CATALINA_HOME:         D:\apache-tomcat-8.5.42
28-Apr-2021 09:37:47.503 INFO [main] org.apache.catalina.startup.VersionLoggerListener.log Command line argument: -Djava.util.logging.config.file=D:\apache-tomcat-8.5.42\conf\logging.properties
28-Apr-2021 09:37:47.504 INFO [main] org.apache.catalina.startup.VersionLoggerListener.log Command line argument: -Djava.util.logging.manager=org.apache.juli.ClassLoaderLogManager
28-Apr-2021 09:37:47.504 INFO [main] org.apache.catalina.startup.VersionLoggerListener.log Command line argument: -Djdk.tls.ephemeralDHKeySize=2048
28-Apr-2021 09:37:47.505 INFO [main] org.apache.catalina.startup.VersionLoggerListener.log Command line argument: -Djava.protocol.handler.pkgs=org.apache.catalina.webresources
28-Apr-2021 09:37:47.506 INFO [main] org.apache.catalina.startup.VersionLoggerListener.log Command line argument: -Dignore.endorsed.dirs=
28-Apr-2021 09:37:47.506 INFO [main] org.apache.catalina.startup.VersionLoggerListener.log Command line argument: -Dcatalina.base=D:\apache-tomcat-8.5.42
28-Apr-2021 09:37:47.507 INFO [main] org.apache.catalina.startup.VersionLoggerListener.log Command line argument: -Dcatalina.home=D:\apache-tomcat-8.5.42
28-Apr-2021 09:37:47.508 INFO [main] org.apache.catalina.startup.VersionLoggerListener.log Command line argument: -Djava.io.tmpdir=D:\apache-tomcat-8.5.42\temp
28-Apr-2021 09:37:47.509 INFO [main] org.apache.catalina.core.AprLifecycleListener.lifecycleEvent Loaded APR based Apache Tomcat Native library [1.2.21] using APR version [1.6.5].
28-Apr-2021 09:37:47.510 INFO [main] org.apache.catalina.core.AprLifecycleListener.lifecycleEvent APR capabilities: IPv6 [true], sendfile [true], accept filters [false], random [true].
28-Apr-2021 09:37:47.516 INFO [main] org.apache.catalina.core.AprLifecycleListener.lifecycleEvent APR/OpenSSL configuration: useAprConnector [false], useOpenSSL [true]
28-Apr-2021 09:37:47.810 INFO [main] org.apache.catalina.core.AprLifecycleListener.initializeSSL OpenSSL successfully initialized [OpenSSL 1.1.1a  20 Nov 2018]
28-Apr-2021 09:37:52.065 INFO [main] org.apache.coyote.AbstractProtocol.init Initializing ProtocolHandler ["http-nio-8181"]
28-Apr-2021 09:37:53.732 INFO [main] org.apache.tomcat.util.net.NioSelectorPool.getSharedSelector Using a shared selector for servlet write/read
28-Apr-2021 09:37:53.922 INFO [main] org.apache.coyote.AbstractProtocol.init Initializing ProtocolHandler ["ajp-nio-8009"]
28-Apr-2021 09:37:53.926 INFO [main] org.apache.tomcat.util.net.NioSelectorPool.getSharedSelector Using a shared selector for servlet write/read
28-Apr-2021 09:37:53.928 INFO [main] org.apache.catalina.startup.Catalina.load Initialization processed in 9073 ms
28-Apr-2021 09:37:54.639 INFO [main] org.apache.catalina.core.StandardService.startInternal Starting service [Catalina]
28-Apr-2021 09:37:54.639 INFO [main] org.apache.catalina.core.StandardEngine.startInternal Starting Servlet Engine: Apache Tomcat/8.5.42
28-Apr-2021 09:37:54.987 INFO [localhost-startStop-1] org.apache.catalina.startup.HostConfig.deployWAR Deploying web application archive [D:\apache-tomcat-8.5.42\webapps\CmsNewProject.war]
28-Apr-2021 09:38:12.924 INFO [localhost-startStop-1] org.apache.jasper.servlet.TldScanner.scanJars At least one JAR was scanned for TLDs yet contained no TLDs. Enable debug logging for this logger for a complete list of JARs that were scanned but no TLDs were found in them. Skipping unneeded JARs during scanning can improve startup time and JSP compilation time.
28-Apr-2021 09:42:34.671 INFO [localhost-startStop-1] org.apache.catalina.startup.HostConfig.deployWAR Deployment of web application archive [D:\apache-tomcat-8.5.42\webapps\CmsNewProject.war] has finished in [279,681] ms
28-Apr-2021 09:42:34.908 INFO [localhost-startStop-1] org.apache.catalina.startup.HostConfig.deployWAR Deploying web application archive [D:\apache-tomcat-8.5.42\webapps\EmployServiceExample.war]
28-Apr-2021 09:43:28.881 INFO [localhost-startStop-1] org.apache.jasper.servlet.TldScanner.scanJars At least one JAR was scanned for TLDs yet contained no TLDs. Enable debug logging for this logger for a complete list of JARs that were scanned but no TLDs were found in them. Skipping unneeded JARs during scanning can improve startup time and JSP compilation time.
28-Apr-2021 09:44:15.982 INFO [localhost-startStop-1] org.apache.catalina.startup.HostConfig.deployWAR Deployment of web application archive [D:\apache-tomcat-8.5.42\webapps\EmployServiceExample.war] has finished in [101,075] ms
28-Apr-2021 09:44:16.150 INFO [localhost-startStop-1] org.apache.catalina.startup.HostConfig.deployWAR Deploying web application archive [D:\apache-tomcat-8.5.42\webapps\MavenHelloWorld.war]
28-Apr-2021 09:44:27.685 INFO [localhost-startStop-1] org.apache.jasper.servlet.TldScanner.scanJars At least one JAR was scanned for TLDs yet contained no TLDs. Enable debug logging for this logger for a complete list of JARs that were scanned but no TLDs were found in them. Skipping unneeded JARs during scanning can improve startup time and JSP compilation time.
28-Apr-2021 09:44:29.651 INFO [localhost-startStop-1] org.apache.catalina.startup.HostConfig.deployWAR Deployment of web application archive [D:\apache-tomcat-8.5.42\webapps\MavenHelloWorld.war] has finished in [13,502] ms
28-Apr-2021 09:44:29.779 INFO [localhost-startStop-1] org.apache.catalina.startup.HostConfig.deployWAR Deploying web application archive [D:\apache-tomcat-8.5.42\webapps\RestEmployCrud.war]
28-Apr-2021 09:44:44.428 INFO [localhost-startStop-1] org.apache.jasper.servlet.TldScanner.scanJars At least one JAR was scanned for TLDs yet contained no TLDs. Enable debug logging for this logger for a complete list of JARs that were scanned but no TLDs were found in them. Skipping unneeded JARs during scanning can improve startup time and JSP compilation time.
28-Apr-2021 09:44:47.011 INFO [localhost-startStop-1] org.apache.catalina.startup.HostConfig.deployWAR Deployment of web application archive [D:\apache-tomcat-8.5.42\webapps\RestEmployCrud.war] has finished in [17,233] ms
28-Apr-2021 09:44:47.199 INFO [localhost-startStop-1] org.apache.catalina.startup.HostConfig.deployWAR Deploying web application archive [D:\apache-tomcat-8.5.42\webapps\RestEmpNew.war]
28-Apr-2021 09:44:56.139 INFO [localhost-startStop-1] org.apache.jasper.servlet.TldScanner.scanJars At least one JAR was scanned for TLDs yet contained no TLDs. Enable debug logging for this logger for a complete list of JARs that were scanned but no TLDs were found in them. Skipping unneeded JARs during scanning can improve startup time and JSP compilation time.
28-Apr-2021 09:44:57.938 INFO [localhost-startStop-1] org.apache.catalina.startup.HostConfig.deployWAR Deployment of web application archive [D:\apache-tomcat-8.5.42\webapps\RestEmpNew.war] has finished in [10,739] ms
28-Apr-2021 09:44:58.690 INFO [localhost-startStop-1] org.apache.catalina.startup.HostConfig.deployWAR Deploying web application archive [D:\apache-tomcat-8.5.42\webapps\RestHello.war]
28-Apr-2021 09:45:05.728 INFO [localhost-startStop-1] org.apache.jasper.servlet.TldScanner.scanJars At least one JAR was scanned for TLDs yet contained no TLDs. Enable debug logging for this logger for a complete list of JARs that were scanned but no TLDs were found in them. Skipping unneeded JARs during scanning can improve startup time and JSP compilation time.
28-Apr-2021 09:45:06.687 INFO [localhost-startStop-1] org.apache.catalina.startup.HostConfig.deployWAR Deployment of web application archive [D:\apache-tomcat-8.5.42\webapps\RestHello.war] has finished in [7,998] ms
28-Apr-2021 09:45:06.719 INFO [localhost-startStop-1] org.apache.catalina.startup.HostConfig.deployWAR Deploying web application archive [D:\apache-tomcat-8.5.42\webapps\ServiceExample.war]
28-Apr-2021 09:45:26.943 INFO [localhost-startStop-1] org.apache.jasper.servlet.TldScanner.scanJars At least one JAR was scanned for TLDs yet contained no TLDs. Enable debug logging for this logger for a complete list of JARs that were scanned but no TLDs were found in them. Skipping unneeded JARs during scanning can improve startup time and JSP compilation time.
28-Apr-2021 09:45:28.543 INFO [localhost-startStop-1] org.apache.catalina.startup.HostConfig.deployWAR Deployment of web application archive [D:\apache-tomcat-8.5.42\webapps\ServiceExample.war] has finished in [21,823] ms
28-Apr-2021 09:45:30.233 INFO [localhost-startStop-1] org.apache.catalina.startup.HostConfig.deployWAR Deploying web application archive [D:\apache-tomcat-8.5.42\webapps\ServiceRepeat.war]
28-Apr-2021 09:45:32.478 INFO [localhost-startStop-1] org.apache.jasper.servlet.TldScanner.scanJars At least one JAR was scanned for TLDs yet contained no TLDs. Enable debug logging for this logger for a complete list of JARs that were scanned but no TLDs were found in them. Skipping unneeded JARs during scanning can improve startup time and JSP compilation time.
28-Apr-2021 09:45:33.720 INFO [localhost-startStop-1] org.apache.catalina.startup.HostConfig.deployWAR Deployment of web application archive [D:\apache-tomcat-8.5.42\webapps\ServiceRepeat.war] has finished in [3,486] ms
28-Apr-2021 09:45:33.723 INFO [localhost-startStop-1] org.apache.catalina.startup.HostConfig.deployDirectory Deploying web application directory [D:\apache-tomcat-8.5.42\webapps\docs]
28-Apr-2021 09:45:34.270 INFO [localhost-startStop-1] org.apache.catalina.startup.HostConfig.deployDirectory Deployment of web application directory [D:\apache-tomcat-8.5.42\webapps\docs] has finished in [548] ms
28-Apr-2021 09:45:34.271 INFO [localhost-startStop-1] org.apache.catalina.startup.HostConfig.deployDirectory Deploying web application directory [D:\apache-tomcat-8.5.42\webapps\examples]
28-Apr-2021 09:45:36.772 INFO [localhost-startStop-1] org.apache.catalina.startup.HostConfig.deployDirectory Deployment of web application directory [D:\apache-tomcat-8.5.42\webapps\examples] has finished in [2,501] ms
28-Apr-2021 09:45:36.773 INFO [localhost-startStop-1] org.apache.catalina.startup.HostConfig.deployDirectory Deploying web application directory [D:\apache-tomcat-8.5.42\webapps\host-manager]
28-Apr-2021 09:45:36.884 INFO [localhost-startStop-1] org.apache.catalina.startup.HostConfig.deployDirectory Deployment of web application directory [D:\apache-tomcat-8.5.42\webapps\host-manager] has finished in [111] ms
28-Apr-2021 09:45:36.887 INFO [localhost-startStop-1] org.apache.catalina.startup.HostConfig.deployDirectory Deploying web application directory [D:\apache-tomcat-8.5.42\webapps\manager]
28-Apr-2021 09:45:37.165 INFO [localhost-startStop-1] org.apache.catalina.startup.HostConfig.deployDirectory Deployment of web application directory [D:\apache-tomcat-8.5.42\webapps\manager] has finished in [280] ms
28-Apr-2021 09:45:37.166 INFO [localhost-startStop-1] org.apache.catalina.startup.HostConfig.deployDirectory Deploying web application directory [D:\apache-tomcat-8.5.42\webapps\ROOT]
28-Apr-2021 09:45:37.188 INFO [localhost-startStop-1] org.apache.catalina.startup.HostConfig.deployDirectory Deployment of web application directory [D:\apache-tomcat-8.5.42\webapps\ROOT] has finished in [22] ms
28-Apr-2021 09:45:37.198 INFO [main] org.apache.coyote.AbstractProtocol.start Starting ProtocolHandler ["http-nio-8181"]
28-Apr-2021 09:45:37.501 INFO [main] org.apache.coyote.AbstractProtocol.start Starting ProtocolHandler ["ajp-nio-8009"]
28-Apr-2021 09:45:37.507 INFO [main] org.apache.catalina.startup.Catalina.start Server startup in 463576 ms
28-Apr-2021 09:57:18.362 INFO [ContainerBackgroundProcessor[StandardEngine[Catalina]]] org.apache.catalina.startup.HostConfig.undeploy Undeploying context [/EmployServiceExample]
28-Apr-2021 09:57:18.410 WARNING [ContainerBackgroundProcessor[StandardEngine[Catalina]]] org.apache.catalina.loader.WebappClassLoaderBase.clearReferencesJdbc JDBC driver de-registration failed for web application [EmployServiceExample]
	java.lang.IllegalStateException: java.io.FileNotFoundException: D:\apache-tomcat-8.5.42\webapps\EmployServiceExample\WEB-INF\lib\aopalliance-repackaged-2.5.0-b32.jar (The system cannot find the path specified)
		at org.apache.catalina.webresources.AbstractSingleArchiveResourceSet.getArchiveEntry(AbstractSingleArchiveResourceSet.java:100)
		at org.apache.catalina.webresources.AbstractArchiveResourceSet.getResource(AbstractArchiveResourceSet.java:257)
		at org.apache.catalina.webresources.StandardRoot.getResourceInternal(StandardRoot.java:281)
		at org.apache.catalina.webresources.Cache.getResource(Cache.java:62)
		at org.apache.catalina.webresources.StandardRoot.getResource(StandardRoot.java:216)
		at org.apache.catalina.webresources.StandardRoot.getClassLoaderResource(StandardRoot.java:225)
		at org.apache.catalina.loader.WebappClassLoaderBase.findClassInternal(WebappClassLoaderBase.java:2285)
		at org.apache.catalina.loader.WebappClassLoaderBase.findClass(WebappClassLoaderBase.java:859)
		at org.apache.catalina.loader.WebappClassLoaderBase.loadClass(WebappClassLoaderBase.java:1333)
		at org.apache.catalina.loader.WebappClassLoaderBase.loadClass(WebappClassLoaderBase.java:1185)
		at oracle.jdbc.driver.OracleDriver.deregister(OracleDriver.java:525)
		at java.sql.DriverManager.deregisterDriver(Unknown Source)
		at org.apache.catalina.loader.JdbcLeakPrevention.clearJdbcDriverRegistrations(JdbcLeakPrevention.java:73)
		at sun.reflect.NativeMethodAccessorImpl.invoke0(Native Method)
		at sun.reflect.NativeMethodAccessorImpl.invoke(Unknown Source)
		at sun.reflect.DelegatingMethodAccessorImpl.invoke(Unknown Source)
		at java.lang.reflect.Method.invoke(Unknown Source)
		at org.apache.catalina.loader.WebappClassLoaderBase.clearReferencesJdbc(WebappClassLoaderBase.java:1681)
		at org.apache.catalina.loader.WebappClassLoaderBase.clearReferences(WebappClassLoaderBase.java:1604)
		at org.apache.catalina.loader.WebappClassLoaderBase.stop(WebappClassLoaderBase.java:1556)
		at org.apache.catalina.loader.WebappLoader.stopInternal(WebappLoader.java:446)
		at org.apache.catalina.util.LifecycleBase.stop(LifecycleBase.java:226)
		at org.apache.catalina.core.StandardContext.stopInternal(StandardContext.java:5510)
		at org.apache.catalina.util.LifecycleBase.stop(LifecycleBase.java:226)
		at org.apache.catalina.core.ContainerBase.removeChild(ContainerBase.java:845)
		at org.apache.catalina.startup.HostConfig.undeploy(HostConfig.java:1427)
		at org.apache.catalina.startup.HostConfig.checkResources(HostConfig.java:1336)
		at org.apache.catalina.startup.HostConfig.check(HostConfig.java:1613)
		at org.apache.catalina.startup.HostConfig.lifecycleEvent(HostConfig.java:314)
		at org.apache.catalina.util.LifecycleBase.fireLifecycleEvent(LifecycleBase.java:94)
		at org.apache.catalina.core.ContainerBase.backgroundProcess(ContainerBase.java:1170)
		at org.apache.catalina.core.ContainerBase$ContainerBackgroundProcessor.processChildren(ContainerBase.java:1392)
		at org.apache.catalina.core.ContainerBase$ContainerBackgroundProcessor.processChildren(ContainerBase.java:1396)
		at org.apache.catalina.core.ContainerBase$ContainerBackgroundProcessor.run(ContainerBase.java:1364)
		at java.lang.Thread.run(Unknown Source)
	Caused by: java.io.FileNotFoundException: D:\apache-tomcat-8.5.42\webapps\EmployServiceExample\WEB-INF\lib\aopalliance-repackaged-2.5.0-b32.jar (The system cannot find the path specified)
		at java.util.zip.ZipFile.open(Native Method)
		at java.util.zip.ZipFile.<init>(Unknown Source)
		at java.util.zip.ZipFile.<init>(Unknown Source)
		at java.util.jar.JarFile.<init>(Unknown Source)
		at java.util.jar.JarFile.<init>(Unknown Source)
		at org.apache.tomcat.util.compat.JreCompat.jarFileNewInstance(JreCompat.java:196)
		at org.apache.tomcat.util.compat.JreCompat.jarFileNewInstance(JreCompat.java:181)
		at org.apache.catalina.webresources.AbstractArchiveResourceSet.openJarFile(AbstractArchiveResourceSet.java:308)
		at org.apache.catalina.webresources.AbstractSingleArchiveResourceSet.getArchiveEntry(AbstractSingleArchiveResourceSet.java:96)
		... 34 more
28-Apr-2021 09:57:18.431 WARNING [ContainerBackgroundProcessor[StandardEngine[Catalina]]] org.apache.catalina.loader.WebappClassLoaderBase.clearReferencesThreads The web application [EmployServiceExample] appears to have started a thread named [Timer-0] but has failed to stop it. This is very likely to create a memory leak. Stack trace of thread:
 java.lang.Object.wait(Native Method)
 java.lang.Object.wait(Unknown Source)
 java.util.TimerThread.mainLoop(Unknown Source)
 java.util.TimerThread.run(Unknown Source)
28-Apr-2021 09:57:18.441 WARNING [ContainerBackgroundProcessor[StandardEngine[Catalina]]] org.apache.catalina.loader.WebappClassLoaderBase.clearReferencesThreads The web application [EmployServiceExample] appears to have started a thread named [oracle.jdbc.driver.BlockSource.ThreadedCachingBlockSource.BlockReleaser] but has failed to stop it. This is very likely to create a memory leak. Stack trace of thread:
 java.lang.Object.wait(Native Method)
 oracle.jdbc.driver.BlockSource$ThreadedCachingBlockSource$BlockReleaser.run(BlockSource.java:331)
28-Apr-2021 09:57:18.443 WARNING [ContainerBackgroundProcessor[StandardEngine[Catalina]]] org.apache.catalina.loader.WebappClassLoaderBase.clearReferencesThreads The web application [EmployServiceExample] appears to have started a thread named [InterruptTimer] but has failed to stop it. This is very likely to create a memory leak. Stack trace of thread:
 java.lang.Object.wait(Native Method)
 java.util.TimerThread.mainLoop(Unknown Source)
 java.util.TimerThread.run(Unknown Source)
28-Apr-2021 09:57:18.524 INFO [localhost-startStop-2] org.apache.catalina.startup.HostConfig.deployWAR Deploying web application archive [D:\apache-tomcat-8.5.42\webapps\EmployServiceExample.war]
28-Apr-2021 09:57:31.276 INFO [localhost-startStop-2] org.apache.jasper.servlet.TldScanner.scanJars At least one JAR was scanned for TLDs yet contained no TLDs. Enable debug logging for this logger for a complete list of JARs that were scanned but no TLDs were found in them. Skipping unneeded JARs during scanning can improve startup time and JSP compilation time.
28-Apr-2021 09:57:32.891 INFO [localhost-startStop-2] org.apache.catalina.startup.HostConfig.deployWAR Deployment of web application archive [D:\apache-tomcat-8.5.42\webapps\EmployServiceExample.war] has finished in [14,366] ms
28-Apr-2021 10:09:24.313 INFO [localhost-startStop-3] org.apache.catalina.startup.HostConfig.deployWAR Deploying web application archive [D:\apache-tomcat-8.5.42\webapps\RestDbEmp.war]
28-Apr-2021 10:09:31.187 INFO [localhost-startStop-3] org.apache.jasper.servlet.TldScanner.scanJars At least one JAR was scanned for TLDs yet contained no TLDs. Enable debug logging for this logger for a complete list of JARs that were scanned but no TLDs were found in them. Skipping unneeded JARs during scanning can improve startup time and JSP compilation time.
28-Apr-2021 10:09:35.710 INFO [localhost-startStop-3] org.apache.catalina.startup.HostConfig.deployWAR Deployment of web application archive [D:\apache-tomcat-8.5.42\webapps\RestDbEmp.war] has finished in [11,397] ms
28-Apr-2021 10:19:16.804 INFO [localhost-startStop-4] org.apache.catalina.startup.HostConfig.deployWAR Deploying web application archive [D:\apache-tomcat-8.5.42\webapps\CalcServiceDemo.war]
28-Apr-2021 10:19:24.555 INFO [localhost-startStop-4] org.apache.jasper.servlet.TldScanner.scanJars At least one JAR was scanned for TLDs yet contained no TLDs. Enable debug logging for this logger for a complete list of JARs that were scanned but no TLDs were found in them. Skipping unneeded JARs during scanning can improve startup time and JSP compilation time.
28-Apr-2021 10:19:26.149 INFO [localhost-startStop-4] org.apache.catalina.startup.HostConfig.deployWAR Deployment of web application archive [D:\apache-tomcat-8.5.42\webapps\CalcServiceDemo.war] has finished in [9,345] ms
28-Apr-2021 10:20:46.717 INFO [ContainerBackgroundProcessor[StandardEngine[Catalina]]] org.apache.catalina.startup.HostConfig.undeploy Undeploying context [/CalcServiceDemo]
28-Apr-2021 10:21:36.965 INFO [localhost-startStop-5] org.apache.catalina.startup.HostConfig.deployWAR Deploying web application archive [D:\apache-tomcat-8.5.42\webapps\CalcServiceDemo.war]
28-Apr-2021 10:21:42.951 INFO [localhost-startStop-5] org.apache.jasper.servlet.TldScanner.scanJars At least one JAR was scanned for TLDs yet contained no TLDs. Enable debug logging for this logger for a complete list of JARs that were scanned but no TLDs were found in them. Skipping unneeded JARs during scanning can improve startup time and JSP compilation time.
28-Apr-2021 10:21:44.102 INFO [localhost-startStop-5] org.apache.catalina.startup.HostConfig.deployWAR Deployment of web application archive [D:\apache-tomcat-8.5.42\webapps\CalcServiceDemo.war] has finished in [7,137] ms
28-Apr-2021 11:48:44.486 INFO [main] org.apache.catalina.startup.VersionLoggerListener.log Server version:        Apache Tomcat/8.5.42
28-Apr-2021 11:48:44.511 INFO [main] org.apache.catalina.startup.VersionLoggerListener.log Server built:          Jun 4 2019 20:29:04 UTC
28-Apr-2021 11:48:44.518 INFO [main] org.apache.catalina.startup.VersionLoggerListener.log Server number:         8.5.42.0
28-Apr-2021 11:48:44.528 INFO [main] org.apache.catalina.startup.VersionLoggerListener.log OS Name:               Windows 10
28-Apr-2021 11:48:44.539 INFO [main] org.apache.catalina.startup.VersionLoggerListener.log OS Version:            10.0
28-Apr-2021 11:48:44.552 INFO [main] org.apache.catalina.startup.VersionLoggerListener.log Architecture:          amd64
28-Apr-2021 11:48:44.581 INFO [main] org.apache.catalina.startup.VersionLoggerListener.log Java Home:             C:\Program Files\Java\jre1.8.0_271
28-Apr-2021 11:48:44.627 INFO [main] org.apache.catalina.startup.VersionLoggerListener.log JVM Version:           1.8.0_271-b09
28-Apr-2021 11:48:44.632 INFO [main] org.apache.catalina.startup.VersionLoggerListener.log JVM Vendor:            Oracle Corporation
28-Apr-2021 11:48:44.634 INFO [main] org.apache.catalina.startup.VersionLoggerListener.log CATALINA_BASE:         D:\apache-tomcat-8.5.42
28-Apr-2021 11:48:44.636 INFO [main] org.apache.catalina.startup.VersionLoggerListener.log CATALINA_HOME:         D:\apache-tomcat-8.5.42
28-Apr-2021 11:48:44.647 INFO [main] org.apache.catalina.startup.VersionLoggerListener.log Command line argument: -Djava.util.logging.config.file=D:\apache-tomcat-8.5.42\conf\logging.properties
28-Apr-2021 11:48:44.653 INFO [main] org.apache.catalina.startup.VersionLoggerListener.log Command line argument: -Djava.util.logging.manager=org.apache.juli.ClassLoaderLogManager
28-Apr-2021 11:48:44.659 INFO [main] org.apache.catalina.startup.VersionLoggerListener.log Command line argument: -Djdk.tls.ephemeralDHKeySize=2048
28-Apr-2021 11:48:44.663 INFO [main] org.apache.catalina.startup.VersionLoggerListener.log Command line argument: -Djava.protocol.handler.pkgs=org.apache.catalina.webresources
28-Apr-2021 11:48:44.683 INFO [main] org.apache.catalina.startup.VersionLoggerListener.log Command line argument: -Dignore.endorsed.dirs=
28-Apr-2021 11:48:44.687 INFO [main] org.apache.catalina.startup.VersionLoggerListener.log Command line argument: -Dcatalina.base=D:\apache-tomcat-8.5.42
28-Apr-2021 11:48:44.697 INFO [main] org.apache.catalina.startup.VersionLoggerListener.log Command line argument: -Dcatalina.home=D:\apache-tomcat-8.5.42
28-Apr-2021 11:48:44.702 INFO [main] org.apache.catalina.startup.VersionLoggerListener.log Command line argument: -Djava.io.tmpdir=D:\apache-tomcat-8.5.42\temp
28-Apr-2021 11:48:44.718 INFO [main] org.apache.catalina.core.AprLifecycleListener.lifecycleEvent Loaded APR based Apache Tomcat Native library [1.2.21] using APR version [1.6.5].
28-Apr-2021 11:48:44.737 INFO [main] org.apache.catalina.core.AprLifecycleListener.lifecycleEvent APR capabilities: IPv6 [true], sendfile [true], accept filters [false], random [true].
28-Apr-2021 11:48:44.741 INFO [main] org.apache.catalina.core.AprLifecycleListener.lifecycleEvent APR/OpenSSL configuration: useAprConnector [false], useOpenSSL [true]
28-Apr-2021 11:48:44.819 INFO [main] org.apache.catalina.core.AprLifecycleListener.initializeSSL OpenSSL successfully initialized [OpenSSL 1.1.1a  20 Nov 2018]
28-Apr-2021 11:48:46.725 INFO [main] org.apache.coyote.AbstractProtocol.init Initializing ProtocolHandler ["http-nio-8181"]
28-Apr-2021 11:48:48.599 INFO [main] org.apache.tomcat.util.net.NioSelectorPool.getSharedSelector Using a shared selector for servlet write/read
28-Apr-2021 11:48:48.755 INFO [main] org.apache.coyote.AbstractProtocol.init Initializing ProtocolHandler ["ajp-nio-8009"]
28-Apr-2021 11:48:48.762 INFO [main] org.apache.tomcat.util.net.NioSelectorPool.getSharedSelector Using a shared selector for servlet write/read
28-Apr-2021 11:48:48.764 INFO [main] org.apache.catalina.startup.Catalina.load Initialization processed in 6732 ms
28-Apr-2021 11:48:49.015 INFO [main] org.apache.catalina.core.StandardService.startInternal Starting service [Catalina]
28-Apr-2021 11:48:49.016 INFO [main] org.apache.catalina.core.StandardEngine.startInternal Starting Servlet Engine: Apache Tomcat/8.5.42
28-Apr-2021 11:48:49.270 INFO [localhost-startStop-1] org.apache.catalina.startup.HostConfig.deployWAR Deploying web application archive [D:\apache-tomcat-8.5.42\webapps\CalcServiceDemo.war]
28-Apr-2021 11:49:19.716 INFO [localhost-startStop-1] org.apache.jasper.servlet.TldScanner.scanJars At least one JAR was scanned for TLDs yet contained no TLDs. Enable debug logging for this logger for a complete list of JARs that were scanned but no TLDs were found in them. Skipping unneeded JARs during scanning can improve startup time and JSP compilation time.
28-Apr-2021 11:49:26.514 INFO [localhost-startStop-1] org.apache.catalina.startup.HostConfig.deployWAR Deployment of web application archive [D:\apache-tomcat-8.5.42\webapps\CalcServiceDemo.war] has finished in [37,243] ms
28-Apr-2021 11:49:26.570 INFO [localhost-startStop-1] org.apache.catalina.startup.HostConfig.deployWAR Deploying web application archive [D:\apache-tomcat-8.5.42\webapps\CmsNewProject.war]
28-Apr-2021 11:49:35.052 INFO [localhost-startStop-1] org.apache.jasper.servlet.TldScanner.scanJars At least one JAR was scanned for TLDs yet contained no TLDs. Enable debug logging for this logger for a complete list of JARs that were scanned but no TLDs were found in them. Skipping unneeded JARs during scanning can improve startup time and JSP compilation time.
28-Apr-2021 11:49:44.367 INFO [localhost-startStop-1] org.apache.catalina.startup.HostConfig.deployWAR Deployment of web application archive [D:\apache-tomcat-8.5.42\webapps\CmsNewProject.war] has finished in [17,796] ms
28-Apr-2021 11:49:44.492 INFO [localhost-startStop-1] org.apache.catalina.startup.HostConfig.deployWAR Deploying web application archive [D:\apache-tomcat-8.5.42\webapps\EmployServiceExample.war]
28-Apr-2021 11:50:05.692 INFO [localhost-startStop-1] org.apache.jasper.servlet.TldScanner.scanJars At least one JAR was scanned for TLDs yet contained no TLDs. Enable debug logging for this logger for a complete list of JARs that were scanned but no TLDs were found in them. Skipping unneeded JARs during scanning can improve startup time and JSP compilation time.
28-Apr-2021 11:50:10.477 INFO [localhost-startStop-1] org.apache.catalina.startup.HostConfig.deployWAR Deployment of web application archive [D:\apache-tomcat-8.5.42\webapps\EmployServiceExample.war] has finished in [25,984] ms
28-Apr-2021 11:50:10.520 INFO [localhost-startStop-1] org.apache.catalina.startup.HostConfig.deployWAR Deploying web application archive [D:\apache-tomcat-8.5.42\webapps\MavenHelloWorld.war]
28-Apr-2021 11:50:19.657 INFO [localhost-startStop-1] org.apache.jasper.servlet.TldScanner.scanJars At least one JAR was scanned for TLDs yet contained no TLDs. Enable debug logging for this logger for a complete list of JARs that were scanned but no TLDs were found in them. Skipping unneeded JARs during scanning can improve startup time and JSP compilation time.
28-Apr-2021 11:50:24.065 INFO [localhost-startStop-1] org.apache.catalina.startup.HostConfig.deployWAR Deployment of web application archive [D:\apache-tomcat-8.5.42\webapps\MavenHelloWorld.war] has finished in [13,545] ms
28-Apr-2021 11:50:25.341 INFO [localhost-startStop-1] org.apache.catalina.startup.HostConfig.deployWAR Deploying web application archive [D:\apache-tomcat-8.5.42\webapps\RestDbEmp.war]
28-Apr-2021 11:50:39.851 INFO [localhost-startStop-1] org.apache.jasper.servlet.TldScanner.scanJars At least one JAR was scanned for TLDs yet contained no TLDs. Enable debug logging for this logger for a complete list of JARs that were scanned but no TLDs were found in them. Skipping unneeded JARs during scanning can improve startup time and JSP compilation time.
28-Apr-2021 11:50:45.490 INFO [localhost-startStop-1] org.apache.catalina.startup.HostConfig.deployWAR Deployment of web application archive [D:\apache-tomcat-8.5.42\webapps\RestDbEmp.war] has finished in [20,149] ms
28-Apr-2021 11:50:45.596 INFO [localhost-startStop-1] org.apache.catalina.startup.HostConfig.deployWAR Deploying web application archive [D:\apache-tomcat-8.5.42\webapps\RestEmployCrud.war]
28-Apr-2021 11:51:00.823 INFO [localhost-startStop-1] org.apache.jasper.servlet.TldScanner.scanJars At least one JAR was scanned for TLDs yet contained no TLDs. Enable debug logging for this logger for a complete list of JARs that were scanned but no TLDs were found in them. Skipping unneeded JARs during scanning can improve startup time and JSP compilation time.
28-Apr-2021 11:51:05.074 INFO [localhost-startStop-1] org.apache.catalina.startup.HostConfig.deployWAR Deployment of web application archive [D:\apache-tomcat-8.5.42\webapps\RestEmployCrud.war] has finished in [19,478] ms
28-Apr-2021 11:51:05.198 INFO [localhost-startStop-1] org.apache.catalina.startup.HostConfig.deployWAR Deploying web application archive [D:\apache-tomcat-8.5.42\webapps\RestEmpNew.war]
28-Apr-2021 11:51:18.346 INFO [localhost-startStop-1] org.apache.jasper.servlet.TldScanner.scanJars At least one JAR was scanned for TLDs yet contained no TLDs. Enable debug logging for this logger for a complete list of JARs that were scanned but no TLDs were found in them. Skipping unneeded JARs during scanning can improve startup time and JSP compilation time.
28-Apr-2021 11:51:20.596 INFO [localhost-startStop-1] org.apache.catalina.startup.HostConfig.deployWAR Deployment of web application archive [D:\apache-tomcat-8.5.42\webapps\RestEmpNew.war] has finished in [15,399] ms
28-Apr-2021 11:51:20.704 INFO [localhost-startStop-1] org.apache.catalina.startup.HostConfig.deployWAR Deploying web application archive [D:\apache-tomcat-8.5.42\webapps\RestHello.war]
28-Apr-2021 11:51:24.601 INFO [localhost-startStop-1] org.apache.jasper.servlet.TldScanner.scanJars At least one JAR was scanned for TLDs yet contained no TLDs. Enable debug logging for this logger for a complete list of JARs that were scanned but no TLDs were found in them. Skipping unneeded JARs during scanning can improve startup time and JSP compilation time.
28-Apr-2021 11:51:29.098 INFO [localhost-startStop-1] org.apache.catalina.startup.HostConfig.deployWAR Deployment of web application archive [D:\apache-tomcat-8.5.42\webapps\RestHello.war] has finished in [8,393] ms
28-Apr-2021 11:51:29.186 INFO [localhost-startStop-1] org.apache.catalina.startup.HostConfig.deployWAR Deploying web application archive [D:\apache-tomcat-8.5.42\webapps\ServiceExample.war]
28-Apr-2021 11:51:39.698 INFO [localhost-startStop-1] org.apache.jasper.servlet.TldScanner.scanJars At least one JAR was scanned for TLDs yet contained no TLDs. Enable debug logging for this logger for a complete list of JARs that were scanned but no TLDs were found in them. Skipping unneeded JARs during scanning can improve startup time and JSP compilation time.
28-Apr-2021 11:51:44.587 INFO [localhost-startStop-1] org.apache.catalina.startup.HostConfig.deployWAR Deployment of web application archive [D:\apache-tomcat-8.5.42\webapps\ServiceExample.war] has finished in [15,402] ms
28-Apr-2021 11:51:44.699 INFO [localhost-startStop-1] org.apache.catalina.startup.HostConfig.deployWAR Deploying web application archive [D:\apache-tomcat-8.5.42\webapps\ServiceRepeat.war]
28-Apr-2021 11:51:47.425 INFO [localhost-startStop-1] org.apache.jasper.servlet.TldScanner.scanJars At least one JAR was scanned for TLDs yet contained no TLDs. Enable debug logging for this logger for a complete list of JARs that were scanned but no TLDs were found in them. Skipping unneeded JARs during scanning can improve startup time and JSP compilation time.
28-Apr-2021 11:51:51.231 INFO [localhost-startStop-1] org.apache.catalina.startup.HostConfig.deployWAR Deployment of web application archive [D:\apache-tomcat-8.5.42\webapps\ServiceRepeat.war] has finished in [6,531] ms
28-Apr-2021 11:51:51.322 INFO [localhost-startStop-1] org.apache.catalina.startup.HostConfig.deployDirectory Deploying web application directory [D:\apache-tomcat-8.5.42\webapps\docs]
28-Apr-2021 11:51:51.397 INFO [localhost-startStop-1] org.apache.catalina.startup.HostConfig.deployDirectory Deployment of web application directory [D:\apache-tomcat-8.5.42\webapps\docs] has finished in [76] ms
28-Apr-2021 11:51:51.398 INFO [localhost-startStop-1] org.apache.catalina.startup.HostConfig.deployDirectory Deploying web application directory [D:\apache-tomcat-8.5.42\webapps\examples]
28-Apr-2021 11:51:53.683 INFO [localhost-startStop-1] org.apache.catalina.startup.HostConfig.deployDirectory Deployment of web application directory [D:\apache-tomcat-8.5.42\webapps\examples] has finished in [2,285] ms
28-Apr-2021 11:51:53.710 INFO [localhost-startStop-1] org.apache.catalina.startup.HostConfig.deployDirectory Deploying web application directory [D:\apache-tomcat-8.5.42\webapps\host-manager]
28-Apr-2021 11:51:54.276 INFO [localhost-startStop-1] org.apache.catalina.startup.HostConfig.deployDirectory Deployment of web application directory [D:\apache-tomcat-8.5.42\webapps\host-manager] has finished in [565] ms
28-Apr-2021 11:51:54.278 INFO [localhost-startStop-1] org.apache.catalina.startup.HostConfig.deployDirectory Deploying web application directory [D:\apache-tomcat-8.5.42\webapps\manager]
28-Apr-2021 11:51:54.531 INFO [localhost-startStop-1] org.apache.catalina.startup.HostConfig.deployDirectory Deployment of web application directory [D:\apache-tomcat-8.5.42\webapps\manager] has finished in [253] ms
28-Apr-2021 11:51:54.632 INFO [localhost-startStop-1] org.apache.catalina.startup.HostConfig.deployDirectory Deploying web application directory [D:\apache-tomcat-8.5.42\webapps\ROOT]
28-Apr-2021 11:51:55.000 INFO [localhost-startStop-1] org.apache.catalina.startup.HostConfig.deployDirectory Deployment of web application directory [D:\apache-tomcat-8.5.42\webapps\ROOT] has finished in [369] ms
28-Apr-2021 11:51:55.255 INFO [main] org.apache.coyote.AbstractProtocol.start Starting ProtocolHandler ["http-nio-8181"]
28-Apr-2021 11:51:55.507 INFO [main] org.apache.coyote.AbstractProtocol.start Starting ProtocolHandler ["ajp-nio-8009"]
28-Apr-2021 11:51:55.523 INFO [main] org.apache.catalina.startup.Catalina.start Server startup in 186756 ms
28-Apr-2021 16:25:34.624 INFO [main] org.apache.catalina.startup.VersionLoggerListener.log Server version:        Apache Tomcat/8.5.42
28-Apr-2021 16:25:34.631 INFO [main] org.apache.catalina.startup.VersionLoggerListener.log Server built:          Jun 4 2019 20:29:04 UTC
28-Apr-2021 16:25:34.632 INFO [main] org.apache.catalina.startup.VersionLoggerListener.log Server number:         8.5.42.0
28-Apr-2021 16:25:34.633 INFO [main] org.apache.catalina.startup.VersionLoggerListener.log OS Name:               Windows 10
28-Apr-2021 16:25:34.634 INFO [main] org.apache.catalina.startup.VersionLoggerListener.log OS Version:            10.0
28-Apr-2021 16:25:34.634 INFO [main] org.apache.catalina.startup.VersionLoggerListener.log Architecture:          amd64
28-Apr-2021 16:25:34.635 INFO [main] org.apache.catalina.startup.VersionLoggerListener.log Java Home:             C:\Program Files\Java\jre1.8.0_271
28-Apr-2021 16:25:34.641 INFO [main] org.apache.catalina.startup.VersionLoggerListener.log JVM Version:           1.8.0_271-b09
28-Apr-2021 16:25:34.642 INFO [main] org.apache.catalina.startup.VersionLoggerListener.log JVM Vendor:            Oracle Corporation
28-Apr-2021 16:25:34.642 INFO [main] org.apache.catalina.startup.VersionLoggerListener.log CATALINA_BASE:         D:\apache-tomcat-8.5.42
28-Apr-2021 16:25:34.643 INFO [main] org.apache.catalina.startup.VersionLoggerListener.log CATALINA_HOME:         D:\apache-tomcat-8.5.42
28-Apr-2021 16:25:34.644 INFO [main] org.apache.catalina.startup.VersionLoggerListener.log Command line argument: -Djava.util.logging.config.file=D:\apache-tomcat-8.5.42\conf\logging.properties
28-Apr-2021 16:25:34.645 INFO [main] org.apache.catalina.startup.VersionLoggerListener.log Command line argument: -Djava.util.logging.manager=org.apache.juli.ClassLoaderLogManager
28-Apr-2021 16:25:34.646 INFO [main] org.apache.catalina.startup.VersionLoggerListener.log Command line argument: -Djdk.tls.ephemeralDHKeySize=2048
28-Apr-2021 16:25:34.646 INFO [main] org.apache.catalina.startup.VersionLoggerListener.log Command line argument: -Djava.protocol.handler.pkgs=org.apache.catalina.webresources
28-Apr-2021 16:25:34.647 INFO [main] org.apache.catalina.startup.VersionLoggerListener.log Command line argument: -Dignore.endorsed.dirs=
28-Apr-2021 16:25:34.648 INFO [main] org.apache.catalina.startup.VersionLoggerListener.log Command line argument: -Dcatalina.base=D:\apache-tomcat-8.5.42
28-Apr-2021 16:25:34.651 INFO [main] org.apache.catalina.startup.VersionLoggerListener.log Command line argument: -Dcatalina.home=D:\apache-tomcat-8.5.42
28-Apr-2021 16:25:34.657 INFO [main] org.apache.catalina.startup.VersionLoggerListener.log Command line argument: -Djava.io.tmpdir=D:\apache-tomcat-8.5.42\temp
28-Apr-2021 16:25:34.659 INFO [main] org.apache.catalina.core.AprLifecycleListener.lifecycleEvent Loaded APR based Apache Tomcat Native library [1.2.21] using APR version [1.6.5].
28-Apr-2021 16:25:34.660 INFO [main] org.apache.catalina.core.AprLifecycleListener.lifecycleEvent APR capabilities: IPv6 [true], sendfile [true], accept filters [false], random [true].
28-Apr-2021 16:25:34.662 INFO [main] org.apache.catalina.core.AprLifecycleListener.lifecycleEvent APR/OpenSSL configuration: useAprConnector [false], useOpenSSL [true]
28-Apr-2021 16:25:34.681 INFO [main] org.apache.catalina.core.AprLifecycleListener.initializeSSL OpenSSL successfully initialized [OpenSSL 1.1.1a  20 Nov 2018]
28-Apr-2021 16:25:35.051 INFO [main] org.apache.coyote.AbstractProtocol.init Initializing ProtocolHandler ["http-nio-8181"]
28-Apr-2021 16:25:35.444 INFO [main] org.apache.tomcat.util.net.NioSelectorPool.getSharedSelector Using a shared selector for servlet write/read
28-Apr-2021 16:25:35.473 INFO [main] org.apache.coyote.AbstractProtocol.init Initializing ProtocolHandler ["ajp-nio-8009"]
28-Apr-2021 16:25:35.481 INFO [main] org.apache.tomcat.util.net.NioSelectorPool.getSharedSelector Using a shared selector for servlet write/read
28-Apr-2021 16:25:35.483 INFO [main] org.apache.catalina.startup.Catalina.load Initialization processed in 1832 ms
28-Apr-2021 16:25:35.544 INFO [main] org.apache.catalina.core.StandardService.startInternal Starting service [Catalina]
28-Apr-2021 16:25:35.544 INFO [main] org.apache.catalina.core.StandardEngine.startInternal Starting Servlet Engine: Apache Tomcat/8.5.42
28-Apr-2021 16:25:35.595 INFO [localhost-startStop-1] org.apache.catalina.startup.HostConfig.deployWAR Deploying web application archive [D:\apache-tomcat-8.5.42\webapps\CalcServiceDemo.war]
28-Apr-2021 16:25:59.801 INFO [localhost-startStop-1] org.apache.jasper.servlet.TldScanner.scanJars At least one JAR was scanned for TLDs yet contained no TLDs. Enable debug logging for this logger for a complete list of JARs that were scanned but no TLDs were found in them. Skipping unneeded JARs during scanning can improve startup time and JSP compilation time.
28-Apr-2021 16:26:25.296 INFO [localhost-startStop-1] org.apache.catalina.startup.HostConfig.deployWAR Deployment of web application archive [D:\apache-tomcat-8.5.42\webapps\CalcServiceDemo.war] has finished in [49,700] ms
28-Apr-2021 16:26:27.191 INFO [localhost-startStop-1] org.apache.catalina.startup.HostConfig.deployWAR Deploying web application archive [D:\apache-tomcat-8.5.42\webapps\CmsNewProject.war]
28-Apr-2021 16:26:40.803 INFO [localhost-startStop-1] org.apache.jasper.servlet.TldScanner.scanJars At least one JAR was scanned for TLDs yet contained no TLDs. Enable debug logging for this logger for a complete list of JARs that were scanned but no TLDs were found in them. Skipping unneeded JARs during scanning can improve startup time and JSP compilation time.
28-Apr-2021 16:26:43.511 INFO [localhost-startStop-1] org.apache.catalina.startup.HostConfig.deployWAR Deployment of web application archive [D:\apache-tomcat-8.5.42\webapps\CmsNewProject.war] has finished in [16,318] ms
28-Apr-2021 16:26:43.569 INFO [localhost-startStop-1] org.apache.catalina.startup.HostConfig.deployWAR Deploying web application archive [D:\apache-tomcat-8.5.42\webapps\EmployServiceExample.war]
28-Apr-2021 16:26:58.398 INFO [localhost-startStop-1] org.apache.jasper.servlet.TldScanner.scanJars At least one JAR was scanned for TLDs yet contained no TLDs. Enable debug logging for this logger for a complete list of JARs that were scanned but no TLDs were found in them. Skipping unneeded JARs during scanning can improve startup time and JSP compilation time.
28-Apr-2021 16:27:00.338 INFO [localhost-startStop-1] org.apache.catalina.startup.HostConfig.deployWAR Deployment of web application archive [D:\apache-tomcat-8.5.42\webapps\EmployServiceExample.war] has finished in [16,770] ms
28-Apr-2021 16:27:01.510 INFO [localhost-startStop-1] org.apache.catalina.startup.HostConfig.deployWAR Deploying web application archive [D:\apache-tomcat-8.5.42\webapps\MavenHelloWorld.war]
28-Apr-2021 16:27:11.219 INFO [localhost-startStop-1] org.apache.jasper.servlet.TldScanner.scanJars At least one JAR was scanned for TLDs yet contained no TLDs. Enable debug logging for this logger for a complete list of JARs that were scanned but no TLDs were found in them. Skipping unneeded JARs during scanning can improve startup time and JSP compilation time.
28-Apr-2021 16:27:12.471 INFO [localhost-startStop-1] org.apache.catalina.startup.HostConfig.deployWAR Deployment of web application archive [D:\apache-tomcat-8.5.42\webapps\MavenHelloWorld.war] has finished in [10,961] ms
28-Apr-2021 16:27:12.615 INFO [localhost-startStop-1] org.apache.catalina.startup.HostConfig.deployWAR Deploying web application archive [D:\apache-tomcat-8.5.42\webapps\RestDbEmp.war]
28-Apr-2021 16:27:16.850 INFO [localhost-startStop-1] org.apache.jasper.servlet.TldScanner.scanJars At least one JAR was scanned for TLDs yet contained no TLDs. Enable debug logging for this logger for a complete list of JARs that were scanned but no TLDs were found in them. Skipping unneeded JARs during scanning can improve startup time and JSP compilation time.
28-Apr-2021 16:27:18.101 INFO [localhost-startStop-1] org.apache.catalina.startup.HostConfig.deployWAR Deployment of web application archive [D:\apache-tomcat-8.5.42\webapps\RestDbEmp.war] has finished in [5,485] ms
28-Apr-2021 16:27:18.131 INFO [localhost-startStop-1] org.apache.catalina.startup.HostConfig.deployWAR Deploying web application archive [D:\apache-tomcat-8.5.42\webapps\RestEmployCrud.war]
28-Apr-2021 16:27:25.240 INFO [localhost-startStop-1] org.apache.jasper.servlet.TldScanner.scanJars At least one JAR was scanned for TLDs yet contained no TLDs. Enable debug logging for this logger for a complete list of JARs that were scanned but no TLDs were found in them. Skipping unneeded JARs during scanning can improve startup time and JSP compilation time.
28-Apr-2021 16:27:26.176 INFO [localhost-startStop-1] org.apache.catalina.startup.HostConfig.deployWAR Deployment of web application archive [D:\apache-tomcat-8.5.42\webapps\RestEmployCrud.war] has finished in [8,044] ms
28-Apr-2021 16:27:26.233 INFO [localhost-startStop-1] org.apache.catalina.startup.HostConfig.deployWAR Deploying web application archive [D:\apache-tomcat-8.5.42\webapps\RestEmpNew.war]
28-Apr-2021 16:27:35.542 INFO [localhost-startStop-1] org.apache.jasper.servlet.TldScanner.scanJars At least one JAR was scanned for TLDs yet contained no TLDs. Enable debug logging for this logger for a complete list of JARs that were scanned but no TLDs were found in them. Skipping unneeded JARs during scanning can improve startup time and JSP compilation time.
28-Apr-2021 16:27:37.925 INFO [localhost-startStop-1] org.apache.catalina.startup.HostConfig.deployWAR Deployment of web application archive [D:\apache-tomcat-8.5.42\webapps\RestEmpNew.war] has finished in [11,692] ms
28-Apr-2021 16:27:37.988 INFO [localhost-startStop-1] org.apache.catalina.startup.HostConfig.deployWAR Deploying web application archive [D:\apache-tomcat-8.5.42\webapps\RestHello.war]
28-Apr-2021 16:27:42.663 INFO [localhost-startStop-1] org.apache.jasper.servlet.TldScanner.scanJars At least one JAR was scanned for TLDs yet contained no TLDs. Enable debug logging for this logger for a complete list of JARs that were scanned but no TLDs were found in them. Skipping unneeded JARs during scanning can improve startup time and JSP compilation time.
28-Apr-2021 16:27:43.782 INFO [localhost-startStop-1] org.apache.catalina.startup.HostConfig.deployWAR Deployment of web application archive [D:\apache-tomcat-8.5.42\webapps\RestHello.war] has finished in [5,794] ms
28-Apr-2021 16:27:43.839 INFO [localhost-startStop-1] org.apache.catalina.startup.HostConfig.deployWAR Deploying web application archive [D:\apache-tomcat-8.5.42\webapps\ServiceExample.war]
28-Apr-2021 16:27:48.924 INFO [localhost-startStop-1] org.apache.jasper.servlet.TldScanner.scanJars At least one JAR was scanned for TLDs yet contained no TLDs. Enable debug logging for this logger for a complete list of JARs that were scanned but no TLDs were found in them. Skipping unneeded JARs during scanning can improve startup time and JSP compilation time.
28-Apr-2021 16:27:51.555 INFO [localhost-startStop-1] org.apache.catalina.startup.HostConfig.deployWAR Deployment of web application archive [D:\apache-tomcat-8.5.42\webapps\ServiceExample.war] has finished in [7,715] ms
28-Apr-2021 16:27:51.748 INFO [localhost-startStop-1] org.apache.catalina.startup.HostConfig.deployWAR Deploying web application archive [D:\apache-tomcat-8.5.42\webapps\ServiceRepeat.war]
28-Apr-2021 16:27:52.728 INFO [localhost-startStop-1] org.apache.jasper.servlet.TldScanner.scanJars At least one JAR was scanned for TLDs yet contained no TLDs. Enable debug logging for this logger for a complete list of JARs that were scanned but no TLDs were found in them. Skipping unneeded JARs during scanning can improve startup time and JSP compilation time.
28-Apr-2021 16:27:53.570 INFO [localhost-startStop-1] org.apache.catalina.startup.HostConfig.deployWAR Deployment of web application archive [D:\apache-tomcat-8.5.42\webapps\ServiceRepeat.war] has finished in [1,823] ms
28-Apr-2021 16:27:53.572 INFO [localhost-startStop-1] org.apache.catalina.startup.HostConfig.deployDirectory Deploying web application directory [D:\apache-tomcat-8.5.42\webapps\docs]
28-Apr-2021 16:27:53.666 INFO [localhost-startStop-1] org.apache.catalina.startup.HostConfig.deployDirectory Deployment of web application directory [D:\apache-tomcat-8.5.42\webapps\docs] has finished in [94] ms
28-Apr-2021 16:27:53.667 INFO [localhost-startStop-1] org.apache.catalina.startup.HostConfig.deployDirectory Deploying web application directory [D:\apache-tomcat-8.5.42\webapps\examples]
28-Apr-2021 16:27:55.511 INFO [localhost-startStop-1] org.apache.catalina.startup.HostConfig.deployDirectory Deployment of web application directory [D:\apache-tomcat-8.5.42\webapps\examples] has finished in [1,844] ms
28-Apr-2021 16:27:55.513 INFO [localhost-startStop-1] org.apache.catalina.startup.HostConfig.deployDirectory Deploying web application directory [D:\apache-tomcat-8.5.42\webapps\host-manager]
28-Apr-2021 16:27:55.574 INFO [localhost-startStop-1] org.apache.catalina.startup.HostConfig.deployDirectory Deployment of web application directory [D:\apache-tomcat-8.5.42\webapps\host-manager] has finished in [60] ms
28-Apr-2021 16:27:55.579 INFO [localhost-startStop-1] org.apache.catalina.startup.HostConfig.deployDirectory Deploying web application directory [D:\apache-tomcat-8.5.42\webapps\manager]
28-Apr-2021 16:27:55.620 INFO [localhost-startStop-1] org.apache.catalina.startup.HostConfig.deployDirectory Deployment of web application directory [D:\apache-tomcat-8.5.42\webapps\manager] has finished in [41] ms
28-Apr-2021 16:27:55.621 INFO [localhost-startStop-1] org.apache.catalina.startup.HostConfig.deployDirectory Deploying web application directory [D:\apache-tomcat-8.5.42\webapps\ROOT]
28-Apr-2021 16:27:55.661 INFO [localhost-startStop-1] org.apache.catalina.startup.HostConfig.deployDirectory Deployment of web application directory [D:\apache-tomcat-8.5.42\webapps\ROOT] has finished in [39] ms
28-Apr-2021 16:27:55.672 INFO [main] org.apache.coyote.AbstractProtocol.start Starting ProtocolHandler ["http-nio-8181"]
28-Apr-2021 16:27:55.696 INFO [main] org.apache.coyote.AbstractProtocol.start Starting ProtocolHandler ["ajp-nio-8009"]
28-Apr-2021 16:27:55.703 INFO [main] org.apache.catalina.startup.Catalina.start Server startup in 140216 ms
