19-Jun-2021 13:00:45.491 INFO [main] org.apache.catalina.startup.VersionLoggerListener.log Server version:        Apache Tomcat/8.5.42
19-Jun-2021 13:00:45.601 INFO [main] org.apache.catalina.startup.VersionLoggerListener.log Server built:          Jun 4 2019 20:29:04 UTC
19-Jun-2021 13:00:45.602 INFO [main] org.apache.catalina.startup.VersionLoggerListener.log Server number:         8.5.42.0
19-Jun-2021 13:00:45.603 INFO [main] org.apache.catalina.startup.VersionLoggerListener.log OS Name:               Windows 10
19-Jun-2021 13:00:45.606 INFO [main] org.apache.catalina.startup.VersionLoggerListener.log OS Version:            10.0
19-Jun-2021 13:00:45.610 INFO [main] org.apache.catalina.startup.VersionLoggerListener.log Architecture:          amd64
19-Jun-2021 13:00:45.614 INFO [main] org.apache.catalina.startup.VersionLoggerListener.log Java Home:             C:\Program Files\Java\jre1.8.0_271
19-Jun-2021 13:00:45.640 INFO [main] org.apache.catalina.startup.VersionLoggerListener.log JVM Version:           1.8.0_271-b09
19-Jun-2021 13:00:45.643 INFO [main] org.apache.catalina.startup.VersionLoggerListener.log JVM Vendor:            Oracle Corporation
19-Jun-2021 13:00:45.644 INFO [main] org.apache.catalina.startup.VersionLoggerListener.log CATALINA_BASE:         D:\apache-tomcat-8.5.42
19-Jun-2021 13:00:45.645 INFO [main] org.apache.catalina.startup.VersionLoggerListener.log CATALINA_HOME:         D:\apache-tomcat-8.5.42
19-Jun-2021 13:00:45.647 INFO [main] org.apache.catalina.startup.VersionLoggerListener.log Command line argument: -Djava.util.logging.config.file=D:\apache-tomcat-8.5.42\conf\logging.properties
19-Jun-2021 13:00:45.651 INFO [main] org.apache.catalina.startup.VersionLoggerListener.log Command line argument: -Djava.util.logging.manager=org.apache.juli.ClassLoaderLogManager
19-Jun-2021 13:00:45.662 INFO [main] org.apache.catalina.startup.VersionLoggerListener.log Command line argument: -Djdk.tls.ephemeralDHKeySize=2048
19-Jun-2021 13:00:45.663 INFO [main] org.apache.catalina.startup.VersionLoggerListener.log Command line argument: -Djava.protocol.handler.pkgs=org.apache.catalina.webresources
19-Jun-2021 13:00:45.664 INFO [main] org.apache.catalina.startup.VersionLoggerListener.log Command line argument: -Dignore.endorsed.dirs=
19-Jun-2021 13:00:45.715 INFO [main] org.apache.catalina.startup.VersionLoggerListener.log Command line argument: -Dcatalina.base=D:\apache-tomcat-8.5.42
19-Jun-2021 13:00:45.726 INFO [main] org.apache.catalina.startup.VersionLoggerListener.log Command line argument: -Dcatalina.home=D:\apache-tomcat-8.5.42
19-Jun-2021 13:00:45.744 INFO [main] org.apache.catalina.startup.VersionLoggerListener.log Command line argument: -Djava.io.tmpdir=D:\apache-tomcat-8.5.42\temp
19-Jun-2021 13:00:45.758 INFO [main] org.apache.catalina.core.AprLifecycleListener.lifecycleEvent Loaded APR based Apache Tomcat Native library [1.2.21] using APR version [1.6.5].
19-Jun-2021 13:00:45.765 INFO [main] org.apache.catalina.core.AprLifecycleListener.lifecycleEvent APR capabilities: IPv6 [true], sendfile [true], accept filters [false], random [true].
19-Jun-2021 13:00:45.784 INFO [main] org.apache.catalina.core.AprLifecycleListener.lifecycleEvent APR/OpenSSL configuration: useAprConnector [false], useOpenSSL [true]
19-Jun-2021 13:00:45.944 INFO [main] org.apache.catalina.core.AprLifecycleListener.initializeSSL OpenSSL successfully initialized [OpenSSL 1.1.1a  20 Nov 2018]
19-Jun-2021 13:00:47.775 INFO [main] org.apache.coyote.AbstractProtocol.init Initializing ProtocolHandler ["http-nio-8181"]
19-Jun-2021 13:00:48.694 INFO [main] org.apache.tomcat.util.net.NioSelectorPool.getSharedSelector Using a shared selector for servlet write/read
19-Jun-2021 13:00:48.784 INFO [main] org.apache.coyote.AbstractProtocol.init Initializing ProtocolHandler ["ajp-nio-8009"]
19-Jun-2021 13:00:48.795 INFO [main] org.apache.tomcat.util.net.NioSelectorPool.getSharedSelector Using a shared selector for servlet write/read
19-Jun-2021 13:00:48.799 INFO [main] org.apache.catalina.startup.Catalina.load Initialization processed in 8408 ms
19-Jun-2021 13:00:49.006 INFO [main] org.apache.catalina.core.StandardService.startInternal Starting service [Catalina]
19-Jun-2021 13:00:49.007 INFO [main] org.apache.catalina.core.StandardEngine.startInternal Starting Servlet Engine: Apache Tomcat/8.5.42
19-Jun-2021 13:00:49.409 INFO [localhost-startStop-1] org.apache.catalina.startup.HostConfig.deployWAR Deploying web application archive [D:\apache-tomcat-8.5.42\webapps\CalcServiceDemo.war]
19-Jun-2021 13:01:16.266 INFO [localhost-startStop-1] org.apache.jasper.servlet.TldScanner.scanJars At least one JAR was scanned for TLDs yet contained no TLDs. Enable debug logging for this logger for a complete list of JARs that were scanned but no TLDs were found in them. Skipping unneeded JARs during scanning can improve startup time and JSP compilation time.
19-Jun-2021 13:01:21.740 INFO [localhost-startStop-1] org.apache.catalina.startup.HostConfig.deployWAR Deployment of web application archive [D:\apache-tomcat-8.5.42\webapps\CalcServiceDemo.war] has finished in [32,328] ms
19-Jun-2021 13:01:21.830 INFO [localhost-startStop-1] org.apache.catalina.startup.HostConfig.deployWAR Deploying web application archive [D:\apache-tomcat-8.5.42\webapps\CmsNewProject.war]
19-Jun-2021 13:01:32.220 INFO [localhost-startStop-1] org.apache.jasper.servlet.TldScanner.scanJars At least one JAR was scanned for TLDs yet contained no TLDs. Enable debug logging for this logger for a complete list of JARs that were scanned but no TLDs were found in them. Skipping unneeded JARs during scanning can improve startup time and JSP compilation time.
19-Jun-2021 13:01:38.629 INFO [localhost-startStop-1] org.apache.catalina.startup.HostConfig.deployWAR Deployment of web application archive [D:\apache-tomcat-8.5.42\webapps\CmsNewProject.war] has finished in [16,800] ms
19-Jun-2021 13:01:38.753 INFO [localhost-startStop-1] org.apache.catalina.startup.HostConfig.deployWAR Deploying web application archive [D:\apache-tomcat-8.5.42\webapps\EmployServiceExample.war]
19-Jun-2021 13:01:53.091 INFO [localhost-startStop-1] org.apache.jasper.servlet.TldScanner.scanJars At least one JAR was scanned for TLDs yet contained no TLDs. Enable debug logging for this logger for a complete list of JARs that were scanned but no TLDs were found in them. Skipping unneeded JARs during scanning can improve startup time and JSP compilation time.
19-Jun-2021 13:01:58.155 INFO [localhost-startStop-1] org.apache.catalina.startup.HostConfig.deployWAR Deployment of web application archive [D:\apache-tomcat-8.5.42\webapps\EmployServiceExample.war] has finished in [19,402] ms
19-Jun-2021 13:01:58.333 INFO [localhost-startStop-1] org.apache.catalina.startup.HostConfig.deployWAR Deploying web application archive [D:\apache-tomcat-8.5.42\webapps\MavenHelloWorld.war]
19-Jun-2021 13:02:07.024 INFO [localhost-startStop-1] org.apache.jasper.servlet.TldScanner.scanJars At least one JAR was scanned for TLDs yet contained no TLDs. Enable debug logging for this logger for a complete list of JARs that were scanned but no TLDs were found in them. Skipping unneeded JARs during scanning can improve startup time and JSP compilation time.
19-Jun-2021 13:02:12.450 INFO [localhost-startStop-1] org.apache.catalina.startup.HostConfig.deployWAR Deployment of web application archive [D:\apache-tomcat-8.5.42\webapps\MavenHelloWorld.war] has finished in [14,117] ms
19-Jun-2021 13:02:12.529 INFO [localhost-startStop-1] org.apache.catalina.startup.HostConfig.deployWAR Deploying web application archive [D:\apache-tomcat-8.5.42\webapps\RestDbEmp.war]
19-Jun-2021 13:02:24.832 INFO [localhost-startStop-1] org.apache.jasper.servlet.TldScanner.scanJars At least one JAR was scanned for TLDs yet contained no TLDs. Enable debug logging for this logger for a complete list of JARs that were scanned but no TLDs were found in them. Skipping unneeded JARs during scanning can improve startup time and JSP compilation time.
19-Jun-2021 13:02:29.029 INFO [localhost-startStop-1] org.apache.catalina.startup.HostConfig.deployWAR Deployment of web application archive [D:\apache-tomcat-8.5.42\webapps\RestDbEmp.war] has finished in [16,500] ms
19-Jun-2021 13:02:29.337 INFO [localhost-startStop-1] org.apache.catalina.startup.HostConfig.deployWAR Deploying web application archive [D:\apache-tomcat-8.5.42\webapps\RestEmployCrud.war]
19-Jun-2021 13:02:39.938 INFO [localhost-startStop-1] org.apache.jasper.servlet.TldScanner.scanJars At least one JAR was scanned for TLDs yet contained no TLDs. Enable debug logging for this logger for a complete list of JARs that were scanned but no TLDs were found in them. Skipping unneeded JARs during scanning can improve startup time and JSP compilation time.
19-Jun-2021 13:02:45.539 INFO [localhost-startStop-1] org.apache.catalina.startup.HostConfig.deployWAR Deployment of web application archive [D:\apache-tomcat-8.5.42\webapps\RestEmployCrud.war] has finished in [16,203] ms
19-Jun-2021 13:02:45.614 INFO [localhost-startStop-1] org.apache.catalina.startup.HostConfig.deployWAR Deploying web application archive [D:\apache-tomcat-8.5.42\webapps\RestEmpNew.war]
19-Jun-2021 13:03:03.072 INFO [localhost-startStop-1] org.apache.jasper.servlet.TldScanner.scanJars At least one JAR was scanned for TLDs yet contained no TLDs. Enable debug logging for this logger for a complete list of JARs that were scanned but no TLDs were found in them. Skipping unneeded JARs during scanning can improve startup time and JSP compilation time.
19-Jun-2021 13:03:11.782 INFO [localhost-startStop-1] org.apache.catalina.startup.HostConfig.deployWAR Deployment of web application archive [D:\apache-tomcat-8.5.42\webapps\RestEmpNew.war] has finished in [26,167] ms
19-Jun-2021 13:03:12.677 INFO [localhost-startStop-1] org.apache.catalina.startup.HostConfig.deployWAR Deploying web application archive [D:\apache-tomcat-8.5.42\webapps\RestHello.war]
19-Jun-2021 13:03:28.746 INFO [localhost-startStop-1] org.apache.jasper.servlet.TldScanner.scanJars At least one JAR was scanned for TLDs yet contained no TLDs. Enable debug logging for this logger for a complete list of JARs that were scanned but no TLDs were found in them. Skipping unneeded JARs during scanning can improve startup time and JSP compilation time.
19-Jun-2021 13:05:41.911 INFO [localhost-startStop-1] org.apache.catalina.startup.HostConfig.deployWAR Deployment of web application archive [D:\apache-tomcat-8.5.42\webapps\RestHello.war] has finished in [149,234] ms
19-Jun-2021 13:05:42.144 INFO [localhost-startStop-1] org.apache.catalina.startup.HostConfig.deployWAR Deploying web application archive [D:\apache-tomcat-8.5.42\webapps\ServiceExample.war]
19-Jun-2021 13:05:58.720 INFO [localhost-startStop-1] org.apache.jasper.servlet.TldScanner.scanJars At least one JAR was scanned for TLDs yet contained no TLDs. Enable debug logging for this logger for a complete list of JARs that were scanned but no TLDs were found in them. Skipping unneeded JARs during scanning can improve startup time and JSP compilation time.
19-Jun-2021 13:06:02.784 INFO [localhost-startStop-1] org.apache.catalina.startup.HostConfig.deployWAR Deployment of web application archive [D:\apache-tomcat-8.5.42\webapps\ServiceExample.war] has finished in [20,640] ms
19-Jun-2021 13:06:03.001 INFO [localhost-startStop-1] org.apache.catalina.startup.HostConfig.deployWAR Deploying web application archive [D:\apache-tomcat-8.5.42\webapps\ServiceRepeat.war]
19-Jun-2021 13:06:07.007 INFO [localhost-startStop-1] org.apache.jasper.servlet.TldScanner.scanJars At least one JAR was scanned for TLDs yet contained no TLDs. Enable debug logging for this logger for a complete list of JARs that were scanned but no TLDs were found in them. Skipping unneeded JARs during scanning can improve startup time and JSP compilation time.
19-Jun-2021 13:06:11.988 INFO [localhost-startStop-1] org.apache.catalina.startup.HostConfig.deployWAR Deployment of web application archive [D:\apache-tomcat-8.5.42\webapps\ServiceRepeat.war] has finished in [8,987] ms
19-Jun-2021 13:06:11.991 INFO [localhost-startStop-1] org.apache.catalina.startup.HostConfig.deployDirectory Deploying web application directory [D:\apache-tomcat-8.5.42\webapps\docs]
19-Jun-2021 13:06:12.140 INFO [localhost-startStop-1] org.apache.catalina.startup.HostConfig.deployDirectory Deployment of web application directory [D:\apache-tomcat-8.5.42\webapps\docs] has finished in [149] ms
19-Jun-2021 13:06:12.140 INFO [localhost-startStop-1] org.apache.catalina.startup.HostConfig.deployDirectory Deploying web application directory [D:\apache-tomcat-8.5.42\webapps\examples]
19-Jun-2021 13:06:18.296 INFO [localhost-startStop-1] org.apache.catalina.startup.HostConfig.deployDirectory Deployment of web application directory [D:\apache-tomcat-8.5.42\webapps\examples] has finished in [6,156] ms
19-Jun-2021 13:06:18.327 INFO [localhost-startStop-1] org.apache.catalina.startup.HostConfig.deployDirectory Deploying web application directory [D:\apache-tomcat-8.5.42\webapps\host-manager]
19-Jun-2021 13:06:18.518 INFO [localhost-startStop-1] org.apache.catalina.startup.HostConfig.deployDirectory Deployment of web application directory [D:\apache-tomcat-8.5.42\webapps\host-manager] has finished in [190] ms
19-Jun-2021 13:06:18.523 INFO [localhost-startStop-1] org.apache.catalina.startup.HostConfig.deployDirectory Deploying web application directory [D:\apache-tomcat-8.5.42\webapps\manager]
19-Jun-2021 13:06:18.620 INFO [localhost-startStop-1] org.apache.catalina.startup.HostConfig.deployDirectory Deployment of web application directory [D:\apache-tomcat-8.5.42\webapps\manager] has finished in [97] ms
19-Jun-2021 13:06:18.620 INFO [localhost-startStop-1] org.apache.catalina.startup.HostConfig.deployDirectory Deploying web application directory [D:\apache-tomcat-8.5.42\webapps\ROOT]
19-Jun-2021 13:06:18.757 INFO [localhost-startStop-1] org.apache.catalina.startup.HostConfig.deployDirectory Deployment of web application directory [D:\apache-tomcat-8.5.42\webapps\ROOT] has finished in [137] ms
19-Jun-2021 13:06:18.787 INFO [main] org.apache.coyote.AbstractProtocol.start Starting ProtocolHandler ["http-nio-8181"]
19-Jun-2021 13:06:18.835 INFO [main] org.apache.coyote.AbstractProtocol.start Starting ProtocolHandler ["ajp-nio-8009"]
19-Jun-2021 13:06:18.917 INFO [main] org.apache.catalina.startup.Catalina.start Server startup in 330113 ms
