27-Apr-2021 10:46:53.217 INFO [main] org.apache.catalina.startup.VersionLoggerListener.log Server version:        Apache Tomcat/8.5.42
27-Apr-2021 10:46:53.381 INFO [main] org.apache.catalina.startup.VersionLoggerListener.log Server built:          Jun 4 2019 20:29:04 UTC
27-Apr-2021 10:46:53.386 INFO [main] org.apache.catalina.startup.VersionLoggerListener.log Server number:         8.5.42.0
27-Apr-2021 10:46:53.400 INFO [main] org.apache.catalina.startup.VersionLoggerListener.log OS Name:               Windows 10
27-Apr-2021 10:46:53.405 INFO [main] org.apache.catalina.startup.VersionLoggerListener.log OS Version:            10.0
27-Apr-2021 10:46:53.407 INFO [main] org.apache.catalina.startup.VersionLoggerListener.log Architecture:          amd64
27-Apr-2021 10:46:53.407 INFO [main] org.apache.catalina.startup.VersionLoggerListener.log Java Home:             C:\Program Files\Java\jre1.8.0_271
27-Apr-2021 10:46:53.408 INFO [main] org.apache.catalina.startup.VersionLoggerListener.log JVM Version:           1.8.0_271-b09
27-Apr-2021 10:46:53.408 INFO [main] org.apache.catalina.startup.VersionLoggerListener.log JVM Vendor:            Oracle Corporation
27-Apr-2021 10:46:53.409 INFO [main] org.apache.catalina.startup.VersionLoggerListener.log CATALINA_BASE:         D:\apache-tomcat-8.5.42
27-Apr-2021 10:46:53.410 INFO [main] org.apache.catalina.startup.VersionLoggerListener.log CATALINA_HOME:         D:\apache-tomcat-8.5.42
27-Apr-2021 10:46:53.410 INFO [main] org.apache.catalina.startup.VersionLoggerListener.log Command line argument: -Djava.util.logging.config.file=D:\apache-tomcat-8.5.42\conf\logging.properties
27-Apr-2021 10:46:53.414 INFO [main] org.apache.catalina.startup.VersionLoggerListener.log Command line argument: -Djava.util.logging.manager=org.apache.juli.ClassLoaderLogManager
27-Apr-2021 10:46:53.415 INFO [main] org.apache.catalina.startup.VersionLoggerListener.log Command line argument: -Djdk.tls.ephemeralDHKeySize=2048
27-Apr-2021 10:46:53.415 INFO [main] org.apache.catalina.startup.VersionLoggerListener.log Command line argument: -Djava.protocol.handler.pkgs=org.apache.catalina.webresources
27-Apr-2021 10:46:53.415 INFO [main] org.apache.catalina.startup.VersionLoggerListener.log Command line argument: -Dignore.endorsed.dirs=
27-Apr-2021 10:46:53.417 INFO [main] org.apache.catalina.startup.VersionLoggerListener.log Command line argument: -Dcatalina.base=D:\apache-tomcat-8.5.42
27-Apr-2021 10:46:53.418 INFO [main] org.apache.catalina.startup.VersionLoggerListener.log Command line argument: -Dcatalina.home=D:\apache-tomcat-8.5.42
27-Apr-2021 10:46:53.419 INFO [main] org.apache.catalina.startup.VersionLoggerListener.log Command line argument: -Djava.io.tmpdir=D:\apache-tomcat-8.5.42\temp
27-Apr-2021 10:46:53.420 INFO [main] org.apache.catalina.core.AprLifecycleListener.lifecycleEvent Loaded APR based Apache Tomcat Native library [1.2.21] using APR version [1.6.5].
27-Apr-2021 10:46:53.422 INFO [main] org.apache.catalina.core.AprLifecycleListener.lifecycleEvent APR capabilities: IPv6 [true], sendfile [true], accept filters [false], random [true].
27-Apr-2021 10:46:53.423 INFO [main] org.apache.catalina.core.AprLifecycleListener.lifecycleEvent APR/OpenSSL configuration: useAprConnector [false], useOpenSSL [true]
27-Apr-2021 10:46:53.619 INFO [main] org.apache.catalina.core.AprLifecycleListener.initializeSSL OpenSSL successfully initialized [OpenSSL 1.1.1a  20 Nov 2018]
27-Apr-2021 10:46:55.250 INFO [main] org.apache.coyote.AbstractProtocol.init Initializing ProtocolHandler ["http-nio-8080"]
27-Apr-2021 10:46:55.463 SEVERE [main] org.apache.catalina.core.StandardService.initInternal Failed to initialize connector [Connector[HTTP/1.1-8080]]
	org.apache.catalina.LifecycleException: Failed to initialize component [Connector[HTTP/1.1-8080]]
		at org.apache.catalina.util.LifecycleBase.init(LifecycleBase.java:112)
		at org.apache.catalina.core.StandardService.initInternal(StandardService.java:552)
		at org.apache.catalina.util.LifecycleBase.init(LifecycleBase.java:107)
		at org.apache.catalina.core.StandardServer.initInternal(StandardServer.java:875)
		at org.apache.catalina.util.LifecycleBase.init(LifecycleBase.java:107)
		at org.apache.catalina.startup.Catalina.load(Catalina.java:639)
		at org.apache.catalina.startup.Catalina.load(Catalina.java:662)
		at sun.reflect.NativeMethodAccessorImpl.invoke0(Native Method)
		at sun.reflect.NativeMethodAccessorImpl.invoke(Unknown Source)
		at sun.reflect.DelegatingMethodAccessorImpl.invoke(Unknown Source)
		at java.lang.reflect.Method.invoke(Unknown Source)
		at org.apache.catalina.startup.Bootstrap.load(Bootstrap.java:309)
		at org.apache.catalina.startup.Bootstrap.main(Bootstrap.java:492)
	Caused by: org.apache.catalina.LifecycleException: Protocol handler initialization failed
		at org.apache.catalina.connector.Connector.initInternal(Connector.java:995)
		at org.apache.catalina.util.LifecycleBase.init(LifecycleBase.java:107)
		... 12 more
	Caused by: java.net.BindException: Address already in use: bind
		at sun.nio.ch.Net.bind0(Native Method)
		at sun.nio.ch.Net.bind(Unknown Source)
		at sun.nio.ch.Net.bind(Unknown Source)
		at sun.nio.ch.ServerSocketChannelImpl.bind(Unknown Source)
		at sun.nio.ch.ServerSocketAdaptor.bind(Unknown Source)
		at org.apache.tomcat.util.net.NioEndpoint.bind(NioEndpoint.java:219)
		at org.apache.tomcat.util.net.AbstractEndpoint.init(AbstractEndpoint.java:1118)
		at org.apache.tomcat.util.net.AbstractJsseEndpoint.init(AbstractJsseEndpoint.java:224)
		at org.apache.coyote.AbstractProtocol.init(AbstractProtocol.java:581)
		at org.apache.coyote.http11.AbstractHttp11Protocol.init(AbstractHttp11Protocol.java:68)
		at org.apache.catalina.connector.Connector.initInternal(Connector.java:993)
		... 13 more
27-Apr-2021 10:46:55.505 INFO [main] org.apache.coyote.AbstractProtocol.init Initializing ProtocolHandler ["ajp-nio-8009"]
27-Apr-2021 10:46:56.684 INFO [main] org.apache.tomcat.util.net.NioSelectorPool.getSharedSelector Using a shared selector for servlet write/read
27-Apr-2021 10:46:56.745 INFO [main] org.apache.catalina.startup.Catalina.load Initialization processed in 6527 ms
27-Apr-2021 10:46:57.194 INFO [main] org.apache.catalina.core.StandardService.startInternal Starting service [Catalina]
27-Apr-2021 10:46:57.200 INFO [main] org.apache.catalina.core.StandardEngine.startInternal Starting Servlet Engine: Apache Tomcat/8.5.42
27-Apr-2021 10:46:58.186 INFO [localhost-startStop-1] org.apache.catalina.startup.HostConfig.deployWAR Deploying web application archive [D:\apache-tomcat-8.5.42\webapps\CmsNewProject.war]
27-Apr-2021 10:47:14.083 INFO [localhost-startStop-1] org.apache.jasper.servlet.TldScanner.scanJars At least one JAR was scanned for TLDs yet contained no TLDs. Enable debug logging for this logger for a complete list of JARs that were scanned but no TLDs were found in them. Skipping unneeded JARs during scanning can improve startup time and JSP compilation time.
27-Apr-2021 10:47:25.393 INFO [localhost-startStop-1] org.apache.catalina.startup.HostConfig.deployWAR Deployment of web application archive [D:\apache-tomcat-8.5.42\webapps\CmsNewProject.war] has finished in [27,200] ms
27-Apr-2021 10:47:25.420 INFO [localhost-startStop-1] org.apache.catalina.startup.HostConfig.deployWAR Deploying web application archive [D:\apache-tomcat-8.5.42\webapps\MavenHelloWorld.war]
27-Apr-2021 10:47:35.472 INFO [localhost-startStop-1] org.apache.jasper.servlet.TldScanner.scanJars At least one JAR was scanned for TLDs yet contained no TLDs. Enable debug logging for this logger for a complete list of JARs that were scanned but no TLDs were found in them. Skipping unneeded JARs during scanning can improve startup time and JSP compilation time.
27-Apr-2021 10:47:40.907 INFO [localhost-startStop-1] org.apache.catalina.startup.HostConfig.deployWAR Deployment of web application archive [D:\apache-tomcat-8.5.42\webapps\MavenHelloWorld.war] has finished in [15,487] ms
27-Apr-2021 10:47:41.054 INFO [localhost-startStop-1] org.apache.catalina.startup.HostConfig.deployWAR Deploying web application archive [D:\apache-tomcat-8.5.42\webapps\RestEmployCrud.war]
27-Apr-2021 10:47:55.189 INFO [localhost-startStop-1] org.apache.jasper.servlet.TldScanner.scanJars At least one JAR was scanned for TLDs yet contained no TLDs. Enable debug logging for this logger for a complete list of JARs that were scanned but no TLDs were found in them. Skipping unneeded JARs during scanning can improve startup time and JSP compilation time.
27-Apr-2021 10:47:57.202 INFO [localhost-startStop-1] org.apache.catalina.startup.HostConfig.deployWAR Deployment of web application archive [D:\apache-tomcat-8.5.42\webapps\RestEmployCrud.war] has finished in [16,148] ms
27-Apr-2021 10:47:57.326 INFO [localhost-startStop-1] org.apache.catalina.startup.HostConfig.deployWAR Deploying web application archive [D:\apache-tomcat-8.5.42\webapps\RestEmpNew.war]
27-Apr-2021 10:48:06.076 INFO [localhost-startStop-1] org.apache.jasper.servlet.TldScanner.scanJars At least one JAR was scanned for TLDs yet contained no TLDs. Enable debug logging for this logger for a complete list of JARs that were scanned but no TLDs were found in them. Skipping unneeded JARs during scanning can improve startup time and JSP compilation time.
27-Apr-2021 10:48:09.840 INFO [localhost-startStop-1] org.apache.catalina.startup.HostConfig.deployWAR Deployment of web application archive [D:\apache-tomcat-8.5.42\webapps\RestEmpNew.war] has finished in [12,514] ms
27-Apr-2021 10:48:10.000 INFO [localhost-startStop-1] org.apache.catalina.startup.HostConfig.deployWAR Deploying web application archive [D:\apache-tomcat-8.5.42\webapps\RestHello.war]
27-Apr-2021 10:48:12.524 INFO [localhost-startStop-1] org.apache.jasper.servlet.TldScanner.scanJars At least one JAR was scanned for TLDs yet contained no TLDs. Enable debug logging for this logger for a complete list of JARs that were scanned but no TLDs were found in them. Skipping unneeded JARs during scanning can improve startup time and JSP compilation time.
27-Apr-2021 10:48:17.194 INFO [localhost-startStop-1] org.apache.catalina.startup.HostConfig.deployWAR Deployment of web application archive [D:\apache-tomcat-8.5.42\webapps\RestHello.war] has finished in [7,194] ms
27-Apr-2021 10:48:17.348 INFO [localhost-startStop-1] org.apache.catalina.startup.HostConfig.deployWAR Deploying web application archive [D:\apache-tomcat-8.5.42\webapps\ServiceRepeat.war]
27-Apr-2021 10:48:35.844 INFO [localhost-startStop-1] org.apache.jasper.servlet.TldScanner.scanJars At least one JAR was scanned for TLDs yet contained no TLDs. Enable debug logging for this logger for a complete list of JARs that were scanned but no TLDs were found in them. Skipping unneeded JARs during scanning can improve startup time and JSP compilation time.
27-Apr-2021 10:48:37.450 INFO [localhost-startStop-1] org.apache.catalina.startup.HostConfig.deployWAR Deployment of web application archive [D:\apache-tomcat-8.5.42\webapps\ServiceRepeat.war] has finished in [20,101] ms
27-Apr-2021 10:48:38.201 INFO [localhost-startStop-1] org.apache.catalina.startup.HostConfig.deployDirectory Deploying web application directory [D:\apache-tomcat-8.5.42\webapps\docs]
27-Apr-2021 10:48:39.092 INFO [localhost-startStop-1] org.apache.catalina.startup.HostConfig.deployDirectory Deployment of web application directory [D:\apache-tomcat-8.5.42\webapps\docs] has finished in [890] ms
27-Apr-2021 10:48:39.095 INFO [localhost-startStop-1] org.apache.catalina.startup.HostConfig.deployDirectory Deploying web application directory [D:\apache-tomcat-8.5.42\webapps\examples]
27-Apr-2021 10:49:15.308 INFO [localhost-startStop-1] org.apache.catalina.startup.HostConfig.deployDirectory Deployment of web application directory [D:\apache-tomcat-8.5.42\webapps\examples] has finished in [36,215] ms
27-Apr-2021 10:49:15.309 INFO [localhost-startStop-1] org.apache.catalina.startup.HostConfig.deployDirectory Deploying web application directory [D:\apache-tomcat-8.5.42\webapps\host-manager]
27-Apr-2021 10:49:15.820 INFO [localhost-startStop-1] org.apache.catalina.startup.HostConfig.deployDirectory Deployment of web application directory [D:\apache-tomcat-8.5.42\webapps\host-manager] has finished in [511] ms
27-Apr-2021 10:49:15.832 INFO [localhost-startStop-1] org.apache.catalina.startup.HostConfig.deployDirectory Deploying web application directory [D:\apache-tomcat-8.5.42\webapps\manager]
27-Apr-2021 10:49:15.982 INFO [localhost-startStop-1] org.apache.catalina.startup.HostConfig.deployDirectory Deployment of web application directory [D:\apache-tomcat-8.5.42\webapps\manager] has finished in [150] ms
27-Apr-2021 10:49:15.984 INFO [localhost-startStop-1] org.apache.catalina.startup.HostConfig.deployDirectory Deploying web application directory [D:\apache-tomcat-8.5.42\webapps\ROOT]
27-Apr-2021 10:49:16.043 INFO [localhost-startStop-1] org.apache.catalina.startup.HostConfig.deployDirectory Deployment of web application directory [D:\apache-tomcat-8.5.42\webapps\ROOT] has finished in [59] ms
27-Apr-2021 10:49:16.117 INFO [main] org.apache.coyote.AbstractProtocol.start Starting ProtocolHandler ["ajp-nio-8009"]
27-Apr-2021 10:49:16.209 INFO [main] org.apache.catalina.startup.Catalina.start Server startup in 139450 ms
27-Apr-2021 10:49:26.314 INFO [localhost-startStop-2] org.apache.catalina.startup.HostConfig.deployWAR Deploying web application archive [D:\apache-tomcat-8.5.42\webapps\ServiceExample.war]
27-Apr-2021 10:49:37.524 INFO [localhost-startStop-2] org.apache.jasper.servlet.TldScanner.scanJars At least one JAR was scanned for TLDs yet contained no TLDs. Enable debug logging for this logger for a complete list of JARs that were scanned but no TLDs were found in them. Skipping unneeded JARs during scanning can improve startup time and JSP compilation time.
27-Apr-2021 10:49:42.644 INFO [localhost-startStop-2] org.apache.catalina.startup.HostConfig.deployWAR Deployment of web application archive [D:\apache-tomcat-8.5.42\webapps\ServiceExample.war] has finished in [16,330] ms
27-Apr-2021 10:51:45.319 INFO [Thread-4] org.apache.coyote.AbstractProtocol.pause Pausing ProtocolHandler ["http-nio-8080"]
27-Apr-2021 10:51:45.321 INFO [Thread-4] org.apache.coyote.AbstractProtocol.pause Pausing ProtocolHandler ["ajp-nio-8009"]
27-Apr-2021 10:51:45.858 INFO [Thread-4] org.apache.catalina.core.StandardService.stopInternal Stopping service [Catalina]
27-Apr-2021 10:51:46.140 INFO [Thread-4] org.apache.coyote.AbstractProtocol.stop Stopping ProtocolHandler ["ajp-nio-8009"]
27-Apr-2021 10:51:46.197 INFO [Thread-4] org.apache.coyote.AbstractProtocol.stop Stopping ProtocolHandler ["http-nio-8080"]
27-Apr-2021 10:51:46.198 INFO [Thread-4] org.apache.coyote.AbstractProtocol.destroy Destroying ProtocolHandler ["http-nio-8080"]
27-Apr-2021 10:51:46.203 INFO [Thread-4] org.apache.coyote.AbstractProtocol.destroy Destroying ProtocolHandler ["ajp-nio-8009"]
27-Apr-2021 10:51:53.886 INFO [main] org.apache.catalina.startup.VersionLoggerListener.log Server version:        Apache Tomcat/8.5.42
27-Apr-2021 10:51:53.895 INFO [main] org.apache.catalina.startup.VersionLoggerListener.log Server built:          Jun 4 2019 20:29:04 UTC
27-Apr-2021 10:51:53.896 INFO [main] org.apache.catalina.startup.VersionLoggerListener.log Server number:         8.5.42.0
27-Apr-2021 10:51:53.897 INFO [main] org.apache.catalina.startup.VersionLoggerListener.log OS Name:               Windows 10
27-Apr-2021 10:51:53.898 INFO [main] org.apache.catalina.startup.VersionLoggerListener.log OS Version:            10.0
27-Apr-2021 10:51:53.899 INFO [main] org.apache.catalina.startup.VersionLoggerListener.log Architecture:          amd64
27-Apr-2021 10:51:53.900 INFO [main] org.apache.catalina.startup.VersionLoggerListener.log Java Home:             C:\Program Files\Java\jre1.8.0_271
27-Apr-2021 10:51:53.920 INFO [main] org.apache.catalina.startup.VersionLoggerListener.log JVM Version:           1.8.0_271-b09
27-Apr-2021 10:51:53.923 INFO [main] org.apache.catalina.startup.VersionLoggerListener.log JVM Vendor:            Oracle Corporation
27-Apr-2021 10:51:53.923 INFO [main] org.apache.catalina.startup.VersionLoggerListener.log CATALINA_BASE:         D:\apache-tomcat-8.5.42
27-Apr-2021 10:51:53.924 INFO [main] org.apache.catalina.startup.VersionLoggerListener.log CATALINA_HOME:         D:\apache-tomcat-8.5.42
27-Apr-2021 10:51:53.924 INFO [main] org.apache.catalina.startup.VersionLoggerListener.log Command line argument: -Djava.util.logging.config.file=D:\apache-tomcat-8.5.42\conf\logging.properties
27-Apr-2021 10:51:53.925 INFO [main] org.apache.catalina.startup.VersionLoggerListener.log Command line argument: -Djava.util.logging.manager=org.apache.juli.ClassLoaderLogManager
27-Apr-2021 10:51:53.926 INFO [main] org.apache.catalina.startup.VersionLoggerListener.log Command line argument: -Djdk.tls.ephemeralDHKeySize=2048
27-Apr-2021 10:51:53.928 INFO [main] org.apache.catalina.startup.VersionLoggerListener.log Command line argument: -Djava.protocol.handler.pkgs=org.apache.catalina.webresources
27-Apr-2021 10:51:53.928 INFO [main] org.apache.catalina.startup.VersionLoggerListener.log Command line argument: -Dignore.endorsed.dirs=
27-Apr-2021 10:51:53.929 INFO [main] org.apache.catalina.startup.VersionLoggerListener.log Command line argument: -Dcatalina.base=D:\apache-tomcat-8.5.42
27-Apr-2021 10:51:53.931 INFO [main] org.apache.catalina.startup.VersionLoggerListener.log Command line argument: -Dcatalina.home=D:\apache-tomcat-8.5.42
27-Apr-2021 10:51:53.940 INFO [main] org.apache.catalina.startup.VersionLoggerListener.log Command line argument: -Djava.io.tmpdir=D:\apache-tomcat-8.5.42\temp
27-Apr-2021 10:51:53.943 INFO [main] org.apache.catalina.core.AprLifecycleListener.lifecycleEvent Loaded APR based Apache Tomcat Native library [1.2.21] using APR version [1.6.5].
27-Apr-2021 10:51:53.946 INFO [main] org.apache.catalina.core.AprLifecycleListener.lifecycleEvent APR capabilities: IPv6 [true], sendfile [true], accept filters [false], random [true].
27-Apr-2021 10:51:53.948 INFO [main] org.apache.catalina.core.AprLifecycleListener.lifecycleEvent APR/OpenSSL configuration: useAprConnector [false], useOpenSSL [true]
27-Apr-2021 10:51:53.969 INFO [main] org.apache.catalina.core.AprLifecycleListener.initializeSSL OpenSSL successfully initialized [OpenSSL 1.1.1a  20 Nov 2018]
27-Apr-2021 10:51:54.621 INFO [main] org.apache.coyote.AbstractProtocol.init Initializing ProtocolHandler ["http-nio-8181"]
27-Apr-2021 10:51:56.264 INFO [main] org.apache.tomcat.util.net.NioSelectorPool.getSharedSelector Using a shared selector for servlet write/read
27-Apr-2021 10:51:56.404 INFO [main] org.apache.coyote.AbstractProtocol.init Initializing ProtocolHandler ["ajp-nio-8009"]
27-Apr-2021 10:51:56.490 INFO [main] org.apache.tomcat.util.net.NioSelectorPool.getSharedSelector Using a shared selector for servlet write/read
27-Apr-2021 10:51:56.512 INFO [main] org.apache.catalina.startup.Catalina.load Initialization processed in 3720 ms
27-Apr-2021 10:51:56.738 INFO [main] org.apache.catalina.core.StandardService.startInternal Starting service [Catalina]
27-Apr-2021 10:51:56.740 INFO [main] org.apache.catalina.core.StandardEngine.startInternal Starting Servlet Engine: Apache Tomcat/8.5.42
27-Apr-2021 10:51:56.920 INFO [localhost-startStop-1] org.apache.catalina.startup.HostConfig.deployWAR Deploying web application archive [D:\apache-tomcat-8.5.42\webapps\CmsNewProject.war]
27-Apr-2021 10:52:04.961 INFO [localhost-startStop-1] org.apache.jasper.servlet.TldScanner.scanJars At least one JAR was scanned for TLDs yet contained no TLDs. Enable debug logging for this logger for a complete list of JARs that were scanned but no TLDs were found in them. Skipping unneeded JARs during scanning can improve startup time and JSP compilation time.
27-Apr-2021 10:52:14.860 INFO [localhost-startStop-1] org.apache.catalina.startup.HostConfig.deployWAR Deployment of web application archive [D:\apache-tomcat-8.5.42\webapps\CmsNewProject.war] has finished in [17,937] ms
27-Apr-2021 10:52:14.874 INFO [localhost-startStop-1] org.apache.catalina.startup.HostConfig.deployWAR Deploying web application archive [D:\apache-tomcat-8.5.42\webapps\MavenHelloWorld.war]
27-Apr-2021 10:52:23.508 INFO [localhost-startStop-1] org.apache.jasper.servlet.TldScanner.scanJars At least one JAR was scanned for TLDs yet contained no TLDs. Enable debug logging for this logger for a complete list of JARs that were scanned but no TLDs were found in them. Skipping unneeded JARs during scanning can improve startup time and JSP compilation time.
27-Apr-2021 10:52:28.919 INFO [localhost-startStop-1] org.apache.catalina.startup.HostConfig.deployWAR Deployment of web application archive [D:\apache-tomcat-8.5.42\webapps\MavenHelloWorld.war] has finished in [14,045] ms
27-Apr-2021 10:52:28.927 INFO [localhost-startStop-1] org.apache.catalina.startup.HostConfig.deployWAR Deploying web application archive [D:\apache-tomcat-8.5.42\webapps\RestEmployCrud.war]
27-Apr-2021 10:52:37.057 INFO [localhost-startStop-1] org.apache.jasper.servlet.TldScanner.scanJars At least one JAR was scanned for TLDs yet contained no TLDs. Enable debug logging for this logger for a complete list of JARs that were scanned but no TLDs were found in them. Skipping unneeded JARs during scanning can improve startup time and JSP compilation time.
27-Apr-2021 10:52:42.054 INFO [localhost-startStop-1] org.apache.catalina.startup.HostConfig.deployWAR Deployment of web application archive [D:\apache-tomcat-8.5.42\webapps\RestEmployCrud.war] has finished in [13,128] ms
27-Apr-2021 10:52:42.056 INFO [localhost-startStop-1] org.apache.catalina.startup.HostConfig.deployWAR Deploying web application archive [D:\apache-tomcat-8.5.42\webapps\RestEmpNew.war]
27-Apr-2021 10:52:48.628 INFO [localhost-startStop-1] org.apache.jasper.servlet.TldScanner.scanJars At least one JAR was scanned for TLDs yet contained no TLDs. Enable debug logging for this logger for a complete list of JARs that were scanned but no TLDs were found in them. Skipping unneeded JARs during scanning can improve startup time and JSP compilation time.
27-Apr-2021 10:52:50.725 INFO [localhost-startStop-1] org.apache.catalina.startup.HostConfig.deployWAR Deployment of web application archive [D:\apache-tomcat-8.5.42\webapps\RestEmpNew.war] has finished in [8,669] ms
27-Apr-2021 10:52:50.728 INFO [localhost-startStop-1] org.apache.catalina.startup.HostConfig.deployWAR Deploying web application archive [D:\apache-tomcat-8.5.42\webapps\RestHello.war]
27-Apr-2021 10:52:54.854 INFO [localhost-startStop-1] org.apache.jasper.servlet.TldScanner.scanJars At least one JAR was scanned for TLDs yet contained no TLDs. Enable debug logging for this logger for a complete list of JARs that were scanned but no TLDs were found in them. Skipping unneeded JARs during scanning can improve startup time and JSP compilation time.
27-Apr-2021 10:52:57.242 INFO [localhost-startStop-1] org.apache.catalina.startup.HostConfig.deployWAR Deployment of web application archive [D:\apache-tomcat-8.5.42\webapps\RestHello.war] has finished in [6,513] ms
27-Apr-2021 10:52:57.394 INFO [localhost-startStop-1] org.apache.catalina.startup.HostConfig.deployWAR Deploying web application archive [D:\apache-tomcat-8.5.42\webapps\ServiceExample.war]
27-Apr-2021 10:53:03.578 INFO [localhost-startStop-1] org.apache.jasper.servlet.TldScanner.scanJars At least one JAR was scanned for TLDs yet contained no TLDs. Enable debug logging for this logger for a complete list of JARs that were scanned but no TLDs were found in them. Skipping unneeded JARs during scanning can improve startup time and JSP compilation time.
27-Apr-2021 10:53:09.353 INFO [localhost-startStop-1] org.apache.catalina.startup.HostConfig.deployWAR Deployment of web application archive [D:\apache-tomcat-8.5.42\webapps\ServiceExample.war] has finished in [11,959] ms
27-Apr-2021 10:53:09.355 INFO [localhost-startStop-1] org.apache.catalina.startup.HostConfig.deployWAR Deploying web application archive [D:\apache-tomcat-8.5.42\webapps\ServiceRepeat.war]
27-Apr-2021 10:53:10.594 INFO [localhost-startStop-1] org.apache.jasper.servlet.TldScanner.scanJars At least one JAR was scanned for TLDs yet contained no TLDs. Enable debug logging for this logger for a complete list of JARs that were scanned but no TLDs were found in them. Skipping unneeded JARs during scanning can improve startup time and JSP compilation time.
27-Apr-2021 10:53:16.110 INFO [localhost-startStop-1] org.apache.catalina.startup.HostConfig.deployWAR Deployment of web application archive [D:\apache-tomcat-8.5.42\webapps\ServiceRepeat.war] has finished in [6,755] ms
27-Apr-2021 10:53:16.114 INFO [localhost-startStop-1] org.apache.catalina.startup.HostConfig.deployDirectory Deploying web application directory [D:\apache-tomcat-8.5.42\webapps\docs]
27-Apr-2021 10:53:16.222 INFO [localhost-startStop-1] org.apache.catalina.startup.HostConfig.deployDirectory Deployment of web application directory [D:\apache-tomcat-8.5.42\webapps\docs] has finished in [108] ms
27-Apr-2021 10:53:16.223 INFO [localhost-startStop-1] org.apache.catalina.startup.HostConfig.deployDirectory Deploying web application directory [D:\apache-tomcat-8.5.42\webapps\examples]
27-Apr-2021 10:53:17.656 INFO [localhost-startStop-1] org.apache.catalina.startup.HostConfig.deployDirectory Deployment of web application directory [D:\apache-tomcat-8.5.42\webapps\examples] has finished in [1,432] ms
27-Apr-2021 10:53:17.664 INFO [localhost-startStop-1] org.apache.catalina.startup.HostConfig.deployDirectory Deploying web application directory [D:\apache-tomcat-8.5.42\webapps\host-manager]
27-Apr-2021 10:53:17.811 INFO [localhost-startStop-1] org.apache.catalina.startup.HostConfig.deployDirectory Deployment of web application directory [D:\apache-tomcat-8.5.42\webapps\host-manager] has finished in [147] ms
27-Apr-2021 10:53:17.821 INFO [localhost-startStop-1] org.apache.catalina.startup.HostConfig.deployDirectory Deploying web application directory [D:\apache-tomcat-8.5.42\webapps\manager]
27-Apr-2021 10:53:17.938 INFO [localhost-startStop-1] org.apache.catalina.startup.HostConfig.deployDirectory Deployment of web application directory [D:\apache-tomcat-8.5.42\webapps\manager] has finished in [118] ms
27-Apr-2021 10:53:17.969 INFO [localhost-startStop-1] org.apache.catalina.startup.HostConfig.deployDirectory Deploying web application directory [D:\apache-tomcat-8.5.42\webapps\ROOT]
27-Apr-2021 10:53:18.116 INFO [localhost-startStop-1] org.apache.catalina.startup.HostConfig.deployDirectory Deployment of web application directory [D:\apache-tomcat-8.5.42\webapps\ROOT] has finished in [147] ms
27-Apr-2021 10:53:18.142 INFO [main] org.apache.coyote.AbstractProtocol.start Starting ProtocolHandler ["http-nio-8181"]
27-Apr-2021 10:53:18.193 INFO [main] org.apache.coyote.AbstractProtocol.start Starting ProtocolHandler ["ajp-nio-8009"]
27-Apr-2021 10:53:18.214 INFO [main] org.apache.catalina.startup.Catalina.start Server startup in 81691 ms
27-Apr-2021 10:59:30.963 INFO [ContainerBackgroundProcessor[StandardEngine[Catalina]]] org.apache.catalina.startup.HostConfig.undeploy Undeploying context [/ServiceExample]
27-Apr-2021 10:59:35.765 INFO [localhost-startStop-2] org.apache.catalina.startup.HostConfig.deployWAR Deploying web application archive [D:\apache-tomcat-8.5.42\webapps\ServiceExample.war]
27-Apr-2021 11:00:05.449 INFO [localhost-startStop-2] org.apache.jasper.servlet.TldScanner.scanJars At least one JAR was scanned for TLDs yet contained no TLDs. Enable debug logging for this logger for a complete list of JARs that were scanned but no TLDs were found in them. Skipping unneeded JARs during scanning can improve startup time and JSP compilation time.
27-Apr-2021 11:00:11.190 INFO [localhost-startStop-2] org.apache.catalina.startup.HostConfig.deployWAR Deployment of web application archive [D:\apache-tomcat-8.5.42\webapps\ServiceExample.war] has finished in [35,425] ms
27-Apr-2021 11:08:03.921 INFO [ContainerBackgroundProcessor[StandardEngine[Catalina]]] org.apache.catalina.startup.HostConfig.undeploy Undeploying context [/ServiceExample]
27-Apr-2021 11:08:04.203 INFO [localhost-startStop-3] org.apache.catalina.startup.HostConfig.deployWAR Deploying web application archive [D:\apache-tomcat-8.5.42\webapps\ServiceExample.war]
27-Apr-2021 11:08:18.035 INFO [localhost-startStop-3] org.apache.jasper.servlet.TldScanner.scanJars At least one JAR was scanned for TLDs yet contained no TLDs. Enable debug logging for this logger for a complete list of JARs that were scanned but no TLDs were found in them. Skipping unneeded JARs during scanning can improve startup time and JSP compilation time.
27-Apr-2021 11:08:21.178 INFO [localhost-startStop-3] org.apache.catalina.startup.HostConfig.deployWAR Deployment of web application archive [D:\apache-tomcat-8.5.42\webapps\ServiceExample.war] has finished in [16,974] ms
27-Apr-2021 11:58:38.704 INFO [localhost-startStop-4] org.apache.catalina.startup.HostConfig.deployWAR Deploying web application archive [D:\apache-tomcat-8.5.42\webapps\EmployServiceExample.war]
27-Apr-2021 11:59:00.320 INFO [localhost-startStop-4] org.apache.jasper.servlet.TldScanner.scanJars At least one JAR was scanned for TLDs yet contained no TLDs. Enable debug logging for this logger for a complete list of JARs that were scanned but no TLDs were found in them. Skipping unneeded JARs during scanning can improve startup time and JSP compilation time.
27-Apr-2021 11:59:07.569 INFO [localhost-startStop-4] org.apache.catalina.startup.HostConfig.deployWAR Deployment of web application archive [D:\apache-tomcat-8.5.42\webapps\EmployServiceExample.war] has finished in [28,864] ms
27-Apr-2021 12:02:28.372 INFO [ContainerBackgroundProcessor[StandardEngine[Catalina]]] org.apache.catalina.startup.HostConfig.undeploy Undeploying context [/EmployServiceExample]
27-Apr-2021 12:02:39.446 INFO [localhost-startStop-5] org.apache.catalina.startup.HostConfig.deployWAR Deploying web application archive [D:\apache-tomcat-8.5.42\webapps\EmployServiceExample.war]
27-Apr-2021 12:02:55.240 INFO [localhost-startStop-5] org.apache.jasper.servlet.TldScanner.scanJars At least one JAR was scanned for TLDs yet contained no TLDs. Enable debug logging for this logger for a complete list of JARs that were scanned but no TLDs were found in them. Skipping unneeded JARs during scanning can improve startup time and JSP compilation time.
27-Apr-2021 12:03:00.817 INFO [localhost-startStop-5] org.apache.catalina.startup.HostConfig.deployWAR Deployment of web application archive [D:\apache-tomcat-8.5.42\webapps\EmployServiceExample.war] has finished in [21,370] ms
27-Apr-2021 12:09:41.525 INFO [ContainerBackgroundProcessor[StandardEngine[Catalina]]] org.apache.catalina.startup.HostConfig.undeploy Undeploying context [/EmployServiceExample]
27-Apr-2021 12:09:41.569 WARNING [ContainerBackgroundProcessor[StandardEngine[Catalina]]] org.apache.catalina.loader.WebappClassLoaderBase.clearReferencesJdbc JDBC driver de-registration failed for web application [EmployServiceExample]
	java.lang.IllegalStateException: java.io.FileNotFoundException: D:\apache-tomcat-8.5.42\webapps\EmployServiceExample\WEB-INF\lib\aopalliance-repackaged-2.5.0-b32.jar (The system cannot find the path specified)
		at org.apache.catalina.webresources.AbstractSingleArchiveResourceSet.getArchiveEntry(AbstractSingleArchiveResourceSet.java:100)
		at org.apache.catalina.webresources.AbstractArchiveResourceSet.getResource(AbstractArchiveResourceSet.java:257)
		at org.apache.catalina.webresources.StandardRoot.getResourceInternal(StandardRoot.java:281)
		at org.apache.catalina.webresources.Cache.getResource(Cache.java:62)
		at org.apache.catalina.webresources.StandardRoot.getResource(StandardRoot.java:216)
		at org.apache.catalina.webresources.StandardRoot.getClassLoaderResource(StandardRoot.java:225)
		at org.apache.catalina.loader.WebappClassLoaderBase.findClassInternal(WebappClassLoaderBase.java:2285)
		at org.apache.catalina.loader.WebappClassLoaderBase.findClass(WebappClassLoaderBase.java:859)
		at org.apache.catalina.loader.WebappClassLoaderBase.loadClass(WebappClassLoaderBase.java:1333)
		at org.apache.catalina.loader.WebappClassLoaderBase.loadClass(WebappClassLoaderBase.java:1185)
		at oracle.jdbc.driver.OracleDriver.deregister(OracleDriver.java:525)
		at java.sql.DriverManager.deregisterDriver(Unknown Source)
		at org.apache.catalina.loader.JdbcLeakPrevention.clearJdbcDriverRegistrations(JdbcLeakPrevention.java:73)
		at sun.reflect.NativeMethodAccessorImpl.invoke0(Native Method)
		at sun.reflect.NativeMethodAccessorImpl.invoke(Unknown Source)
		at sun.reflect.DelegatingMethodAccessorImpl.invoke(Unknown Source)
		at java.lang.reflect.Method.invoke(Unknown Source)
		at org.apache.catalina.loader.WebappClassLoaderBase.clearReferencesJdbc(WebappClassLoaderBase.java:1681)
		at org.apache.catalina.loader.WebappClassLoaderBase.clearReferences(WebappClassLoaderBase.java:1604)
		at org.apache.catalina.loader.WebappClassLoaderBase.stop(WebappClassLoaderBase.java:1556)
		at org.apache.catalina.loader.WebappLoader.stopInternal(WebappLoader.java:446)
		at org.apache.catalina.util.LifecycleBase.stop(LifecycleBase.java:226)
		at org.apache.catalina.core.StandardContext.stopInternal(StandardContext.java:5510)
		at org.apache.catalina.util.LifecycleBase.stop(LifecycleBase.java:226)
		at org.apache.catalina.core.ContainerBase.removeChild(ContainerBase.java:845)
		at org.apache.catalina.startup.HostConfig.undeploy(HostConfig.java:1427)
		at org.apache.catalina.startup.HostConfig.checkResources(HostConfig.java:1336)
		at org.apache.catalina.startup.HostConfig.check(HostConfig.java:1613)
		at org.apache.catalina.startup.HostConfig.lifecycleEvent(HostConfig.java:314)
		at org.apache.catalina.util.LifecycleBase.fireLifecycleEvent(LifecycleBase.java:94)
		at org.apache.catalina.core.ContainerBase.backgroundProcess(ContainerBase.java:1170)
		at org.apache.catalina.core.ContainerBase$ContainerBackgroundProcessor.processChildren(ContainerBase.java:1392)
		at org.apache.catalina.core.ContainerBase$ContainerBackgroundProcessor.processChildren(ContainerBase.java:1396)
		at org.apache.catalina.core.ContainerBase$ContainerBackgroundProcessor.run(ContainerBase.java:1364)
		at java.lang.Thread.run(Unknown Source)
	Caused by: java.io.FileNotFoundException: D:\apache-tomcat-8.5.42\webapps\EmployServiceExample\WEB-INF\lib\aopalliance-repackaged-2.5.0-b32.jar (The system cannot find the path specified)
		at java.util.zip.ZipFile.open(Native Method)
		at java.util.zip.ZipFile.<init>(Unknown Source)
		at java.util.zip.ZipFile.<init>(Unknown Source)
		at java.util.jar.JarFile.<init>(Unknown Source)
		at java.util.jar.JarFile.<init>(Unknown Source)
		at org.apache.tomcat.util.compat.JreCompat.jarFileNewInstance(JreCompat.java:196)
		at org.apache.tomcat.util.compat.JreCompat.jarFileNewInstance(JreCompat.java:181)
		at org.apache.catalina.webresources.AbstractArchiveResourceSet.openJarFile(AbstractArchiveResourceSet.java:308)
		at org.apache.catalina.webresources.AbstractSingleArchiveResourceSet.getArchiveEntry(AbstractSingleArchiveResourceSet.java:96)
		... 34 more
27-Apr-2021 12:09:41.587 WARNING [ContainerBackgroundProcessor[StandardEngine[Catalina]]] org.apache.catalina.loader.WebappClassLoaderBase.clearReferencesThreads The web application [EmployServiceExample] appears to have started a thread named [Timer-0] but has failed to stop it. This is very likely to create a memory leak. Stack trace of thread:
 java.lang.Object.wait(Native Method)
 java.lang.Object.wait(Unknown Source)
 java.util.TimerThread.mainLoop(Unknown Source)
 java.util.TimerThread.run(Unknown Source)
27-Apr-2021 12:09:41.603 WARNING [ContainerBackgroundProcessor[StandardEngine[Catalina]]] org.apache.catalina.loader.WebappClassLoaderBase.clearReferencesThreads The web application [EmployServiceExample] appears to have started a thread named [oracle.jdbc.driver.BlockSource.ThreadedCachingBlockSource.BlockReleaser] but has failed to stop it. This is very likely to create a memory leak. Stack trace of thread:
 java.lang.Object.wait(Native Method)
 oracle.jdbc.driver.BlockSource$ThreadedCachingBlockSource$BlockReleaser.run(BlockSource.java:331)
27-Apr-2021 12:09:41.609 WARNING [ContainerBackgroundProcessor[StandardEngine[Catalina]]] org.apache.catalina.loader.WebappClassLoaderBase.clearReferencesThreads The web application [EmployServiceExample] appears to have started a thread named [InterruptTimer] but has failed to stop it. This is very likely to create a memory leak. Stack trace of thread:
 java.lang.Object.wait(Native Method)
 java.util.TimerThread.mainLoop(Unknown Source)
 java.util.TimerThread.run(Unknown Source)
27-Apr-2021 12:09:41.648 INFO [localhost-startStop-6] org.apache.catalina.startup.HostConfig.deployWAR Deploying web application archive [D:\apache-tomcat-8.5.42\webapps\EmployServiceExample.war]
27-Apr-2021 12:09:57.136 INFO [localhost-startStop-6] org.apache.jasper.servlet.TldScanner.scanJars At least one JAR was scanned for TLDs yet contained no TLDs. Enable debug logging for this logger for a complete list of JARs that were scanned but no TLDs were found in them. Skipping unneeded JARs during scanning can improve startup time and JSP compilation time.
27-Apr-2021 12:09:59.507 INFO [localhost-startStop-6] org.apache.catalina.startup.HostConfig.deployWAR Deployment of web application archive [D:\apache-tomcat-8.5.42\webapps\EmployServiceExample.war] has finished in [17,859] ms
27-Apr-2021 16:57:36.925 INFO [ContainerBackgroundProcessor[StandardEngine[Catalina]]] org.apache.catalina.startup.HostConfig.undeploy Undeploying context [/EmployServiceExample]
27-Apr-2021 16:57:38.785 WARNING [ContainerBackgroundProcessor[StandardEngine[Catalina]]] org.apache.catalina.loader.WebappClassLoaderBase.clearReferencesJdbc JDBC driver de-registration failed for web application [EmployServiceExample]
	java.lang.IllegalStateException: java.io.FileNotFoundException: D:\apache-tomcat-8.5.42\webapps\EmployServiceExample\WEB-INF\lib\aopalliance-repackaged-2.5.0-b32.jar (The system cannot find the path specified)
		at org.apache.catalina.webresources.AbstractSingleArchiveResourceSet.getArchiveEntry(AbstractSingleArchiveResourceSet.java:100)
		at org.apache.catalina.webresources.AbstractArchiveResourceSet.getResource(AbstractArchiveResourceSet.java:257)
		at org.apache.catalina.webresources.StandardRoot.getResourceInternal(StandardRoot.java:281)
		at org.apache.catalina.webresources.Cache.getResource(Cache.java:62)
		at org.apache.catalina.webresources.StandardRoot.getResource(StandardRoot.java:216)
		at org.apache.catalina.webresources.StandardRoot.getClassLoaderResource(StandardRoot.java:225)
		at org.apache.catalina.loader.WebappClassLoaderBase.findClassInternal(WebappClassLoaderBase.java:2285)
		at org.apache.catalina.loader.WebappClassLoaderBase.findClass(WebappClassLoaderBase.java:859)
		at org.apache.catalina.loader.WebappClassLoaderBase.loadClass(WebappClassLoaderBase.java:1333)
		at org.apache.catalina.loader.WebappClassLoaderBase.loadClass(WebappClassLoaderBase.java:1185)
		at oracle.jdbc.driver.OracleDriver.deregister(OracleDriver.java:525)
		at java.sql.DriverManager.deregisterDriver(Unknown Source)
		at org.apache.catalina.loader.JdbcLeakPrevention.clearJdbcDriverRegistrations(JdbcLeakPrevention.java:73)
		at sun.reflect.NativeMethodAccessorImpl.invoke0(Native Method)
		at sun.reflect.NativeMethodAccessorImpl.invoke(Unknown Source)
		at sun.reflect.DelegatingMethodAccessorImpl.invoke(Unknown Source)
		at java.lang.reflect.Method.invoke(Unknown Source)
		at org.apache.catalina.loader.WebappClassLoaderBase.clearReferencesJdbc(WebappClassLoaderBase.java:1681)
		at org.apache.catalina.loader.WebappClassLoaderBase.clearReferences(WebappClassLoaderBase.java:1604)
		at org.apache.catalina.loader.WebappClassLoaderBase.stop(WebappClassLoaderBase.java:1556)
		at org.apache.catalina.loader.WebappLoader.stopInternal(WebappLoader.java:446)
		at org.apache.catalina.util.LifecycleBase.stop(LifecycleBase.java:226)
		at org.apache.catalina.core.StandardContext.stopInternal(StandardContext.java:5510)
		at org.apache.catalina.util.LifecycleBase.stop(LifecycleBase.java:226)
		at org.apache.catalina.core.ContainerBase.removeChild(ContainerBase.java:845)
		at org.apache.catalina.startup.HostConfig.undeploy(HostConfig.java:1427)
		at org.apache.catalina.startup.HostConfig.checkResources(HostConfig.java:1354)
		at org.apache.catalina.startup.HostConfig.check(HostConfig.java:1613)
		at org.apache.catalina.startup.HostConfig.lifecycleEvent(HostConfig.java:314)
		at org.apache.catalina.util.LifecycleBase.fireLifecycleEvent(LifecycleBase.java:94)
		at org.apache.catalina.core.ContainerBase.backgroundProcess(ContainerBase.java:1170)
		at org.apache.catalina.core.ContainerBase$ContainerBackgroundProcessor.processChildren(ContainerBase.java:1392)
		at org.apache.catalina.core.ContainerBase$ContainerBackgroundProcessor.processChildren(ContainerBase.java:1396)
		at org.apache.catalina.core.ContainerBase$ContainerBackgroundProcessor.run(ContainerBase.java:1364)
		at java.lang.Thread.run(Unknown Source)
	Caused by: java.io.FileNotFoundException: D:\apache-tomcat-8.5.42\webapps\EmployServiceExample\WEB-INF\lib\aopalliance-repackaged-2.5.0-b32.jar (The system cannot find the path specified)
		at java.util.zip.ZipFile.open(Native Method)
		at java.util.zip.ZipFile.<init>(Unknown Source)
		at java.util.zip.ZipFile.<init>(Unknown Source)
		at java.util.jar.JarFile.<init>(Unknown Source)
		at java.util.jar.JarFile.<init>(Unknown Source)
		at org.apache.tomcat.util.compat.JreCompat.jarFileNewInstance(JreCompat.java:196)
		at org.apache.tomcat.util.compat.JreCompat.jarFileNewInstance(JreCompat.java:181)
		at org.apache.catalina.webresources.AbstractArchiveResourceSet.openJarFile(AbstractArchiveResourceSet.java:308)
		at org.apache.catalina.webresources.AbstractSingleArchiveResourceSet.getArchiveEntry(AbstractSingleArchiveResourceSet.java:96)
		... 34 more
27-Apr-2021 16:57:39.311 WARNING [ContainerBackgroundProcessor[StandardEngine[Catalina]]] org.apache.catalina.loader.WebappClassLoaderBase.clearReferencesThreads The web application [EmployServiceExample] appears to have started a thread named [Timer-1] but has failed to stop it. This is very likely to create a memory leak. Stack trace of thread:
 java.lang.Object.wait(Native Method)
 java.lang.Object.wait(Unknown Source)
 java.util.TimerThread.mainLoop(Unknown Source)
 java.util.TimerThread.run(Unknown Source)
27-Apr-2021 16:57:39.323 WARNING [ContainerBackgroundProcessor[StandardEngine[Catalina]]] org.apache.catalina.loader.WebappClassLoaderBase.clearReferencesThreads The web application [EmployServiceExample] appears to have started a thread named [oracle.jdbc.driver.BlockSource.ThreadedCachingBlockSource.BlockReleaser] but has failed to stop it. This is very likely to create a memory leak. Stack trace of thread:
 java.lang.Object.wait(Native Method)
 oracle.jdbc.driver.BlockSource$ThreadedCachingBlockSource$BlockReleaser.run(BlockSource.java:331)
27-Apr-2021 16:57:39.340 WARNING [ContainerBackgroundProcessor[StandardEngine[Catalina]]] org.apache.catalina.loader.WebappClassLoaderBase.clearReferencesThreads The web application [EmployServiceExample] appears to have started a thread named [InterruptTimer] but has failed to stop it. This is very likely to create a memory leak. Stack trace of thread:
 java.lang.Object.wait(Native Method)
 java.util.TimerThread.mainLoop(Unknown Source)
 java.util.TimerThread.run(Unknown Source)
27-Apr-2021 16:57:41.585 INFO [localhost-startStop-7] org.apache.catalina.startup.HostConfig.deployWAR Deploying web application archive [D:\apache-tomcat-8.5.42\webapps\EmployServiceExample.war]
27-Apr-2021 16:59:01.148 INFO [localhost-startStop-7] org.apache.jasper.servlet.TldScanner.scanJars At least one JAR was scanned for TLDs yet contained no TLDs. Enable debug logging for this logger for a complete list of JARs that were scanned but no TLDs were found in them. Skipping unneeded JARs during scanning can improve startup time and JSP compilation time.
27-Apr-2021 16:59:15.782 INFO [localhost-startStop-7] org.apache.catalina.startup.HostConfig.deployWAR Deployment of web application archive [D:\apache-tomcat-8.5.42\webapps\EmployServiceExample.war] has finished in [94,173] ms
