27-Apr-2021 10:49:15.145 INFO [localhost-startStop-1] org.apache.catalina.core.ApplicationContext.log ContextListener: contextInitialized()
27-Apr-2021 10:49:15.145 INFO [localhost-startStop-1] org.apache.catalina.core.ApplicationContext.log SessionListener: contextInitialized()
27-Apr-2021 10:49:15.147 INFO [localhost-startStop-1] org.apache.catalina.core.ApplicationContext.log ContextListener: attributeAdded('StockTicker', 'async.Stockticker@e98f26f')
27-Apr-2021 10:51:45.997 INFO [localhost-startStop-3] org.apache.catalina.core.ApplicationContext.log SessionListener: contextDestroyed()
27-Apr-2021 10:51:45.998 INFO [localhost-startStop-3] org.apache.catalina.core.ApplicationContext.log ContextListener: contextDestroyed()
27-Apr-2021 10:53:17.626 INFO [localhost-startStop-1] org.apache.catalina.core.ApplicationContext.log ContextListener: contextInitialized()
27-Apr-2021 10:53:17.627 INFO [localhost-startStop-1] org.apache.catalina.core.ApplicationContext.log SessionListener: contextInitialized()
27-Apr-2021 10:53:17.633 INFO [localhost-startStop-1] org.apache.catalina.core.ApplicationContext.log ContextListener: attributeAdded('StockTicker', 'async.Stockticker@7be671d6')
27-Apr-2021 11:59:25.479 SEVERE [http-nio-8181-exec-24] org.apache.catalina.core.StandardWrapperValve.invoke Servlet.service() for servlet [Jersey Web Application] in context with path [/EmployServiceExample] threw exception [java.util.MissingResourceException: Can't find bundle for base name db, locale en_IN] with root cause
	java.util.MissingResourceException: Can't find bundle for base name db, locale en_IN
		at java.util.ResourceBundle.throwMissingResourceException(Unknown Source)
		at java.util.ResourceBundle.getBundleImpl(Unknown Source)
		at java.util.ResourceBundle.getBundle(Unknown Source)
		at g1.EmployServiceExample.ConnectionHelper.getConnection(ConnectionHelper.java:10)
		at g1.EmployServiceExample.EmployDAO.showEmploy(EmployDAO.java:11)
		at g1.EmployServiceExample.EmployService.showEmploy(EmployService.java:17)
		at sun.reflect.NativeMethodAccessorImpl.invoke0(Native Method)
		at sun.reflect.NativeMethodAccessorImpl.invoke(Unknown Source)
		at sun.reflect.DelegatingMethodAccessorImpl.invoke(Unknown Source)
		at java.lang.reflect.Method.invoke(Unknown Source)
		at org.glassfish.jersey.server.model.internal.ResourceMethodInvocationHandlerFactory$1.invoke(ResourceMethodInvocationHandlerFactory.java:81)
		at org.glassfish.jersey.server.model.internal.AbstractJavaResourceMethodDispatcher$1.run(AbstractJavaResourceMethodDispatcher.java:144)
		at org.glassfish.jersey.server.model.internal.AbstractJavaResourceMethodDispatcher.invoke(AbstractJavaResourceMethodDispatcher.java:161)
		at org.glassfish.jersey.server.model.internal.JavaResourceMethodDispatcherProvider$TypeOutInvoker.doDispatch(JavaResourceMethodDispatcherProvider.java:205)
		at org.glassfish.jersey.server.model.internal.AbstractJavaResourceMethodDispatcher.dispatch(AbstractJavaResourceMethodDispatcher.java:99)
		at org.glassfish.jersey.server.model.ResourceMethodInvoker.invoke(ResourceMethodInvoker.java:389)
		at org.glassfish.jersey.server.model.ResourceMethodInvoker.apply(ResourceMethodInvoker.java:347)
		at org.glassfish.jersey.server.model.ResourceMethodInvoker.apply(ResourceMethodInvoker.java:102)
		at org.glassfish.jersey.server.ServerRuntime$2.run(ServerRuntime.java:326)
		at org.glassfish.jersey.internal.Errors$1.call(Errors.java:271)
		at org.glassfish.jersey.internal.Errors$1.call(Errors.java:267)
		at org.glassfish.jersey.internal.Errors.process(Errors.java:315)
		at org.glassfish.jersey.internal.Errors.process(Errors.java:297)
		at org.glassfish.jersey.internal.Errors.process(Errors.java:267)
		at org.glassfish.jersey.process.internal.RequestScope.runInScope(RequestScope.java:317)
		at org.glassfish.jersey.server.ServerRuntime.process(ServerRuntime.java:305)
		at org.glassfish.jersey.server.ApplicationHandler.handle(ApplicationHandler.java:1154)
		at org.glassfish.jersey.servlet.WebComponent.serviceImpl(WebComponent.java:473)
		at org.glassfish.jersey.servlet.WebComponent.service(WebComponent.java:427)
		at org.glassfish.jersey.servlet.ServletContainer.service(ServletContainer.java:388)
		at org.glassfish.jersey.servlet.ServletContainer.service(ServletContainer.java:341)
		at org.glassfish.jersey.servlet.ServletContainer.service(ServletContainer.java:228)
		at org.apache.catalina.core.ApplicationFilterChain.internalDoFilter(ApplicationFilterChain.java:231)
		at org.apache.catalina.core.ApplicationFilterChain.doFilter(ApplicationFilterChain.java:166)
		at org.apache.tomcat.websocket.server.WsFilter.doFilter(WsFilter.java:52)
		at org.apache.catalina.core.ApplicationFilterChain.internalDoFilter(ApplicationFilterChain.java:193)
		at org.apache.catalina.core.ApplicationFilterChain.doFilter(ApplicationFilterChain.java:166)
		at org.apache.catalina.core.StandardWrapperValve.invoke(StandardWrapperValve.java:199)
		at org.apache.catalina.core.StandardContextValve.invoke(StandardContextValve.java:96)
		at org.apache.catalina.authenticator.AuthenticatorBase.invoke(AuthenticatorBase.java:493)
		at org.apache.catalina.core.StandardHostValve.invoke(StandardHostValve.java:137)
		at org.apache.catalina.valves.ErrorReportValve.invoke(ErrorReportValve.java:81)
		at org.apache.catalina.valves.AbstractAccessLogValve.invoke(AbstractAccessLogValve.java:660)
		at org.apache.catalina.core.StandardEngineValve.invoke(StandardEngineValve.java:87)
		at org.apache.catalina.connector.CoyoteAdapter.service(CoyoteAdapter.java:343)
		at org.apache.coyote.http11.Http11Processor.service(Http11Processor.java:798)
		at org.apache.coyote.AbstractProcessorLight.process(AbstractProcessorLight.java:66)
		at org.apache.coyote.AbstractProtocol$ConnectionHandler.process(AbstractProtocol.java:808)
		at org.apache.tomcat.util.net.NioEndpoint$SocketProcessor.doRun(NioEndpoint.java:1498)
		at org.apache.tomcat.util.net.SocketProcessorBase.run(SocketProcessorBase.java:49)
		at java.util.concurrent.ThreadPoolExecutor.runWorker(Unknown Source)
		at java.util.concurrent.ThreadPoolExecutor$Worker.run(Unknown Source)
		at org.apache.tomcat.util.threads.TaskThread$WrappingRunnable.run(TaskThread.java:61)
		at java.lang.Thread.run(Unknown Source)
