29-Apr-2021 12:29:19.493 INFO [localhost-startStop-1] org.apache.catalina.core.ApplicationContext.log ContextListener: contextInitialized()
29-Apr-2021 12:29:19.496 INFO [localhost-startStop-1] org.apache.catalina.core.ApplicationContext.log SessionListener: contextInitialized()
29-Apr-2021 12:29:19.507 INFO [localhost-startStop-1] org.apache.catalina.core.ApplicationContext.log ContextListener: attributeAdded('StockTicker', 'async.Stockticker@4e74ac87')
29-Apr-2021 14:11:15.626 SEVERE [http-nio-8181-exec-11] org.apache.catalina.core.StandardWrapperValve.invoke Servlet.service() for servlet [Jersey Web Application] in context with path [/RestDbEmp] threw exception [org.glassfish.jersey.server.ContainerException: java.lang.StackOverflowError] with root cause
	java.lang.StackOverflowError
		at org.me.rest.BankService.searchAccount(BankService.java:39)
		at org.me.rest.BankService.searchAccount(BankService.java:39)
		at org.me.rest.BankService.searchAccount(BankService.java:39)
		at org.me.rest.BankService.searchAccount(BankService.java:39)
		at org.me.rest.BankService.searchAccount(BankService.java:39)
		at org.me.rest.BankService.searchAccount(BankService.java:39)
		at org.me.rest.BankService.searchAccount(BankService.java:39)
		at org.me.rest.BankService.searchAccount(BankService.java:39)
		at org.me.rest.BankService.searchAccount(BankService.java:39)
		at org.me.rest.BankService.searchAccount(BankService.java:39)
		at org.me.rest.BankService.searchAccount(BankService.java:39)
		at org.me.rest.BankService.searchAccount(BankService.java:39)
		at org.me.rest.BankService.searchAccount(BankService.java:39)
		at org.me.rest.BankService.searchAccount(BankService.java:39)
		at org.me.rest.BankService.searchAccount(BankService.java:39)
		at org.me.rest.BankService.searchAccount(BankService.java:39)
		at org.me.rest.BankService.searchAccount(BankService.java:39)
		at org.me.rest.BankService.searchAccount(BankService.java:39)
		at org.me.rest.BankService.searchAccount(BankService.java:39)
		at org.me.rest.BankService.searchAccount(BankService.java:39)
		at org.me.rest.BankService.searchAccount(BankService.java:39)
		at org.me.rest.BankService.searchAccount(BankService.java:39)
		at org.me.rest.BankService.searchAccount(BankService.java:39)
		at org.me.rest.BankService.searchAccount(BankService.java:39)
		at org.me.rest.BankService.searchAccount(BankService.java:39)
		at org.me.rest.BankService.searchAccount(BankService.java:39)
		at org.me.rest.BankService.searchAccount(BankService.java:39)
		at org.me.rest.BankService.searchAccount(BankService.java:39)
		at org.me.rest.BankService.searchAccount(BankService.java:39)
		at org.me.rest.BankService.searchAccount(BankService.java:39)
		at org.me.rest.BankService.searchAccount(BankService.java:39)
		at org.me.rest.BankService.searchAccount(BankService.java:39)
		at org.me.rest.BankService.searchAccount(BankService.java:39)
		at org.me.rest.BankService.searchAccount(BankService.java:39)
		at org.me.rest.BankService.searchAccount(BankService.java:39)
		at org.me.rest.BankService.searchAccount(BankService.java:39)
		at org.me.rest.BankService.searchAccount(BankService.java:39)
		at org.me.rest.BankService.searchAccount(BankService.java:39)
		at org.me.rest.BankService.searchAccount(BankService.java:39)
		at org.me.rest.BankService.searchAccount(BankService.java:39)
		at org.me.rest.BankService.searchAccount(BankService.java:39)
		at org.me.rest.BankService.searchAccount(BankService.java:39)
		at org.me.rest.BankService.searchAccount(BankService.java:39)
		at org.me.rest.BankService.searchAccount(BankService.java:39)
		at org.me.rest.BankService.searchAccount(BankService.java:39)
		at org.me.rest.BankService.searchAccount(BankService.java:39)
		at org.me.rest.BankService.searchAccount(BankService.java:39)
		at org.me.rest.BankService.searchAccount(BankService.java:39)
		at org.me.rest.BankService.searchAccount(BankService.java:39)
		at org.me.rest.BankService.searchAccount(BankService.java:39)
		at org.me.rest.BankService.searchAccount(BankService.java:39)
		at org.me.rest.BankService.searchAccount(BankService.java:39)
		at org.me.rest.BankService.searchAccount(BankService.java:39)
		at org.me.rest.BankService.searchAccount(BankService.java:39)
		at org.me.rest.BankService.searchAccount(BankService.java:39)
		at org.me.rest.BankService.searchAccount(BankService.java:39)
		at org.me.rest.BankService.searchAccount(BankService.java:39)
		at org.me.rest.BankService.searchAccount(BankService.java:39)
		at org.me.rest.BankService.searchAccount(BankService.java:39)
		at org.me.rest.BankService.searchAccount(BankService.java:39)
		at org.me.rest.BankService.searchAccount(BankService.java:39)
		at org.me.rest.BankService.searchAccount(BankService.java:39)
		at org.me.rest.BankService.searchAccount(BankService.java:39)
		at org.me.rest.BankService.searchAccount(BankService.java:39)
		at org.me.rest.BankService.searchAccount(BankService.java:39)
		at org.me.rest.BankService.searchAccount(BankService.java:39)
		at org.me.rest.BankService.searchAccount(BankService.java:39)
		at org.me.rest.BankService.searchAccount(BankService.java:39)
		at org.me.rest.BankService.searchAccount(BankService.java:39)
		at org.me.rest.BankService.searchAccount(BankService.java:39)
		at org.me.rest.BankService.searchAccount(BankService.java:39)
		at org.me.rest.BankService.searchAccount(BankService.java:39)
		at org.me.rest.BankService.searchAccount(BankService.java:39)
		at org.me.rest.BankService.searchAccount(BankService.java:39)
		at org.me.rest.BankService.searchAccount(BankService.java:39)
		at org.me.rest.BankService.searchAccount(BankService.java:39)
		at org.me.rest.BankService.searchAccount(BankService.java:39)
		at org.me.rest.BankService.searchAccount(BankService.java:39)
		at org.me.rest.BankService.searchAccount(BankService.java:39)
		at org.me.rest.BankService.searchAccount(BankService.java:39)
		at org.me.rest.BankService.searchAccount(BankService.java:39)
		at org.me.rest.BankService.searchAccount(BankService.java:39)
		at org.me.rest.BankService.searchAccount(BankService.java:39)
		at org.me.rest.BankService.searchAccount(BankService.java:39)
		at org.me.rest.BankService.searchAccount(BankService.java:39)
		at org.me.rest.BankService.searchAccount(BankService.java:39)
		at org.me.rest.BankService.searchAccount(BankService.java:39)
		at org.me.rest.BankService.searchAccount(BankService.java:39)
		at org.me.rest.BankService.searchAccount(BankService.java:39)
		at org.me.rest.BankService.searchAccount(BankService.java:39)
		at org.me.rest.BankService.searchAccount(BankService.java:39)
		at org.me.rest.BankService.searchAccount(BankService.java:39)
		at org.me.rest.BankService.searchAccount(BankService.java:39)
		at org.me.rest.BankService.searchAccount(BankService.java:39)
		at org.me.rest.BankService.searchAccount(BankService.java:39)
		at org.me.rest.BankService.searchAccount(BankService.java:39)
		at org.me.rest.BankService.searchAccount(BankService.java:39)
		at org.me.rest.BankService.searchAccount(BankService.java:39)
		at org.me.rest.BankService.searchAccount(BankService.java:39)
		at org.me.rest.BankService.searchAccount(BankService.java:39)
		at org.me.rest.BankService.searchAccount(BankService.java:39)
		at org.me.rest.BankService.searchAccount(BankService.java:39)
		at org.me.rest.BankService.searchAccount(BankService.java:39)
		at org.me.rest.BankService.searchAccount(BankService.java:39)
		at org.me.rest.BankService.searchAccount(BankService.java:39)
		at org.me.rest.BankService.searchAccount(BankService.java:39)
		at org.me.rest.BankService.searchAccount(BankService.java:39)
		at org.me.rest.BankService.searchAccount(BankService.java:39)
		at org.me.rest.BankService.searchAccount(BankService.java:39)
		at org.me.rest.BankService.searchAccount(BankService.java:39)
		at org.me.rest.BankService.searchAccount(BankService.java:39)
		at org.me.rest.BankService.searchAccount(BankService.java:39)
		at org.me.rest.BankService.searchAccount(BankService.java:39)
		at org.me.rest.BankService.searchAccount(BankService.java:39)
		at org.me.rest.BankService.searchAccount(BankService.java:39)
		at org.me.rest.BankService.searchAccount(BankService.java:39)
		at org.me.rest.BankService.searchAccount(BankService.java:39)
		at org.me.rest.BankService.searchAccount(BankService.java:39)
		at org.me.rest.BankService.searchAccount(BankService.java:39)
		at org.me.rest.BankService.searchAccount(BankService.java:39)
		at org.me.rest.BankService.searchAccount(BankService.java:39)
		at org.me.rest.BankService.searchAccount(BankService.java:39)
		at org.me.rest.BankService.searchAccount(BankService.java:39)
		at org.me.rest.BankService.searchAccount(BankService.java:39)
		at org.me.rest.BankService.searchAccount(BankService.java:39)
		at org.me.rest.BankService.searchAccount(BankService.java:39)
		at org.me.rest.BankService.searchAccount(BankService.java:39)
		at org.me.rest.BankService.searchAccount(BankService.java:39)
		at org.me.rest.BankService.searchAccount(BankService.java:39)
		at org.me.rest.BankService.searchAccount(BankService.java:39)
		at org.me.rest.BankService.searchAccount(BankService.java:39)
		at org.me.rest.BankService.searchAccount(BankService.java:39)
		at org.me.rest.BankService.searchAccount(BankService.java:39)
		at org.me.rest.BankService.searchAccount(BankService.java:39)
		at org.me.rest.BankService.searchAccount(BankService.java:39)
		at org.me.rest.BankService.searchAccount(BankService.java:39)
		at org.me.rest.BankService.searchAccount(BankService.java:39)
		at org.me.rest.BankService.searchAccount(BankService.java:39)
		at org.me.rest.BankService.searchAccount(BankService.java:39)
		at org.me.rest.BankService.searchAccount(BankService.java:39)
		at org.me.rest.BankService.searchAccount(BankService.java:39)
		at org.me.rest.BankService.searchAccount(BankService.java:39)
		at org.me.rest.BankService.searchAccount(BankService.java:39)
		at org.me.rest.BankService.searchAccount(BankService.java:39)
		at org.me.rest.BankService.searchAccount(BankService.java:39)
		at org.me.rest.BankService.searchAccount(BankService.java:39)
		at org.me.rest.BankService.searchAccount(BankService.java:39)
		at org.me.rest.BankService.searchAccount(BankService.java:39)
		at org.me.rest.BankService.searchAccount(BankService.java:39)
		at org.me.rest.BankService.searchAccount(BankService.java:39)
		at org.me.rest.BankService.searchAccount(BankService.java:39)
		at org.me.rest.BankService.searchAccount(BankService.java:39)
		at org.me.rest.BankService.searchAccount(BankService.java:39)
		at org.me.rest.BankService.searchAccount(BankService.java:39)
		at org.me.rest.BankService.searchAccount(BankService.java:39)
		at org.me.rest.BankService.searchAccount(BankService.java:39)
		at org.me.rest.BankService.searchAccount(BankService.java:39)
		at org.me.rest.BankService.searchAccount(BankService.java:39)
		at org.me.rest.BankService.searchAccount(BankService.java:39)
		at org.me.rest.BankService.searchAccount(BankService.java:39)
		at org.me.rest.BankService.searchAccount(BankService.java:39)
		at org.me.rest.BankService.searchAccount(BankService.java:39)
		at org.me.rest.BankService.searchAccount(BankService.java:39)
		at org.me.rest.BankService.searchAccount(BankService.java:39)
		at org.me.rest.BankService.searchAccount(BankService.java:39)
		at org.me.rest.BankService.searchAccount(BankService.java:39)
		at org.me.rest.BankService.searchAccount(BankService.java:39)
		at org.me.rest.BankService.searchAccount(BankService.java:39)
		at org.me.rest.BankService.searchAccount(BankService.java:39)
		at org.me.rest.BankService.searchAccount(BankService.java:39)
		at org.me.rest.BankService.searchAccount(BankService.java:39)
		at org.me.rest.BankService.searchAccount(BankService.java:39)
		at org.me.rest.BankService.searchAccount(BankService.java:39)
		at org.me.rest.BankService.searchAccount(BankService.java:39)
		at org.me.rest.BankService.searchAccount(BankService.java:39)
		at org.me.rest.BankService.searchAccount(BankService.java:39)
		at org.me.rest.BankService.searchAccount(BankService.java:39)
		at org.me.rest.BankService.searchAccount(BankService.java:39)
		at org.me.rest.BankService.searchAccount(BankService.java:39)
		at org.me.rest.BankService.searchAccount(BankService.java:39)
		at org.me.rest.BankService.searchAccount(BankService.java:39)
		at org.me.rest.BankService.searchAccount(BankService.java:39)
		at org.me.rest.BankService.searchAccount(BankService.java:39)
		at org.me.rest.BankService.searchAccount(BankService.java:39)
		at org.me.rest.BankService.searchAccount(BankService.java:39)
		at org.me.rest.BankService.searchAccount(BankService.java:39)
		at org.me.rest.BankService.searchAccount(BankService.java:39)
		at org.me.rest.BankService.searchAccount(BankService.java:39)
		at org.me.rest.BankService.searchAccount(BankService.java:39)
		at org.me.rest.BankService.searchAccount(BankService.java:39)
		at org.me.rest.BankService.searchAccount(BankService.java:39)
		at org.me.rest.BankService.searchAccount(BankService.java:39)
		at org.me.rest.BankService.searchAccount(BankService.java:39)
		at org.me.rest.BankService.searchAccount(BankService.java:39)
		at org.me.rest.BankService.searchAccount(BankService.java:39)
		at org.me.rest.BankService.searchAccount(BankService.java:39)
		at org.me.rest.BankService.searchAccount(BankService.java:39)
		at org.me.rest.BankService.searchAccount(BankService.java:39)
		at org.me.rest.BankService.searchAccount(BankService.java:39)
		at org.me.rest.BankService.searchAccount(BankService.java:39)
		at org.me.rest.BankService.searchAccount(BankService.java:39)
		at org.me.rest.BankService.searchAccount(BankService.java:39)
		at org.me.rest.BankService.searchAccount(BankService.java:39)
		at org.me.rest.BankService.searchAccount(BankService.java:39)
		at org.me.rest.BankService.searchAccount(BankService.java:39)
		at org.me.rest.BankService.searchAccount(BankService.java:39)
		at org.me.rest.BankService.searchAccount(BankService.java:39)
		at org.me.rest.BankService.searchAccount(BankService.java:39)
		at org.me.rest.BankService.searchAccount(BankService.java:39)
		at org.me.rest.BankService.searchAccount(BankService.java:39)
		at org.me.rest.BankService.searchAccount(BankService.java:39)
		at org.me.rest.BankService.searchAccount(BankService.java:39)
		at org.me.rest.BankService.searchAccount(BankService.java:39)
		at org.me.rest.BankService.searchAccount(BankService.java:39)
		at org.me.rest.BankService.searchAccount(BankService.java:39)
		at org.me.rest.BankService.searchAccount(BankService.java:39)
		at org.me.rest.BankService.searchAccount(BankService.java:39)
		at org.me.rest.BankService.searchAccount(BankService.java:39)
		at org.me.rest.BankService.searchAccount(BankService.java:39)
		at org.me.rest.BankService.searchAccount(BankService.java:39)
		at org.me.rest.BankService.searchAccount(BankService.java:39)
		at org.me.rest.BankService.searchAccount(BankService.java:39)
		at org.me.rest.BankService.searchAccount(BankService.java:39)
		at org.me.rest.BankService.searchAccount(BankService.java:39)
		at org.me.rest.BankService.searchAccount(BankService.java:39)
		at org.me.rest.BankService.searchAccount(BankService.java:39)
		at org.me.rest.BankService.searchAccount(BankService.java:39)
		at org.me.rest.BankService.searchAccount(BankService.java:39)
		at org.me.rest.BankService.searchAccount(BankService.java:39)
		at org.me.rest.BankService.searchAccount(BankService.java:39)
		at org.me.rest.BankService.searchAccount(BankService.java:39)
		at org.me.rest.BankService.searchAccount(BankService.java:39)
		at org.me.rest.BankService.searchAccount(BankService.java:39)
		at org.me.rest.BankService.searchAccount(BankService.java:39)
		at org.me.rest.BankService.searchAccount(BankService.java:39)
		at org.me.rest.BankService.searchAccount(BankService.java:39)
		at org.me.rest.BankService.searchAccount(BankService.java:39)
		at org.me.rest.BankService.searchAccount(BankService.java:39)
		at org.me.rest.BankService.searchAccount(BankService.java:39)
		at org.me.rest.BankService.searchAccount(BankService.java:39)
		at org.me.rest.BankService.searchAccount(BankService.java:39)
		at org.me.rest.BankService.searchAccount(BankService.java:39)
		at org.me.rest.BankService.searchAccount(BankService.java:39)
		at org.me.rest.BankService.searchAccount(BankService.java:39)
		at org.me.rest.BankService.searchAccount(BankService.java:39)
		at org.me.rest.BankService.searchAccount(BankService.java:39)
		at org.me.rest.BankService.searchAccount(BankService.java:39)
		at org.me.rest.BankService.searchAccount(BankService.java:39)
		at org.me.rest.BankService.searchAccount(BankService.java:39)
		at org.me.rest.BankService.searchAccount(BankService.java:39)
		at org.me.rest.BankService.searchAccount(BankService.java:39)
		at org.me.rest.BankService.searchAccount(BankService.java:39)
		at org.me.rest.BankService.searchAccount(BankService.java:39)
		at org.me.rest.BankService.searchAccount(BankService.java:39)
		at org.me.rest.BankService.searchAccount(BankService.java:39)
		at org.me.rest.BankService.searchAccount(BankService.java:39)
		at org.me.rest.BankService.searchAccount(BankService.java:39)
		at org.me.rest.BankService.searchAccount(BankService.java:39)
		at org.me.rest.BankService.searchAccount(BankService.java:39)
		at org.me.rest.BankService.searchAccount(BankService.java:39)
		at org.me.rest.BankService.searchAccount(BankService.java:39)
		at org.me.rest.BankService.searchAccount(BankService.java:39)
		at org.me.rest.BankService.searchAccount(BankService.java:39)
		at org.me.rest.BankService.searchAccount(BankService.java:39)
		at org.me.rest.BankService.searchAccount(BankService.java:39)
		at org.me.rest.BankService.searchAccount(BankService.java:39)
		at org.me.rest.BankService.searchAccount(BankService.java:39)
		at org.me.rest.BankService.searchAccount(BankService.java:39)
		at org.me.rest.BankService.searchAccount(BankService.java:39)
		at org.me.rest.BankService.searchAccount(BankService.java:39)
		at org.me.rest.BankService.searchAccount(BankService.java:39)
		at org.me.rest.BankService.searchAccount(BankService.java:39)
		at org.me.rest.BankService.searchAccount(BankService.java:39)
		at org.me.rest.BankService.searchAccount(BankService.java:39)
		at org.me.rest.BankService.searchAccount(BankService.java:39)
		at org.me.rest.BankService.searchAccount(BankService.java:39)
		at org.me.rest.BankService.searchAccount(BankService.java:39)
		at org.me.rest.BankService.searchAccount(BankService.java:39)
		at org.me.rest.BankService.searchAccount(BankService.java:39)
		at org.me.rest.BankService.searchAccount(BankService.java:39)
		at org.me.rest.BankService.searchAccount(BankService.java:39)
		at org.me.rest.BankService.searchAccount(BankService.java:39)
		at org.me.rest.BankService.searchAccount(BankService.java:39)
		at org.me.rest.BankService.searchAccount(BankService.java:39)
		at org.me.rest.BankService.searchAccount(BankService.java:39)
		at org.me.rest.BankService.searchAccount(BankService.java:39)
		at org.me.rest.BankService.searchAccount(BankService.java:39)
		at org.me.rest.BankService.searchAccount(BankService.java:39)
		at org.me.rest.BankService.searchAccount(BankService.java:39)
		at org.me.rest.BankService.searchAccount(BankService.java:39)
		at org.me.rest.BankService.searchAccount(BankService.java:39)
		at org.me.rest.BankService.searchAccount(BankService.java:39)
		at org.me.rest.BankService.searchAccount(BankService.java:39)
		at org.me.rest.BankService.searchAccount(BankService.java:39)
		at org.me.rest.BankService.searchAccount(BankService.java:39)
		at org.me.rest.BankService.searchAccount(BankService.java:39)
		at org.me.rest.BankService.searchAccount(BankService.java:39)
		at org.me.rest.BankService.searchAccount(BankService.java:39)
		at org.me.rest.BankService.searchAccount(BankService.java:39)
		at org.me.rest.BankService.searchAccount(BankService.java:39)
		at org.me.rest.BankService.searchAccount(BankService.java:39)
		at org.me.rest.BankService.searchAccount(BankService.java:39)
		at org.me.rest.BankService.searchAccount(BankService.java:39)
		at org.me.rest.BankService.searchAccount(BankService.java:39)
		at org.me.rest.BankService.searchAccount(BankService.java:39)
		at org.me.rest.BankService.searchAccount(BankService.java:39)
		at org.me.rest.BankService.searchAccount(BankService.java:39)
		at org.me.rest.BankService.searchAccount(BankService.java:39)
		at org.me.rest.BankService.searchAccount(BankService.java:39)
		at org.me.rest.BankService.searchAccount(BankService.java:39)
		at org.me.rest.BankService.searchAccount(BankService.java:39)
		at org.me.rest.BankService.searchAccount(BankService.java:39)
		at org.me.rest.BankService.searchAccount(BankService.java:39)
		at org.me.rest.BankService.searchAccount(BankService.java:39)
		at org.me.rest.BankService.searchAccount(BankService.java:39)
		at org.me.rest.BankService.searchAccount(BankService.java:39)
		at org.me.rest.BankService.searchAccount(BankService.java:39)
		at org.me.rest.BankService.searchAccount(BankService.java:39)
		at org.me.rest.BankService.searchAccount(BankService.java:39)
		at org.me.rest.BankService.searchAccount(BankService.java:39)
		at org.me.rest.BankService.searchAccount(BankService.java:39)
		at org.me.rest.BankService.searchAccount(BankService.java:39)
		at org.me.rest.BankService.searchAccount(BankService.java:39)
		at org.me.rest.BankService.searchAccount(BankService.java:39)
		at org.me.rest.BankService.searchAccount(BankService.java:39)
		at org.me.rest.BankService.searchAccount(BankService.java:39)
		at org.me.rest.BankService.searchAccount(BankService.java:39)
		at org.me.rest.BankService.searchAccount(BankService.java:39)
		at org.me.rest.BankService.searchAccount(BankService.java:39)
		at org.me.rest.BankService.searchAccount(BankService.java:39)
		at org.me.rest.BankService.searchAccount(BankService.java:39)
		at org.me.rest.BankService.searchAccount(BankService.java:39)
		at org.me.rest.BankService.searchAccount(BankService.java:39)
		at org.me.rest.BankService.searchAccount(BankService.java:39)
		at org.me.rest.BankService.searchAccount(BankService.java:39)
		at org.me.rest.BankService.searchAccount(BankService.java:39)
		at org.me.rest.BankService.searchAccount(BankService.java:39)
		at org.me.rest.BankService.searchAccount(BankService.java:39)
		at org.me.rest.BankService.searchAccount(BankService.java:39)
		at org.me.rest.BankService.searchAccount(BankService.java:39)
		at org.me.rest.BankService.searchAccount(BankService.java:39)
		at org.me.rest.BankService.searchAccount(BankService.java:39)
		at org.me.rest.BankService.searchAccount(BankService.java:39)
		at org.me.rest.BankService.searchAccount(BankService.java:39)
		at org.me.rest.BankService.searchAccount(BankService.java:39)
		at org.me.rest.BankService.searchAccount(BankService.java:39)
		at org.me.rest.BankService.searchAccount(BankService.java:39)
		at org.me.rest.BankService.searchAccount(BankService.java:39)
		at org.me.rest.BankService.searchAccount(BankService.java:39)
		at org.me.rest.BankService.searchAccount(BankService.java:39)
		at org.me.rest.BankService.searchAccount(BankService.java:39)
		at org.me.rest.BankService.searchAccount(BankService.java:39)
		at org.me.rest.BankService.searchAccount(BankService.java:39)
		at org.me.rest.BankService.searchAccount(BankService.java:39)
		at org.me.rest.BankService.searchAccount(BankService.java:39)
		at org.me.rest.BankService.searchAccount(BankService.java:39)
		at org.me.rest.BankService.searchAccount(BankService.java:39)
		at org.me.rest.BankService.searchAccount(BankService.java:39)
		at org.me.rest.BankService.searchAccount(BankService.java:39)
		at org.me.rest.BankService.searchAccount(BankService.java:39)
		at org.me.rest.BankService.searchAccount(BankService.java:39)
		at org.me.rest.BankService.searchAccount(BankService.java:39)
		at org.me.rest.BankService.searchAccount(BankService.java:39)
		at org.me.rest.BankService.searchAccount(BankService.java:39)
		at org.me.rest.BankService.searchAccount(BankService.java:39)
		at org.me.rest.BankService.searchAccount(BankService.java:39)
		at org.me.rest.BankService.searchAccount(BankService.java:39)
		at org.me.rest.BankService.searchAccount(BankService.java:39)
		at org.me.rest.BankService.searchAccount(BankService.java:39)
		at org.me.rest.BankService.searchAccount(BankService.java:39)
		at org.me.rest.BankService.searchAccount(BankService.java:39)
		at org.me.rest.BankService.searchAccount(BankService.java:39)
		at org.me.rest.BankService.searchAccount(BankService.java:39)
		at org.me.rest.BankService.searchAccount(BankService.java:39)
		at org.me.rest.BankService.searchAccount(BankService.java:39)
		at org.me.rest.BankService.searchAccount(BankService.java:39)
		at org.me.rest.BankService.searchAccount(BankService.java:39)
		at org.me.rest.BankService.searchAccount(BankService.java:39)
		at org.me.rest.BankService.searchAccount(BankService.java:39)
		at org.me.rest.BankService.searchAccount(BankService.java:39)
		at org.me.rest.BankService.searchAccount(BankService.java:39)
		at org.me.rest.BankService.searchAccount(BankService.java:39)
		at org.me.rest.BankService.searchAccount(BankService.java:39)
		at org.me.rest.BankService.searchAccount(BankService.java:39)
		at org.me.rest.BankService.searchAccount(BankService.java:39)
		at org.me.rest.BankService.searchAccount(BankService.java:39)
		at org.me.rest.BankService.searchAccount(BankService.java:39)
		at org.me.rest.BankService.searchAccount(BankService.java:39)
		at org.me.rest.BankService.searchAccount(BankService.java:39)
		at org.me.rest.BankService.searchAccount(BankService.java:39)
		at org.me.rest.BankService.searchAccount(BankService.java:39)
		at org.me.rest.BankService.searchAccount(BankService.java:39)
		at org.me.rest.BankService.searchAccount(BankService.java:39)
		at org.me.rest.BankService.searchAccount(BankService.java:39)
		at org.me.rest.BankService.searchAccount(BankService.java:39)
		at org.me.rest.BankService.searchAccount(BankService.java:39)
		at org.me.rest.BankService.searchAccount(BankService.java:39)
		at org.me.rest.BankService.searchAccount(BankService.java:39)
		at org.me.rest.BankService.searchAccount(BankService.java:39)
		at org.me.rest.BankService.searchAccount(BankService.java:39)
		at org.me.rest.BankService.searchAccount(BankService.java:39)
		at org.me.rest.BankService.searchAccount(BankService.java:39)
		at org.me.rest.BankService.searchAccount(BankService.java:39)
		at org.me.rest.BankService.searchAccount(BankService.java:39)
		at org.me.rest.BankService.searchAccount(BankService.java:39)
		at org.me.rest.BankService.searchAccount(BankService.java:39)
		at org.me.rest.BankService.searchAccount(BankService.java:39)
		at org.me.rest.BankService.searchAccount(BankService.java:39)
		at org.me.rest.BankService.searchAccount(BankService.java:39)
		at org.me.rest.BankService.searchAccount(BankService.java:39)
		at org.me.rest.BankService.searchAccount(BankService.java:39)
		at org.me.rest.BankService.searchAccount(BankService.java:39)
		at org.me.rest.BankService.searchAccount(BankService.java:39)
		at org.me.rest.BankService.searchAccount(BankService.java:39)
		at org.me.rest.BankService.searchAccount(BankService.java:39)
		at org.me.rest.BankService.searchAccount(BankService.java:39)
		at org.me.rest.BankService.searchAccount(BankService.java:39)
		at org.me.rest.BankService.searchAccount(BankService.java:39)
		at org.me.rest.BankService.searchAccount(BankService.java:39)
		at org.me.rest.BankService.searchAccount(BankService.java:39)
		at org.me.rest.BankService.searchAccount(BankService.java:39)
		at org.me.rest.BankService.searchAccount(BankService.java:39)
		at org.me.rest.BankService.searchAccount(BankService.java:39)
		at org.me.rest.BankService.searchAccount(BankService.java:39)
		at org.me.rest.BankService.searchAccount(BankService.java:39)
		at org.me.rest.BankService.searchAccount(BankService.java:39)
		at org.me.rest.BankService.searchAccount(BankService.java:39)
		at org.me.rest.BankService.searchAccount(BankService.java:39)
		at org.me.rest.BankService.searchAccount(BankService.java:39)
		at org.me.rest.BankService.searchAccount(BankService.java:39)
		at org.me.rest.BankService.searchAccount(BankService.java:39)
		at org.me.rest.BankService.searchAccount(BankService.java:39)
		at org.me.rest.BankService.searchAccount(BankService.java:39)
		at org.me.rest.BankService.searchAccount(BankService.java:39)
		at org.me.rest.BankService.searchAccount(BankService.java:39)
		at org.me.rest.BankService.searchAccount(BankService.java:39)
		at org.me.rest.BankService.searchAccount(BankService.java:39)
		at org.me.rest.BankService.searchAccount(BankService.java:39)
		at org.me.rest.BankService.searchAccount(BankService.java:39)
		at org.me.rest.BankService.searchAccount(BankService.java:39)
		at org.me.rest.BankService.searchAccount(BankService.java:39)
		at org.me.rest.BankService.searchAccount(BankService.java:39)
		at org.me.rest.BankService.searchAccount(BankService.java:39)
		at org.me.rest.BankService.searchAccount(BankService.java:39)
		at org.me.rest.BankService.searchAccount(BankService.java:39)
		at org.me.rest.BankService.searchAccount(BankService.java:39)
		at org.me.rest.BankService.searchAccount(BankService.java:39)
		at org.me.rest.BankService.searchAccount(BankService.java:39)
		at org.me.rest.BankService.searchAccount(BankService.java:39)
		at org.me.rest.BankService.searchAccount(BankService.java:39)
		at org.me.rest.BankService.searchAccount(BankService.java:39)
		at org.me.rest.BankService.searchAccount(BankService.java:39)
		at org.me.rest.BankService.searchAccount(BankService.java:39)
		at org.me.rest.BankService.searchAccount(BankService.java:39)
		at org.me.rest.BankService.searchAccount(BankService.java:39)
		at org.me.rest.BankService.searchAccount(BankService.java:39)
		at org.me.rest.BankService.searchAccount(BankService.java:39)
		at org.me.rest.BankService.searchAccount(BankService.java:39)
		at org.me.rest.BankService.searchAccount(BankService.java:39)
		at org.me.rest.BankService.searchAccount(BankService.java:39)
		at org.me.rest.BankService.searchAccount(BankService.java:39)
		at org.me.rest.BankService.searchAccount(BankService.java:39)
		at org.me.rest.BankService.searchAccount(BankService.java:39)
		at org.me.rest.BankService.searchAccount(BankService.java:39)
		at org.me.rest.BankService.searchAccount(BankService.java:39)
		at org.me.rest.BankService.searchAccount(BankService.java:39)
		at org.me.rest.BankService.searchAccount(BankService.java:39)
		at org.me.rest.BankService.searchAccount(BankService.java:39)
		at org.me.rest.BankService.searchAccount(BankService.java:39)
		at org.me.rest.BankService.searchAccount(BankService.java:39)
		at org.me.rest.BankService.searchAccount(BankService.java:39)
		at org.me.rest.BankService.searchAccount(BankService.java:39)
		at org.me.rest.BankService.searchAccount(BankService.java:39)
		at org.me.rest.BankService.searchAccount(BankService.java:39)
		at org.me.rest.BankService.searchAccount(BankService.java:39)
		at org.me.rest.BankService.searchAccount(BankService.java:39)
		at org.me.rest.BankService.searchAccount(BankService.java:39)
		at org.me.rest.BankService.searchAccount(BankService.java:39)
		at org.me.rest.BankService.searchAccount(BankService.java:39)
		at org.me.rest.BankService.searchAccount(BankService.java:39)
		at org.me.rest.BankService.searchAccount(BankService.java:39)
		at org.me.rest.BankService.searchAccount(BankService.java:39)
		at org.me.rest.BankService.searchAccount(BankService.java:39)
		at org.me.rest.BankService.searchAccount(BankService.java:39)
		at org.me.rest.BankService.searchAccount(BankService.java:39)
		at org.me.rest.BankService.searchAccount(BankService.java:39)
		at org.me.rest.BankService.searchAccount(BankService.java:39)
		at org.me.rest.BankService.searchAccount(BankService.java:39)
		at org.me.rest.BankService.searchAccount(BankService.java:39)
		at org.me.rest.BankService.searchAccount(BankService.java:39)
		at org.me.rest.BankService.searchAccount(BankService.java:39)
		at org.me.rest.BankService.searchAccount(BankService.java:39)
		at org.me.rest.BankService.searchAccount(BankService.java:39)
		at org.me.rest.BankService.searchAccount(BankService.java:39)
		at org.me.rest.BankService.searchAccount(BankService.java:39)
		at org.me.rest.BankService.searchAccount(BankService.java:39)
		at org.me.rest.BankService.searchAccount(BankService.java:39)
		at org.me.rest.BankService.searchAccount(BankService.java:39)
		at org.me.rest.BankService.searchAccount(BankService.java:39)
		at org.me.rest.BankService.searchAccount(BankService.java:39)
		at org.me.rest.BankService.searchAccount(BankService.java:39)
		at org.me.rest.BankService.searchAccount(BankService.java:39)
		at org.me.rest.BankService.searchAccount(BankService.java:39)
		at org.me.rest.BankService.searchAccount(BankService.java:39)
		at org.me.rest.BankService.searchAccount(BankService.java:39)
		at org.me.rest.BankService.searchAccount(BankService.java:39)
		at org.me.rest.BankService.searchAccount(BankService.java:39)
		at org.me.rest.BankService.searchAccount(BankService.java:39)
		at org.me.rest.BankService.searchAccount(BankService.java:39)
		at org.me.rest.BankService.searchAccount(BankService.java:39)
		at org.me.rest.BankService.searchAccount(BankService.java:39)
		at org.me.rest.BankService.searchAccount(BankService.java:39)
		at org.me.rest.BankService.searchAccount(BankService.java:39)
		at org.me.rest.BankService.searchAccount(BankService.java:39)
		at org.me.rest.BankService.searchAccount(BankService.java:39)
		at org.me.rest.BankService.searchAccount(BankService.java:39)
		at org.me.rest.BankService.searchAccount(BankService.java:39)
		at org.me.rest.BankService.searchAccount(BankService.java:39)
		at org.me.rest.BankService.searchAccount(BankService.java:39)
		at org.me.rest.BankService.searchAccount(BankService.java:39)
		at org.me.rest.BankService.searchAccount(BankService.java:39)
		at org.me.rest.BankService.searchAccount(BankService.java:39)
		at org.me.rest.BankService.searchAccount(BankService.java:39)
		at org.me.rest.BankService.searchAccount(BankService.java:39)
		at org.me.rest.BankService.searchAccount(BankService.java:39)
		at org.me.rest.BankService.searchAccount(BankService.java:39)
		at org.me.rest.BankService.searchAccount(BankService.java:39)
		at org.me.rest.BankService.searchAccount(BankService.java:39)
		at org.me.rest.BankService.searchAccount(BankService.java:39)
		at org.me.rest.BankService.searchAccount(BankService.java:39)
		at org.me.rest.BankService.searchAccount(BankService.java:39)
		at org.me.rest.BankService.searchAccount(BankService.java:39)
		at org.me.rest.BankService.searchAccount(BankService.java:39)
		at org.me.rest.BankService.searchAccount(BankService.java:39)
		at org.me.rest.BankService.searchAccount(BankService.java:39)
		at org.me.rest.BankService.searchAccount(BankService.java:39)
		at org.me.rest.BankService.searchAccount(BankService.java:39)
		at org.me.rest.BankService.searchAccount(BankService.java:39)
		at org.me.rest.BankService.searchAccount(BankService.java:39)
		at org.me.rest.BankService.searchAccount(BankService.java:39)
		at org.me.rest.BankService.searchAccount(BankService.java:39)
		at org.me.rest.BankService.searchAccount(BankService.java:39)
		at org.me.rest.BankService.searchAccount(BankService.java:39)
		at org.me.rest.BankService.searchAccount(BankService.java:39)
		at org.me.rest.BankService.searchAccount(BankService.java:39)
		at org.me.rest.BankService.searchAccount(BankService.java:39)
		at org.me.rest.BankService.searchAccount(BankService.java:39)
		at org.me.rest.BankService.searchAccount(BankService.java:39)
		at org.me.rest.BankService.searchAccount(BankService.java:39)
		at org.me.rest.BankService.searchAccount(BankService.java:39)
		at org.me.rest.BankService.searchAccount(BankService.java:39)
		at org.me.rest.BankService.searchAccount(BankService.java:39)
		at org.me.rest.BankService.searchAccount(BankService.java:39)
		at org.me.rest.BankService.searchAccount(BankService.java:39)
		at org.me.rest.BankService.searchAccount(BankService.java:39)
		at org.me.rest.BankService.searchAccount(BankService.java:39)
		at org.me.rest.BankService.searchAccount(BankService.java:39)
		at org.me.rest.BankService.searchAccount(BankService.java:39)
		at org.me.rest.BankService.searchAccount(BankService.java:39)
		at org.me.rest.BankService.searchAccount(BankService.java:39)
		at org.me.rest.BankService.searchAccount(BankService.java:39)
		at org.me.rest.BankService.searchAccount(BankService.java:39)
		at org.me.rest.BankService.searchAccount(BankService.java:39)
		at org.me.rest.BankService.searchAccount(BankService.java:39)
		at org.me.rest.BankService.searchAccount(BankService.java:39)
		at org.me.rest.BankService.searchAccount(BankService.java:39)
		at org.me.rest.BankService.searchAccount(BankService.java:39)
		at org.me.rest.BankService.searchAccount(BankService.java:39)
		at org.me.rest.BankService.searchAccount(BankService.java:39)
		at org.me.rest.BankService.searchAccount(BankService.java:39)
		at org.me.rest.BankService.searchAccount(BankService.java:39)
		at org.me.rest.BankService.searchAccount(BankService.java:39)
		at org.me.rest.BankService.searchAccount(BankService.java:39)
		at org.me.rest.BankService.searchAccount(BankService.java:39)
		at org.me.rest.BankService.searchAccount(BankService.java:39)
		at org.me.rest.BankService.searchAccount(BankService.java:39)
		at org.me.rest.BankService.searchAccount(BankService.java:39)
		at org.me.rest.BankService.searchAccount(BankService.java:39)
		at org.me.rest.BankService.searchAccount(BankService.java:39)
		at org.me.rest.BankService.searchAccount(BankService.java:39)
		at org.me.rest.BankService.searchAccount(BankService.java:39)
		at org.me.rest.BankService.searchAccount(BankService.java:39)
		at org.me.rest.BankService.searchAccount(BankService.java:39)
		at org.me.rest.BankService.searchAccount(BankService.java:39)
		at org.me.rest.BankService.searchAccount(BankService.java:39)
		at org.me.rest.BankService.searchAccount(BankService.java:39)
		at org.me.rest.BankService.searchAccount(BankService.java:39)
		at org.me.rest.BankService.searchAccount(BankService.java:39)
		at org.me.rest.BankService.searchAccount(BankService.java:39)
		at org.me.rest.BankService.searchAccount(BankService.java:39)
		at org.me.rest.BankService.searchAccount(BankService.java:39)
		at org.me.rest.BankService.searchAccount(BankService.java:39)
		at org.me.rest.BankService.searchAccount(BankService.java:39)
		at org.me.rest.BankService.searchAccount(BankService.java:39)
		at org.me.rest.BankService.searchAccount(BankService.java:39)
		at org.me.rest.BankService.searchAccount(BankService.java:39)
		at org.me.rest.BankService.searchAccount(BankService.java:39)
		at org.me.rest.BankService.searchAccount(BankService.java:39)
		at org.me.rest.BankService.searchAccount(BankService.java:39)
		at org.me.rest.BankService.searchAccount(BankService.java:39)
		at org.me.rest.BankService.searchAccount(BankService.java:39)
		at org.me.rest.BankService.searchAccount(BankService.java:39)
		at org.me.rest.BankService.searchAccount(BankService.java:39)
		at org.me.rest.BankService.searchAccount(BankService.java:39)
		at org.me.rest.BankService.searchAccount(BankService.java:39)
		at org.me.rest.BankService.searchAccount(BankService.java:39)
		at org.me.rest.BankService.searchAccount(BankService.java:39)
		at org.me.rest.BankService.searchAccount(BankService.java:39)
		at org.me.rest.BankService.searchAccount(BankService.java:39)
		at org.me.rest.BankService.searchAccount(BankService.java:39)
		at org.me.rest.BankService.searchAccount(BankService.java:39)
		at org.me.rest.BankService.searchAccount(BankService.java:39)
		at org.me.rest.BankService.searchAccount(BankService.java:39)
		at org.me.rest.BankService.searchAccount(BankService.java:39)
		at org.me.rest.BankService.searchAccount(BankService.java:39)
		at org.me.rest.BankService.searchAccount(BankService.java:39)
		at org.me.rest.BankService.searchAccount(BankService.java:39)
		at org.me.rest.BankService.searchAccount(BankService.java:39)
		at org.me.rest.BankService.searchAccount(BankService.java:39)
		at org.me.rest.BankService.searchAccount(BankService.java:39)
		at org.me.rest.BankService.searchAccount(BankService.java:39)
		at org.me.rest.BankService.searchAccount(BankService.java:39)
		at org.me.rest.BankService.searchAccount(BankService.java:39)
		at org.me.rest.BankService.searchAccount(BankService.java:39)
		at org.me.rest.BankService.searchAccount(BankService.java:39)
		at org.me.rest.BankService.searchAccount(BankService.java:39)
		at org.me.rest.BankService.searchAccount(BankService.java:39)
		at org.me.rest.BankService.searchAccount(BankService.java:39)
		at org.me.rest.BankService.searchAccount(BankService.java:39)
		at org.me.rest.BankService.searchAccount(BankService.java:39)
		at org.me.rest.BankService.searchAccount(BankService.java:39)
		at org.me.rest.BankService.searchAccount(BankService.java:39)
		at org.me.rest.BankService.searchAccount(BankService.java:39)
		at org.me.rest.BankService.searchAccount(BankService.java:39)
		at org.me.rest.BankService.searchAccount(BankService.java:39)
		at org.me.rest.BankService.searchAccount(BankService.java:39)
		at org.me.rest.BankService.searchAccount(BankService.java:39)
		at org.me.rest.BankService.searchAccount(BankService.java:39)
		at org.me.rest.BankService.searchAccount(BankService.java:39)
		at org.me.rest.BankService.searchAccount(BankService.java:39)
		at org.me.rest.BankService.searchAccount(BankService.java:39)
		at org.me.rest.BankService.searchAccount(BankService.java:39)
		at org.me.rest.BankService.searchAccount(BankService.java:39)
		at org.me.rest.BankService.searchAccount(BankService.java:39)
		at org.me.rest.BankService.searchAccount(BankService.java:39)
		at org.me.rest.BankService.searchAccount(BankService.java:39)
		at org.me.rest.BankService.searchAccount(BankService.java:39)
		at org.me.rest.BankService.searchAccount(BankService.java:39)
		at org.me.rest.BankService.searchAccount(BankService.java:39)
		at org.me.rest.BankService.searchAccount(BankService.java:39)
		at org.me.rest.BankService.searchAccount(BankService.java:39)
		at org.me.rest.BankService.searchAccount(BankService.java:39)
		at org.me.rest.BankService.searchAccount(BankService.java:39)
		at org.me.rest.BankService.searchAccount(BankService.java:39)
		at org.me.rest.BankService.searchAccount(BankService.java:39)
		at org.me.rest.BankService.searchAccount(BankService.java:39)
		at org.me.rest.BankService.searchAccount(BankService.java:39)
		at org.me.rest.BankService.searchAccount(BankService.java:39)
		at org.me.rest.BankService.searchAccount(BankService.java:39)
		at org.me.rest.BankService.searchAccount(BankService.java:39)
		at org.me.rest.BankService.searchAccount(BankService.java:39)
		at org.me.rest.BankService.searchAccount(BankService.java:39)
		at org.me.rest.BankService.searchAccount(BankService.java:39)
		at org.me.rest.BankService.searchAccount(BankService.java:39)
		at org.me.rest.BankService.searchAccount(BankService.java:39)
		at org.me.rest.BankService.searchAccount(BankService.java:39)
		at org.me.rest.BankService.searchAccount(BankService.java:39)
		at org.me.rest.BankService.searchAccount(BankService.java:39)
		at org.me.rest.BankService.searchAccount(BankService.java:39)
		at org.me.rest.BankService.searchAccount(BankService.java:39)
		at org.me.rest.BankService.searchAccount(BankService.java:39)
		at org.me.rest.BankService.searchAccount(BankService.java:39)
		at org.me.rest.BankService.searchAccount(BankService.java:39)
		at org.me.rest.BankService.searchAccount(BankService.java:39)
		at org.me.rest.BankService.searchAccount(BankService.java:39)
		at org.me.rest.BankService.searchAccount(BankService.java:39)
		at org.me.rest.BankService.searchAccount(BankService.java:39)
		at org.me.rest.BankService.searchAccount(BankService.java:39)
		at org.me.rest.BankService.searchAccount(BankService.java:39)
		at org.me.rest.BankService.searchAccount(BankService.java:39)
		at org.me.rest.BankService.searchAccount(BankService.java:39)
		at org.me.rest.BankService.searchAccount(BankService.java:39)
		at org.me.rest.BankService.searchAccount(BankService.java:39)
		at org.me.rest.BankService.searchAccount(BankService.java:39)
		at org.me.rest.BankService.searchAccount(BankService.java:39)
		at org.me.rest.BankService.searchAccount(BankService.java:39)
		at org.me.rest.BankService.searchAccount(BankService.java:39)
		at org.me.rest.BankService.searchAccount(BankService.java:39)
		at org.me.rest.BankService.searchAccount(BankService.java:39)
		at org.me.rest.BankService.searchAccount(BankService.java:39)
		at org.me.rest.BankService.searchAccount(BankService.java:39)
		at org.me.rest.BankService.searchAccount(BankService.java:39)
		at org.me.rest.BankService.searchAccount(BankService.java:39)
		at org.me.rest.BankService.searchAccount(BankService.java:39)
		at org.me.rest.BankService.searchAccount(BankService.java:39)
		at org.me.rest.BankService.searchAccount(BankService.java:39)
		at org.me.rest.BankService.searchAccount(BankService.java:39)
		at org.me.rest.BankService.searchAccount(BankService.java:39)
		at org.me.rest.BankService.searchAccount(BankService.java:39)
		at org.me.rest.BankService.searchAccount(BankService.java:39)
		at org.me.rest.BankService.searchAccount(BankService.java:39)
		at org.me.rest.BankService.searchAccount(BankService.java:39)
		at org.me.rest.BankService.searchAccount(BankService.java:39)
		at org.me.rest.BankService.searchAccount(BankService.java:39)
		at org.me.rest.BankService.searchAccount(BankService.java:39)
		at org.me.rest.BankService.searchAccount(BankService.java:39)
		at org.me.rest.BankService.searchAccount(BankService.java:39)
		at org.me.rest.BankService.searchAccount(BankService.java:39)
		at org.me.rest.BankService.searchAccount(BankService.java:39)
		at org.me.rest.BankService.searchAccount(BankService.java:39)
		at org.me.rest.BankService.searchAccount(BankService.java:39)
		at org.me.rest.BankService.searchAccount(BankService.java:39)
		at org.me.rest.BankService.searchAccount(BankService.java:39)
		at org.me.rest.BankService.searchAccount(BankService.java:39)
		at org.me.rest.BankService.searchAccount(BankService.java:39)
		at org.me.rest.BankService.searchAccount(BankService.java:39)
		at org.me.rest.BankService.searchAccount(BankService.java:39)
		at org.me.rest.BankService.searchAccount(BankService.java:39)
		at org.me.rest.BankService.searchAccount(BankService.java:39)
		at org.me.rest.BankService.searchAccount(BankService.java:39)
		at org.me.rest.BankService.searchAccount(BankService.java:39)
		at org.me.rest.BankService.searchAccount(BankService.java:39)
		at org.me.rest.BankService.searchAccount(BankService.java:39)
		at org.me.rest.BankService.searchAccount(BankService.java:39)
		at org.me.rest.BankService.searchAccount(BankService.java:39)
		at org.me.rest.BankService.searchAccount(BankService.java:39)
		at org.me.rest.BankService.searchAccount(BankService.java:39)
		at org.me.rest.BankService.searchAccount(BankService.java:39)
		at org.me.rest.BankService.searchAccount(BankService.java:39)
		at org.me.rest.BankService.searchAccount(BankService.java:39)
		at org.me.rest.BankService.searchAccount(BankService.java:39)
		at org.me.rest.BankService.searchAccount(BankService.java:39)
		at org.me.rest.BankService.searchAccount(BankService.java:39)
		at org.me.rest.BankService.searchAccount(BankService.java:39)
		at org.me.rest.BankService.searchAccount(BankService.java:39)
		at org.me.rest.BankService.searchAccount(BankService.java:39)
		at org.me.rest.BankService.searchAccount(BankService.java:39)
		at org.me.rest.BankService.searchAccount(BankService.java:39)
		at org.me.rest.BankService.searchAccount(BankService.java:39)
		at org.me.rest.BankService.searchAccount(BankService.java:39)
		at org.me.rest.BankService.searchAccount(BankService.java:39)
		at org.me.rest.BankService.searchAccount(BankService.java:39)
		at org.me.rest.BankService.searchAccount(BankService.java:39)
		at org.me.rest.BankService.searchAccount(BankService.java:39)
		at org.me.rest.BankService.searchAccount(BankService.java:39)
		at org.me.rest.BankService.searchAccount(BankService.java:39)
		at org.me.rest.BankService.searchAccount(BankService.java:39)
		at org.me.rest.BankService.searchAccount(BankService.java:39)
		at org.me.rest.BankService.searchAccount(BankService.java:39)
		at org.me.rest.BankService.searchAccount(BankService.java:39)
		at org.me.rest.BankService.searchAccount(BankService.java:39)
		at org.me.rest.BankService.searchAccount(BankService.java:39)
		at org.me.rest.BankService.searchAccount(BankService.java:39)
		at org.me.rest.BankService.searchAccount(BankService.java:39)
		at org.me.rest.BankService.searchAccount(BankService.java:39)
		at org.me.rest.BankService.searchAccount(BankService.java:39)
		at org.me.rest.BankService.searchAccount(BankService.java:39)
		at org.me.rest.BankService.searchAccount(BankService.java:39)
		at org.me.rest.BankService.searchAccount(BankService.java:39)
		at org.me.rest.BankService.searchAccount(BankService.java:39)
		at org.me.rest.BankService.searchAccount(BankService.java:39)
		at org.me.rest.BankService.searchAccount(BankService.java:39)
		at org.me.rest.BankService.searchAccount(BankService.java:39)
		at org.me.rest.BankService.searchAccount(BankService.java:39)
		at org.me.rest.BankService.searchAccount(BankService.java:39)
		at org.me.rest.BankService.searchAccount(BankService.java:39)
		at org.me.rest.BankService.searchAccount(BankService.java:39)
		at org.me.rest.BankService.searchAccount(BankService.java:39)
		at org.me.rest.BankService.searchAccount(BankService.java:39)
		at org.me.rest.BankService.searchAccount(BankService.java:39)
		at org.me.rest.BankService.searchAccount(BankService.java:39)
		at org.me.rest.BankService.searchAccount(BankService.java:39)
		at org.me.rest.BankService.searchAccount(BankService.java:39)
		at org.me.rest.BankService.searchAccount(BankService.java:39)
		at org.me.rest.BankService.searchAccount(BankService.java:39)
		at org.me.rest.BankService.searchAccount(BankService.java:39)
		at org.me.rest.BankService.searchAccount(BankService.java:39)
		at org.me.rest.BankService.searchAccount(BankService.java:39)
		at org.me.rest.BankService.searchAccount(BankService.java:39)
		at org.me.rest.BankService.searchAccount(BankService.java:39)
		at org.me.rest.BankService.searchAccount(BankService.java:39)
		at org.me.rest.BankService.searchAccount(BankService.java:39)
		at org.me.rest.BankService.searchAccount(BankService.java:39)
		at org.me.rest.BankService.searchAccount(BankService.java:39)
		at org.me.rest.BankService.searchAccount(BankService.java:39)
		at org.me.rest.BankService.searchAccount(BankService.java:39)
		at org.me.rest.BankService.searchAccount(BankService.java:39)
		at org.me.rest.BankService.searchAccount(BankService.java:39)
		at org.me.rest.BankService.searchAccount(BankService.java:39)
		at org.me.rest.BankService.searchAccount(BankService.java:39)
		at org.me.rest.BankService.searchAccount(BankService.java:39)
		at org.me.rest.BankService.searchAccount(BankService.java:39)
		at org.me.rest.BankService.searchAccount(BankService.java:39)
		at org.me.rest.BankService.searchAccount(BankService.java:39)
		at org.me.rest.BankService.searchAccount(BankService.java:39)
		at org.me.rest.BankService.searchAccount(BankService.java:39)
		at org.me.rest.BankService.searchAccount(BankService.java:39)
		at org.me.rest.BankService.searchAccount(BankService.java:39)
		at org.me.rest.BankService.searchAccount(BankService.java:39)
		at org.me.rest.BankService.searchAccount(BankService.java:39)
		at org.me.rest.BankService.searchAccount(BankService.java:39)
		at org.me.rest.BankService.searchAccount(BankService.java:39)
		at org.me.rest.BankService.searchAccount(BankService.java:39)
		at org.me.rest.BankService.searchAccount(BankService.java:39)
		at org.me.rest.BankService.searchAccount(BankService.java:39)
		at org.me.rest.BankService.searchAccount(BankService.java:39)
		at org.me.rest.BankService.searchAccount(BankService.java:39)
		at org.me.rest.BankService.searchAccount(BankService.java:39)
		at org.me.rest.BankService.searchAccount(BankService.java:39)
		at org.me.rest.BankService.searchAccount(BankService.java:39)
		at org.me.rest.BankService.searchAccount(BankService.java:39)
		at org.me.rest.BankService.searchAccount(BankService.java:39)
		at org.me.rest.BankService.searchAccount(BankService.java:39)
		at org.me.rest.BankService.searchAccount(BankService.java:39)
		at org.me.rest.BankService.searchAccount(BankService.java:39)
		at org.me.rest.BankService.searchAccount(BankService.java:39)
		at org.me.rest.BankService.searchAccount(BankService.java:39)
		at org.me.rest.BankService.searchAccount(BankService.java:39)
		at org.me.rest.BankService.searchAccount(BankService.java:39)
		at org.me.rest.BankService.searchAccount(BankService.java:39)
		at org.me.rest.BankService.searchAccount(BankService.java:39)
		at org.me.rest.BankService.searchAccount(BankService.java:39)
		at org.me.rest.BankService.searchAccount(BankService.java:39)
		at org.me.rest.BankService.searchAccount(BankService.java:39)
		at org.me.rest.BankService.searchAccount(BankService.java:39)
		at org.me.rest.BankService.searchAccount(BankService.java:39)
		at org.me.rest.BankService.searchAccount(BankService.java:39)
		at org.me.rest.BankService.searchAccount(BankService.java:39)
		at org.me.rest.BankService.searchAccount(BankService.java:39)
		at org.me.rest.BankService.searchAccount(BankService.java:39)
		at org.me.rest.BankService.searchAccount(BankService.java:39)
		at org.me.rest.BankService.searchAccount(BankService.java:39)
		at org.me.rest.BankService.searchAccount(BankService.java:39)
		at org.me.rest.BankService.searchAccount(BankService.java:39)
		at org.me.rest.BankService.searchAccount(BankService.java:39)
		at org.me.rest.BankService.searchAccount(BankService.java:39)
		at org.me.rest.BankService.searchAccount(BankService.java:39)
		at org.me.rest.BankService.searchAccount(BankService.java:39)
		at org.me.rest.BankService.searchAccount(BankService.java:39)
		at org.me.rest.BankService.searchAccount(BankService.java:39)
		at org.me.rest.BankService.searchAccount(BankService.java:39)
		at org.me.rest.BankService.searchAccount(BankService.java:39)
		at org.me.rest.BankService.searchAccount(BankService.java:39)
		at org.me.rest.BankService.searchAccount(BankService.java:39)
		at org.me.rest.BankService.searchAccount(BankService.java:39)
		at org.me.rest.BankService.searchAccount(BankService.java:39)
		at org.me.rest.BankService.searchAccount(BankService.java:39)
		at org.me.rest.BankService.searchAccount(BankService.java:39)
		at org.me.rest.BankService.searchAccount(BankService.java:39)
		at org.me.rest.BankService.searchAccount(BankService.java:39)
		at org.me.rest.BankService.searchAccount(BankService.java:39)
		at org.me.rest.BankService.searchAccount(BankService.java:39)
		at org.me.rest.BankService.searchAccount(BankService.java:39)
		at org.me.rest.BankService.searchAccount(BankService.java:39)
		at org.me.rest.BankService.searchAccount(BankService.java:39)
		at org.me.rest.BankService.searchAccount(BankService.java:39)
		at org.me.rest.BankService.searchAccount(BankService.java:39)
		at org.me.rest.BankService.searchAccount(BankService.java:39)
		at org.me.rest.BankService.searchAccount(BankService.java:39)
		at org.me.rest.BankService.searchAccount(BankService.java:39)
		at org.me.rest.BankService.searchAccount(BankService.java:39)
		at org.me.rest.BankService.searchAccount(BankService.java:39)
		at org.me.rest.BankService.searchAccount(BankService.java:39)
		at org.me.rest.BankService.searchAccount(BankService.java:39)
		at org.me.rest.BankService.searchAccount(BankService.java:39)
		at org.me.rest.BankService.searchAccount(BankService.java:39)
		at org.me.rest.BankService.searchAccount(BankService.java:39)
		at org.me.rest.BankService.searchAccount(BankService.java:39)
		at org.me.rest.BankService.searchAccount(BankService.java:39)
		at org.me.rest.BankService.searchAccount(BankService.java:39)
		at org.me.rest.BankService.searchAccount(BankService.java:39)
		at org.me.rest.BankService.searchAccount(BankService.java:39)
		at org.me.rest.BankService.searchAccount(BankService.java:39)
		at org.me.rest.BankService.searchAccount(BankService.java:39)
		at org.me.rest.BankService.searchAccount(BankService.java:39)
		at org.me.rest.BankService.searchAccount(BankService.java:39)
		at org.me.rest.BankService.searchAccount(BankService.java:39)
		at org.me.rest.BankService.searchAccount(BankService.java:39)
		at org.me.rest.BankService.searchAccount(BankService.java:39)
		at org.me.rest.BankService.searchAccount(BankService.java:39)
		at org.me.rest.BankService.searchAccount(BankService.java:39)
		at org.me.rest.BankService.searchAccount(BankService.java:39)
		at org.me.rest.BankService.searchAccount(BankService.java:39)
		at org.me.rest.BankService.searchAccount(BankService.java:39)
		at org.me.rest.BankService.searchAccount(BankService.java:39)
		at org.me.rest.BankService.searchAccount(BankService.java:39)
		at org.me.rest.BankService.searchAccount(BankService.java:39)
		at org.me.rest.BankService.searchAccount(BankService.java:39)
		at org.me.rest.BankService.searchAccount(BankService.java:39)
		at org.me.rest.BankService.searchAccount(BankService.java:39)
		at org.me.rest.BankService.searchAccount(BankService.java:39)
		at org.me.rest.BankService.searchAccount(BankService.java:39)
		at org.me.rest.BankService.searchAccount(BankService.java:39)
		at org.me.rest.BankService.searchAccount(BankService.java:39)
		at org.me.rest.BankService.searchAccount(BankService.java:39)
		at org.me.rest.BankService.searchAccount(BankService.java:39)
		at org.me.rest.BankService.searchAccount(BankService.java:39)
		at org.me.rest.BankService.searchAccount(BankService.java:39)
		at org.me.rest.BankService.searchAccount(BankService.java:39)
		at org.me.rest.BankService.searchAccount(BankService.java:39)
		at org.me.rest.BankService.searchAccount(BankService.java:39)
		at org.me.rest.BankService.searchAccount(BankService.java:39)
		at org.me.rest.BankService.searchAccount(BankService.java:39)
		at org.me.rest.BankService.searchAccount(BankService.java:39)
		at org.me.rest.BankService.searchAccount(BankService.java:39)
		at org.me.rest.BankService.searchAccount(BankService.java:39)
		at org.me.rest.BankService.searchAccount(BankService.java:39)
		at org.me.rest.BankService.searchAccount(BankService.java:39)
		at org.me.rest.BankService.searchAccount(BankService.java:39)
		at org.me.rest.BankService.searchAccount(BankService.java:39)
		at org.me.rest.BankService.searchAccount(BankService.java:39)
		at org.me.rest.BankService.searchAccount(BankService.java:39)
		at org.me.rest.BankService.searchAccount(BankService.java:39)
		at org.me.rest.BankService.searchAccount(BankService.java:39)
		at org.me.rest.BankService.searchAccount(BankService.java:39)
		at org.me.rest.BankService.searchAccount(BankService.java:39)
		at org.me.rest.BankService.searchAccount(BankService.java:39)
		at org.me.rest.BankService.searchAccount(BankService.java:39)
		at org.me.rest.BankService.searchAccount(BankService.java:39)
		at org.me.rest.BankService.searchAccount(BankService.java:39)
		at org.me.rest.BankService.searchAccount(BankService.java:39)
		at org.me.rest.BankService.searchAccount(BankService.java:39)
		at org.me.rest.BankService.searchAccount(BankService.java:39)
		at org.me.rest.BankService.searchAccount(BankService.java:39)
		at org.me.rest.BankService.searchAccount(BankService.java:39)
		at org.me.rest.BankService.searchAccount(BankService.java:39)
		at org.me.rest.BankService.searchAccount(BankService.java:39)
		at org.me.rest.BankService.searchAccount(BankService.java:39)
		at org.me.rest.BankService.searchAccount(BankService.java:39)
		at org.me.rest.BankService.searchAccount(BankService.java:39)
		at org.me.rest.BankService.searchAccount(BankService.java:39)
		at org.me.rest.BankService.searchAccount(BankService.java:39)
		at org.me.rest.BankService.searchAccount(BankService.java:39)
		at org.me.rest.BankService.searchAccount(BankService.java:39)
		at org.me.rest.BankService.searchAccount(BankService.java:39)
		at org.me.rest.BankService.searchAccount(BankService.java:39)
		at org.me.rest.BankService.searchAccount(BankService.java:39)
		at org.me.rest.BankService.searchAccount(BankService.java:39)
		at org.me.rest.BankService.searchAccount(BankService.java:39)
		at org.me.rest.BankService.searchAccount(BankService.java:39)
		at org.me.rest.BankService.searchAccount(BankService.java:39)
		at org.me.rest.BankService.searchAccount(BankService.java:39)
		at org.me.rest.BankService.searchAccount(BankService.java:39)
		at org.me.rest.BankService.searchAccount(BankService.java:39)
		at org.me.rest.BankService.searchAccount(BankService.java:39)
		at org.me.rest.BankService.searchAccount(BankService.java:39)
		at org.me.rest.BankService.searchAccount(BankService.java:39)
		at org.me.rest.BankService.searchAccount(BankService.java:39)
		at org.me.rest.BankService.searchAccount(BankService.java:39)
		at org.me.rest.BankService.searchAccount(BankService.java:39)
		at org.me.rest.BankService.searchAccount(BankService.java:39)
		at org.me.rest.BankService.searchAccount(BankService.java:39)
		at org.me.rest.BankService.searchAccount(BankService.java:39)
		at org.me.rest.BankService.searchAccount(BankService.java:39)
		at org.me.rest.BankService.searchAccount(BankService.java:39)
		at org.me.rest.BankService.searchAccount(BankService.java:39)
		at org.me.rest.BankService.searchAccount(BankService.java:39)
		at org.me.rest.BankService.searchAccount(BankService.java:39)
		at org.me.rest.BankService.searchAccount(BankService.java:39)
		at org.me.rest.BankService.searchAccount(BankService.java:39)
		at org.me.rest.BankService.searchAccount(BankService.java:39)
		at org.me.rest.BankService.searchAccount(BankService.java:39)
		at org.me.rest.BankService.searchAccount(BankService.java:39)
		at org.me.rest.BankService.searchAccount(BankService.java:39)
		at org.me.rest.BankService.searchAccount(BankService.java:39)
		at org.me.rest.BankService.searchAccount(BankService.java:39)
		at org.me.rest.BankService.searchAccount(BankService.java:39)
		at org.me.rest.BankService.searchAccount(BankService.java:39)
		at org.me.rest.BankService.searchAccount(BankService.java:39)
		at org.me.rest.BankService.searchAccount(BankService.java:39)
		at org.me.rest.BankService.searchAccount(BankService.java:39)
		at org.me.rest.BankService.searchAccount(BankService.java:39)
		at org.me.rest.BankService.searchAccount(BankService.java:39)
		at org.me.rest.BankService.searchAccount(BankService.java:39)
		at org.me.rest.BankService.searchAccount(BankService.java:39)
		at org.me.rest.BankService.searchAccount(BankService.java:39)
		at org.me.rest.BankService.searchAccount(BankService.java:39)
		at org.me.rest.BankService.searchAccount(BankService.java:39)
		at org.me.rest.BankService.searchAccount(BankService.java:39)
		at org.me.rest.BankService.searchAccount(BankService.java:39)
		at org.me.rest.BankService.searchAccount(BankService.java:39)
		at org.me.rest.BankService.searchAccount(BankService.java:39)
		at org.me.rest.BankService.searchAccount(BankService.java:39)
		at org.me.rest.BankService.searchAccount(BankService.java:39)
		at org.me.rest.BankService.searchAccount(BankService.java:39)
		at org.me.rest.BankService.searchAccount(BankService.java:39)
		at org.me.rest.BankService.searchAccount(BankService.java:39)
		at org.me.rest.BankService.searchAccount(BankService.java:39)
		at org.me.rest.BankService.searchAccount(BankService.java:39)
		at org.me.rest.BankService.searchAccount(BankService.java:39)
		at org.me.rest.BankService.searchAccount(BankService.java:39)
		at org.me.rest.BankService.searchAccount(BankService.java:39)
		at org.me.rest.BankService.searchAccount(BankService.java:39)
		at org.me.rest.BankService.searchAccount(BankService.java:39)
		at org.me.rest.BankService.searchAccount(BankService.java:39)
		at org.me.rest.BankService.searchAccount(BankService.java:39)
		at org.me.rest.BankService.searchAccount(BankService.java:39)
		at org.me.rest.BankService.searchAccount(BankService.java:39)
		at org.me.rest.BankService.searchAccount(BankService.java:39)
		at org.me.rest.BankService.searchAccount(BankService.java:39)
		at org.me.rest.BankService.searchAccount(BankService.java:39)
		at org.me.rest.BankService.searchAccount(BankService.java:39)
		at org.me.rest.BankService.searchAccount(BankService.java:39)
		at org.me.rest.BankService.searchAccount(BankService.java:39)
		at org.me.rest.BankService.searchAccount(BankService.java:39)
		at org.me.rest.BankService.searchAccount(BankService.java:39)
		at org.me.rest.BankService.searchAccount(BankService.java:39)
		at org.me.rest.BankService.searchAccount(BankService.java:39)
		at org.me.rest.BankService.searchAccount(BankService.java:39)
		at org.me.rest.BankService.searchAccount(BankService.java:39)
		at org.me.rest.BankService.searchAccount(BankService.java:39)
		at org.me.rest.BankService.searchAccount(BankService.java:39)
		at org.me.rest.BankService.searchAccount(BankService.java:39)
		at org.me.rest.BankService.searchAccount(BankService.java:39)
		at org.me.rest.BankService.searchAccount(BankService.java:39)
		at org.me.rest.BankService.searchAccount(BankService.java:39)
		at org.me.rest.BankService.searchAccount(BankService.java:39)
		at org.me.rest.BankService.searchAccount(BankService.java:39)
		at org.me.rest.BankService.searchAccount(BankService.java:39)
		at org.me.rest.BankService.searchAccount(BankService.java:39)
		at org.me.rest.BankService.searchAccount(BankService.java:39)
		at org.me.rest.BankService.searchAccount(BankService.java:39)
		at org.me.rest.BankService.searchAccount(BankService.java:39)
		at org.me.rest.BankService.searchAccount(BankService.java:39)
29-Apr-2021 14:49:11.062 SEVERE [http-nio-8181-exec-46] org.apache.catalina.core.StandardWrapperValve.invoke Servlet.service() for servlet [Jersey Web Application] in context with path [/RestDbEmp] threw exception [java.lang.NullPointerException] with root cause
	java.lang.NullPointerException
		at org.me.rest.BankDAO.searchAccount(BankDAO.java:41)
		at org.me.rest.BankDAO.deposit(BankDAO.java:16)
		at org.me.rest.BankService.deposit(BankService.java:23)
		at sun.reflect.NativeMethodAccessorImpl.invoke0(Native Method)
		at sun.reflect.NativeMethodAccessorImpl.invoke(Unknown Source)
		at sun.reflect.DelegatingMethodAccessorImpl.invoke(Unknown Source)
		at java.lang.reflect.Method.invoke(Unknown Source)
		at org.glassfish.jersey.server.model.internal.ResourceMethodInvocationHandlerFactory$1.invoke(ResourceMethodInvocationHandlerFactory.java:81)
		at org.glassfish.jersey.server.model.internal.AbstractJavaResourceMethodDispatcher$1.run(AbstractJavaResourceMethodDispatcher.java:144)
		at org.glassfish.jersey.server.model.internal.AbstractJavaResourceMethodDispatcher.invoke(AbstractJavaResourceMethodDispatcher.java:161)
		at org.glassfish.jersey.server.model.internal.JavaResourceMethodDispatcherProvider$TypeOutInvoker.doDispatch(JavaResourceMethodDispatcherProvider.java:205)
		at org.glassfish.jersey.server.model.internal.AbstractJavaResourceMethodDispatcher.dispatch(AbstractJavaResourceMethodDispatcher.java:99)
		at org.glassfish.jersey.server.model.ResourceMethodInvoker.invoke(ResourceMethodInvoker.java:389)
		at org.glassfish.jersey.server.model.ResourceMethodInvoker.apply(ResourceMethodInvoker.java:347)
		at org.glassfish.jersey.server.model.ResourceMethodInvoker.apply(ResourceMethodInvoker.java:102)
		at org.glassfish.jersey.server.ServerRuntime$2.run(ServerRuntime.java:326)
		at org.glassfish.jersey.internal.Errors$1.call(Errors.java:271)
		at org.glassfish.jersey.internal.Errors$1.call(Errors.java:267)
		at org.glassfish.jersey.internal.Errors.process(Errors.java:315)
		at org.glassfish.jersey.internal.Errors.process(Errors.java:297)
		at org.glassfish.jersey.internal.Errors.process(Errors.java:267)
		at org.glassfish.jersey.process.internal.RequestScope.runInScope(RequestScope.java:317)
		at org.glassfish.jersey.server.ServerRuntime.process(ServerRuntime.java:305)
		at org.glassfish.jersey.server.ApplicationHandler.handle(ApplicationHandler.java:1154)
		at org.glassfish.jersey.servlet.WebComponent.serviceImpl(WebComponent.java:473)
		at org.glassfish.jersey.servlet.WebComponent.service(WebComponent.java:427)
		at org.glassfish.jersey.servlet.ServletContainer.service(ServletContainer.java:388)
		at org.glassfish.jersey.servlet.ServletContainer.service(ServletContainer.java:341)
		at org.glassfish.jersey.servlet.ServletContainer.service(ServletContainer.java:228)
		at org.apache.catalina.core.ApplicationFilterChain.internalDoFilter(ApplicationFilterChain.java:231)
		at org.apache.catalina.core.ApplicationFilterChain.doFilter(ApplicationFilterChain.java:166)
		at org.apache.tomcat.websocket.server.WsFilter.doFilter(WsFilter.java:52)
		at org.apache.catalina.core.ApplicationFilterChain.internalDoFilter(ApplicationFilterChain.java:193)
		at org.apache.catalina.core.ApplicationFilterChain.doFilter(ApplicationFilterChain.java:166)
		at org.apache.catalina.core.StandardWrapperValve.invoke(StandardWrapperValve.java:199)
		at org.apache.catalina.core.StandardContextValve.invoke(StandardContextValve.java:96)
		at org.apache.catalina.authenticator.AuthenticatorBase.invoke(AuthenticatorBase.java:493)
		at org.apache.catalina.core.StandardHostValve.invoke(StandardHostValve.java:137)
		at org.apache.catalina.valves.ErrorReportValve.invoke(ErrorReportValve.java:81)
		at org.apache.catalina.valves.AbstractAccessLogValve.invoke(AbstractAccessLogValve.java:660)
		at org.apache.catalina.core.StandardEngineValve.invoke(StandardEngineValve.java:87)
		at org.apache.catalina.connector.CoyoteAdapter.service(CoyoteAdapter.java:343)
		at org.apache.coyote.http11.Http11Processor.service(Http11Processor.java:798)
		at org.apache.coyote.AbstractProcessorLight.process(AbstractProcessorLight.java:66)
		at org.apache.coyote.AbstractProtocol$ConnectionHandler.process(AbstractProtocol.java:808)
		at org.apache.tomcat.util.net.NioEndpoint$SocketProcessor.doRun(NioEndpoint.java:1498)
		at org.apache.tomcat.util.net.SocketProcessorBase.run(SocketProcessorBase.java:49)
		at java.util.concurrent.ThreadPoolExecutor.runWorker(Unknown Source)
		at java.util.concurrent.ThreadPoolExecutor$Worker.run(Unknown Source)
		at org.apache.tomcat.util.threads.TaskThread$WrappingRunnable.run(TaskThread.java:61)
		at java.lang.Thread.run(Unknown Source)
29-Apr-2021 14:49:38.826 SEVERE [http-nio-8181-exec-47] org.apache.catalina.core.StandardWrapperValve.invoke Servlet.service() for servlet [Jersey Web Application] in context with path [/RestDbEmp] threw exception [java.lang.NullPointerException] with root cause
	java.lang.NullPointerException
		at org.me.rest.BankDAO.searchAccount(BankDAO.java:41)
		at org.me.rest.BankDAO.deposit(BankDAO.java:16)
		at org.me.rest.BankService.deposit(BankService.java:23)
		at sun.reflect.NativeMethodAccessorImpl.invoke0(Native Method)
		at sun.reflect.NativeMethodAccessorImpl.invoke(Unknown Source)
		at sun.reflect.DelegatingMethodAccessorImpl.invoke(Unknown Source)
		at java.lang.reflect.Method.invoke(Unknown Source)
		at org.glassfish.jersey.server.model.internal.ResourceMethodInvocationHandlerFactory$1.invoke(ResourceMethodInvocationHandlerFactory.java:81)
		at org.glassfish.jersey.server.model.internal.AbstractJavaResourceMethodDispatcher$1.run(AbstractJavaResourceMethodDispatcher.java:144)
		at org.glassfish.jersey.server.model.internal.AbstractJavaResourceMethodDispatcher.invoke(AbstractJavaResourceMethodDispatcher.java:161)
		at org.glassfish.jersey.server.model.internal.JavaResourceMethodDispatcherProvider$TypeOutInvoker.doDispatch(JavaResourceMethodDispatcherProvider.java:205)
		at org.glassfish.jersey.server.model.internal.AbstractJavaResourceMethodDispatcher.dispatch(AbstractJavaResourceMethodDispatcher.java:99)
		at org.glassfish.jersey.server.model.ResourceMethodInvoker.invoke(ResourceMethodInvoker.java:389)
		at org.glassfish.jersey.server.model.ResourceMethodInvoker.apply(ResourceMethodInvoker.java:347)
		at org.glassfish.jersey.server.model.ResourceMethodInvoker.apply(ResourceMethodInvoker.java:102)
		at org.glassfish.jersey.server.ServerRuntime$2.run(ServerRuntime.java:326)
		at org.glassfish.jersey.internal.Errors$1.call(Errors.java:271)
		at org.glassfish.jersey.internal.Errors$1.call(Errors.java:267)
		at org.glassfish.jersey.internal.Errors.process(Errors.java:315)
		at org.glassfish.jersey.internal.Errors.process(Errors.java:297)
		at org.glassfish.jersey.internal.Errors.process(Errors.java:267)
		at org.glassfish.jersey.process.internal.RequestScope.runInScope(RequestScope.java:317)
		at org.glassfish.jersey.server.ServerRuntime.process(ServerRuntime.java:305)
		at org.glassfish.jersey.server.ApplicationHandler.handle(ApplicationHandler.java:1154)
		at org.glassfish.jersey.servlet.WebComponent.serviceImpl(WebComponent.java:473)
		at org.glassfish.jersey.servlet.WebComponent.service(WebComponent.java:427)
		at org.glassfish.jersey.servlet.ServletContainer.service(ServletContainer.java:388)
		at org.glassfish.jersey.servlet.ServletContainer.service(ServletContainer.java:341)
		at org.glassfish.jersey.servlet.ServletContainer.service(ServletContainer.java:228)
		at org.apache.catalina.core.ApplicationFilterChain.internalDoFilter(ApplicationFilterChain.java:231)
		at org.apache.catalina.core.ApplicationFilterChain.doFilter(ApplicationFilterChain.java:166)
		at org.apache.tomcat.websocket.server.WsFilter.doFilter(WsFilter.java:52)
		at org.apache.catalina.core.ApplicationFilterChain.internalDoFilter(ApplicationFilterChain.java:193)
		at org.apache.catalina.core.ApplicationFilterChain.doFilter(ApplicationFilterChain.java:166)
		at org.apache.catalina.core.StandardWrapperValve.invoke(StandardWrapperValve.java:199)
		at org.apache.catalina.core.StandardContextValve.invoke(StandardContextValve.java:96)
		at org.apache.catalina.authenticator.AuthenticatorBase.invoke(AuthenticatorBase.java:493)
		at org.apache.catalina.core.StandardHostValve.invoke(StandardHostValve.java:137)
		at org.apache.catalina.valves.ErrorReportValve.invoke(ErrorReportValve.java:81)
		at org.apache.catalina.valves.AbstractAccessLogValve.invoke(AbstractAccessLogValve.java:660)
		at org.apache.catalina.core.StandardEngineValve.invoke(StandardEngineValve.java:87)
		at org.apache.catalina.connector.CoyoteAdapter.service(CoyoteAdapter.java:343)
		at org.apache.coyote.http11.Http11Processor.service(Http11Processor.java:798)
		at org.apache.coyote.AbstractProcessorLight.process(AbstractProcessorLight.java:66)
		at org.apache.coyote.AbstractProtocol$ConnectionHandler.process(AbstractProtocol.java:808)
		at org.apache.tomcat.util.net.NioEndpoint$SocketProcessor.doRun(NioEndpoint.java:1498)
		at org.apache.tomcat.util.net.SocketProcessorBase.run(SocketProcessorBase.java:49)
		at java.util.concurrent.ThreadPoolExecutor.runWorker(Unknown Source)
		at java.util.concurrent.ThreadPoolExecutor$Worker.run(Unknown Source)
		at org.apache.tomcat.util.threads.TaskThread$WrappingRunnable.run(TaskThread.java:61)
		at java.lang.Thread.run(Unknown Source)
29-Apr-2021 14:50:12.036 SEVERE [http-nio-8181-exec-48] org.apache.catalina.core.StandardWrapperValve.invoke Servlet.service() for servlet [Jersey Web Application] in context with path [/RestDbEmp] threw exception [java.lang.NullPointerException] with root cause
	java.lang.NullPointerException
		at org.me.rest.BankDAO.searchAccount(BankDAO.java:41)
		at org.me.rest.BankDAO.deposit(BankDAO.java:16)
		at org.me.rest.BankService.deposit(BankService.java:23)
		at sun.reflect.NativeMethodAccessorImpl.invoke0(Native Method)
		at sun.reflect.NativeMethodAccessorImpl.invoke(Unknown Source)
		at sun.reflect.DelegatingMethodAccessorImpl.invoke(Unknown Source)
		at java.lang.reflect.Method.invoke(Unknown Source)
		at org.glassfish.jersey.server.model.internal.ResourceMethodInvocationHandlerFactory$1.invoke(ResourceMethodInvocationHandlerFactory.java:81)
		at org.glassfish.jersey.server.model.internal.AbstractJavaResourceMethodDispatcher$1.run(AbstractJavaResourceMethodDispatcher.java:144)
		at org.glassfish.jersey.server.model.internal.AbstractJavaResourceMethodDispatcher.invoke(AbstractJavaResourceMethodDispatcher.java:161)
		at org.glassfish.jersey.server.model.internal.JavaResourceMethodDispatcherProvider$TypeOutInvoker.doDispatch(JavaResourceMethodDispatcherProvider.java:205)
		at org.glassfish.jersey.server.model.internal.AbstractJavaResourceMethodDispatcher.dispatch(AbstractJavaResourceMethodDispatcher.java:99)
		at org.glassfish.jersey.server.model.ResourceMethodInvoker.invoke(ResourceMethodInvoker.java:389)
		at org.glassfish.jersey.server.model.ResourceMethodInvoker.apply(ResourceMethodInvoker.java:347)
		at org.glassfish.jersey.server.model.ResourceMethodInvoker.apply(ResourceMethodInvoker.java:102)
		at org.glassfish.jersey.server.ServerRuntime$2.run(ServerRuntime.java:326)
		at org.glassfish.jersey.internal.Errors$1.call(Errors.java:271)
		at org.glassfish.jersey.internal.Errors$1.call(Errors.java:267)
		at org.glassfish.jersey.internal.Errors.process(Errors.java:315)
		at org.glassfish.jersey.internal.Errors.process(Errors.java:297)
		at org.glassfish.jersey.internal.Errors.process(Errors.java:267)
		at org.glassfish.jersey.process.internal.RequestScope.runInScope(RequestScope.java:317)
		at org.glassfish.jersey.server.ServerRuntime.process(ServerRuntime.java:305)
		at org.glassfish.jersey.server.ApplicationHandler.handle(ApplicationHandler.java:1154)
		at org.glassfish.jersey.servlet.WebComponent.serviceImpl(WebComponent.java:473)
		at org.glassfish.jersey.servlet.WebComponent.service(WebComponent.java:427)
		at org.glassfish.jersey.servlet.ServletContainer.service(ServletContainer.java:388)
		at org.glassfish.jersey.servlet.ServletContainer.service(ServletContainer.java:341)
		at org.glassfish.jersey.servlet.ServletContainer.service(ServletContainer.java:228)
		at org.apache.catalina.core.ApplicationFilterChain.internalDoFilter(ApplicationFilterChain.java:231)
		at org.apache.catalina.core.ApplicationFilterChain.doFilter(ApplicationFilterChain.java:166)
		at org.apache.tomcat.websocket.server.WsFilter.doFilter(WsFilter.java:52)
		at org.apache.catalina.core.ApplicationFilterChain.internalDoFilter(ApplicationFilterChain.java:193)
		at org.apache.catalina.core.ApplicationFilterChain.doFilter(ApplicationFilterChain.java:166)
		at org.apache.catalina.core.StandardWrapperValve.invoke(StandardWrapperValve.java:199)
		at org.apache.catalina.core.StandardContextValve.invoke(StandardContextValve.java:96)
		at org.apache.catalina.authenticator.AuthenticatorBase.invoke(AuthenticatorBase.java:493)
		at org.apache.catalina.core.StandardHostValve.invoke(StandardHostValve.java:137)
		at org.apache.catalina.valves.ErrorReportValve.invoke(ErrorReportValve.java:81)
		at org.apache.catalina.valves.AbstractAccessLogValve.invoke(AbstractAccessLogValve.java:660)
		at org.apache.catalina.core.StandardEngineValve.invoke(StandardEngineValve.java:87)
		at org.apache.catalina.connector.CoyoteAdapter.service(CoyoteAdapter.java:343)
		at org.apache.coyote.http11.Http11Processor.service(Http11Processor.java:798)
		at org.apache.coyote.AbstractProcessorLight.process(AbstractProcessorLight.java:66)
		at org.apache.coyote.AbstractProtocol$ConnectionHandler.process(AbstractProtocol.java:808)
		at org.apache.tomcat.util.net.NioEndpoint$SocketProcessor.doRun(NioEndpoint.java:1498)
		at org.apache.tomcat.util.net.SocketProcessorBase.run(SocketProcessorBase.java:49)
		at java.util.concurrent.ThreadPoolExecutor.runWorker(Unknown Source)
		at java.util.concurrent.ThreadPoolExecutor$Worker.run(Unknown Source)
		at org.apache.tomcat.util.threads.TaskThread$WrappingRunnable.run(TaskThread.java:61)
		at java.lang.Thread.run(Unknown Source)
29-Apr-2021 14:51:20.938 SEVERE [http-nio-8181-exec-43] org.apache.catalina.core.StandardWrapperValve.invoke Servlet.service() for servlet [Jersey Web Application] in context with path [/RestDbEmp] threw exception [java.lang.NullPointerException] with root cause
	java.lang.NullPointerException
		at org.me.rest.BankDAO.searchAccount(BankDAO.java:41)
		at org.me.rest.BankDAO.deposit(BankDAO.java:16)
		at org.me.rest.BankService.deposit(BankService.java:23)
		at sun.reflect.NativeMethodAccessorImpl.invoke0(Native Method)
		at sun.reflect.NativeMethodAccessorImpl.invoke(Unknown Source)
		at sun.reflect.DelegatingMethodAccessorImpl.invoke(Unknown Source)
		at java.lang.reflect.Method.invoke(Unknown Source)
		at org.glassfish.jersey.server.model.internal.ResourceMethodInvocationHandlerFactory$1.invoke(ResourceMethodInvocationHandlerFactory.java:81)
		at org.glassfish.jersey.server.model.internal.AbstractJavaResourceMethodDispatcher$1.run(AbstractJavaResourceMethodDispatcher.java:144)
		at org.glassfish.jersey.server.model.internal.AbstractJavaResourceMethodDispatcher.invoke(AbstractJavaResourceMethodDispatcher.java:161)
		at org.glassfish.jersey.server.model.internal.JavaResourceMethodDispatcherProvider$TypeOutInvoker.doDispatch(JavaResourceMethodDispatcherProvider.java:205)
		at org.glassfish.jersey.server.model.internal.AbstractJavaResourceMethodDispatcher.dispatch(AbstractJavaResourceMethodDispatcher.java:99)
		at org.glassfish.jersey.server.model.ResourceMethodInvoker.invoke(ResourceMethodInvoker.java:389)
		at org.glassfish.jersey.server.model.ResourceMethodInvoker.apply(ResourceMethodInvoker.java:347)
		at org.glassfish.jersey.server.model.ResourceMethodInvoker.apply(ResourceMethodInvoker.java:102)
		at org.glassfish.jersey.server.ServerRuntime$2.run(ServerRuntime.java:326)
		at org.glassfish.jersey.internal.Errors$1.call(Errors.java:271)
		at org.glassfish.jersey.internal.Errors$1.call(Errors.java:267)
		at org.glassfish.jersey.internal.Errors.process(Errors.java:315)
		at org.glassfish.jersey.internal.Errors.process(Errors.java:297)
		at org.glassfish.jersey.internal.Errors.process(Errors.java:267)
		at org.glassfish.jersey.process.internal.RequestScope.runInScope(RequestScope.java:317)
		at org.glassfish.jersey.server.ServerRuntime.process(ServerRuntime.java:305)
		at org.glassfish.jersey.server.ApplicationHandler.handle(ApplicationHandler.java:1154)
		at org.glassfish.jersey.servlet.WebComponent.serviceImpl(WebComponent.java:473)
		at org.glassfish.jersey.servlet.WebComponent.service(WebComponent.java:427)
		at org.glassfish.jersey.servlet.ServletContainer.service(ServletContainer.java:388)
		at org.glassfish.jersey.servlet.ServletContainer.service(ServletContainer.java:341)
		at org.glassfish.jersey.servlet.ServletContainer.service(ServletContainer.java:228)
		at org.apache.catalina.core.ApplicationFilterChain.internalDoFilter(ApplicationFilterChain.java:231)
		at org.apache.catalina.core.ApplicationFilterChain.doFilter(ApplicationFilterChain.java:166)
		at org.apache.tomcat.websocket.server.WsFilter.doFilter(WsFilter.java:52)
		at org.apache.catalina.core.ApplicationFilterChain.internalDoFilter(ApplicationFilterChain.java:193)
		at org.apache.catalina.core.ApplicationFilterChain.doFilter(ApplicationFilterChain.java:166)
		at org.apache.catalina.core.StandardWrapperValve.invoke(StandardWrapperValve.java:199)
		at org.apache.catalina.core.StandardContextValve.invoke(StandardContextValve.java:96)
		at org.apache.catalina.authenticator.AuthenticatorBase.invoke(AuthenticatorBase.java:493)
		at org.apache.catalina.core.StandardHostValve.invoke(StandardHostValve.java:137)
		at org.apache.catalina.valves.ErrorReportValve.invoke(ErrorReportValve.java:81)
		at org.apache.catalina.valves.AbstractAccessLogValve.invoke(AbstractAccessLogValve.java:660)
		at org.apache.catalina.core.StandardEngineValve.invoke(StandardEngineValve.java:87)
		at org.apache.catalina.connector.CoyoteAdapter.service(CoyoteAdapter.java:343)
		at org.apache.coyote.http11.Http11Processor.service(Http11Processor.java:798)
		at org.apache.coyote.AbstractProcessorLight.process(AbstractProcessorLight.java:66)
		at org.apache.coyote.AbstractProtocol$ConnectionHandler.process(AbstractProtocol.java:808)
		at org.apache.tomcat.util.net.NioEndpoint$SocketProcessor.doRun(NioEndpoint.java:1498)
		at org.apache.tomcat.util.net.SocketProcessorBase.run(SocketProcessorBase.java:49)
		at java.util.concurrent.ThreadPoolExecutor.runWorker(Unknown Source)
		at java.util.concurrent.ThreadPoolExecutor$Worker.run(Unknown Source)
		at org.apache.tomcat.util.threads.TaskThread$WrappingRunnable.run(TaskThread.java:61)
		at java.lang.Thread.run(Unknown Source)
29-Apr-2021 14:56:23.352 SEVERE [http-nio-8181-exec-49] org.apache.catalina.core.StandardWrapperValve.invoke Servlet.service() for servlet [Jersey Web Application] in context with path [/RestDbEmp] threw exception [java.lang.NullPointerException] with root cause
	java.lang.NullPointerException
		at org.me.rest.BankDAO.showAccount(BankDAO.java:61)
		at org.me.rest.BankService.showAccount(BankService.java:40)
		at sun.reflect.NativeMethodAccessorImpl.invoke0(Native Method)
		at sun.reflect.NativeMethodAccessorImpl.invoke(Unknown Source)
		at sun.reflect.DelegatingMethodAccessorImpl.invoke(Unknown Source)
		at java.lang.reflect.Method.invoke(Unknown Source)
		at org.glassfish.jersey.server.model.internal.ResourceMethodInvocationHandlerFactory$1.invoke(ResourceMethodInvocationHandlerFactory.java:81)
		at org.glassfish.jersey.server.model.internal.AbstractJavaResourceMethodDispatcher$1.run(AbstractJavaResourceMethodDispatcher.java:144)
		at org.glassfish.jersey.server.model.internal.AbstractJavaResourceMethodDispatcher.invoke(AbstractJavaResourceMethodDispatcher.java:161)
		at org.glassfish.jersey.server.model.internal.JavaResourceMethodDispatcherProvider$TypeOutInvoker.doDispatch(JavaResourceMethodDispatcherProvider.java:205)
		at org.glassfish.jersey.server.model.internal.AbstractJavaResourceMethodDispatcher.dispatch(AbstractJavaResourceMethodDispatcher.java:99)
		at org.glassfish.jersey.server.model.ResourceMethodInvoker.invoke(ResourceMethodInvoker.java:389)
		at org.glassfish.jersey.server.model.ResourceMethodInvoker.apply(ResourceMethodInvoker.java:347)
		at org.glassfish.jersey.server.model.ResourceMethodInvoker.apply(ResourceMethodInvoker.java:102)
		at org.glassfish.jersey.server.ServerRuntime$2.run(ServerRuntime.java:326)
		at org.glassfish.jersey.internal.Errors$1.call(Errors.java:271)
		at org.glassfish.jersey.internal.Errors$1.call(Errors.java:267)
		at org.glassfish.jersey.internal.Errors.process(Errors.java:315)
		at org.glassfish.jersey.internal.Errors.process(Errors.java:297)
		at org.glassfish.jersey.internal.Errors.process(Errors.java:267)
		at org.glassfish.jersey.process.internal.RequestScope.runInScope(RequestScope.java:317)
		at org.glassfish.jersey.server.ServerRuntime.process(ServerRuntime.java:305)
		at org.glassfish.jersey.server.ApplicationHandler.handle(ApplicationHandler.java:1154)
		at org.glassfish.jersey.servlet.WebComponent.serviceImpl(WebComponent.java:473)
		at org.glassfish.jersey.servlet.WebComponent.service(WebComponent.java:427)
		at org.glassfish.jersey.servlet.ServletContainer.service(ServletContainer.java:388)
		at org.glassfish.jersey.servlet.ServletContainer.service(ServletContainer.java:341)
		at org.glassfish.jersey.servlet.ServletContainer.service(ServletContainer.java:228)
		at org.apache.catalina.core.ApplicationFilterChain.internalDoFilter(ApplicationFilterChain.java:231)
		at org.apache.catalina.core.ApplicationFilterChain.doFilter(ApplicationFilterChain.java:166)
		at org.apache.tomcat.websocket.server.WsFilter.doFilter(WsFilter.java:52)
		at org.apache.catalina.core.ApplicationFilterChain.internalDoFilter(ApplicationFilterChain.java:193)
		at org.apache.catalina.core.ApplicationFilterChain.doFilter(ApplicationFilterChain.java:166)
		at org.apache.catalina.core.StandardWrapperValve.invoke(StandardWrapperValve.java:199)
		at org.apache.catalina.core.StandardContextValve.invoke(StandardContextValve.java:96)
		at org.apache.catalina.authenticator.AuthenticatorBase.invoke(AuthenticatorBase.java:493)
		at org.apache.catalina.core.StandardHostValve.invoke(StandardHostValve.java:137)
		at org.apache.catalina.valves.ErrorReportValve.invoke(ErrorReportValve.java:81)
		at org.apache.catalina.valves.AbstractAccessLogValve.invoke(AbstractAccessLogValve.java:660)
		at org.apache.catalina.core.StandardEngineValve.invoke(StandardEngineValve.java:87)
		at org.apache.catalina.connector.CoyoteAdapter.service(CoyoteAdapter.java:343)
		at org.apache.coyote.http11.Http11Processor.service(Http11Processor.java:798)
		at org.apache.coyote.AbstractProcessorLight.process(AbstractProcessorLight.java:66)
		at org.apache.coyote.AbstractProtocol$ConnectionHandler.process(AbstractProtocol.java:808)
		at org.apache.tomcat.util.net.NioEndpoint$SocketProcessor.doRun(NioEndpoint.java:1498)
		at org.apache.tomcat.util.net.SocketProcessorBase.run(SocketProcessorBase.java:49)
		at java.util.concurrent.ThreadPoolExecutor.runWorker(Unknown Source)
		at java.util.concurrent.ThreadPoolExecutor$Worker.run(Unknown Source)
		at org.apache.tomcat.util.threads.TaskThread$WrappingRunnable.run(TaskThread.java:61)
		at java.lang.Thread.run(Unknown Source)
29-Apr-2021 16:28:30.233 INFO [localhost-startStop-1] org.apache.catalina.core.ApplicationContext.log ContextListener: contextInitialized()
29-Apr-2021 16:28:30.234 INFO [localhost-startStop-1] org.apache.catalina.core.ApplicationContext.log SessionListener: contextInitialized()
29-Apr-2021 16:28:30.237 INFO [localhost-startStop-1] org.apache.catalina.core.ApplicationContext.log ContextListener: attributeAdded('StockTicker', 'async.Stockticker@41f8b547')
