26-Apr-2021 12:25:14.203 INFO [localhost-startStop-1] org.apache.catalina.core.ApplicationContext.log Marking servlet [Jersey Web Application] as unavailable
26-Apr-2021 12:25:14.204 SEVERE [localhost-startStop-1] org.apache.catalina.core.StandardContext.loadOnStartup Servlet [Jersey Web Application] in web application [/MavenHelloWorld] threw load() exception
	java.lang.ClassNotFoundException: jakarta.servlet.Filter
		at org.apache.catalina.loader.WebappClassLoaderBase.loadClass(WebappClassLoaderBase.java:1364)
		at org.apache.catalina.loader.WebappClassLoaderBase.loadClass(WebappClassLoaderBase.java:1185)
		at java.lang.ClassLoader.defineClass1(Native Method)
		at java.lang.ClassLoader.defineClass(Unknown Source)
		at java.security.SecureClassLoader.defineClass(Unknown Source)
		at org.apache.catalina.loader.WebappClassLoaderBase.findClassInternal(WebappClassLoaderBase.java:2401)
		at org.apache.catalina.loader.WebappClassLoaderBase.findClass(WebappClassLoaderBase.java:859)
		at org.apache.catalina.loader.WebappClassLoaderBase.loadClass(WebappClassLoaderBase.java:1333)
		at org.apache.catalina.loader.WebappClassLoaderBase.loadClass(WebappClassLoaderBase.java:1185)
		at org.apache.catalina.core.DefaultInstanceManager.loadClass(DefaultInstanceManager.java:546)
		at org.apache.catalina.core.DefaultInstanceManager.loadClassMaybePrivileged(DefaultInstanceManager.java:527)
		at org.apache.catalina.core.DefaultInstanceManager.newInstance(DefaultInstanceManager.java:150)
		at org.apache.catalina.core.StandardWrapper.loadServlet(StandardWrapper.java:1042)
		at org.apache.catalina.core.StandardWrapper.load(StandardWrapper.java:983)
		at org.apache.catalina.core.StandardContext.loadOnStartup(StandardContext.java:4956)
		at org.apache.catalina.core.StandardContext.startInternal(StandardContext.java:5270)
		at org.apache.catalina.util.LifecycleBase.start(LifecycleBase.java:150)
		at org.apache.catalina.core.ContainerBase.addChildInternal(ContainerBase.java:754)
		at org.apache.catalina.core.ContainerBase.addChild(ContainerBase.java:730)
		at org.apache.catalina.core.StandardHost.addChild(StandardHost.java:744)
		at org.apache.catalina.startup.HostConfig.deployWAR(HostConfig.java:980)
		at org.apache.catalina.startup.HostConfig$DeployWar.run(HostConfig.java:1851)
		at java.util.concurrent.Executors$RunnableAdapter.call(Unknown Source)
		at java.util.concurrent.FutureTask.run(Unknown Source)
		at java.util.concurrent.ThreadPoolExecutor.runWorker(Unknown Source)
		at java.util.concurrent.ThreadPoolExecutor$Worker.run(Unknown Source)
		at java.lang.Thread.run(Unknown Source)
26-Apr-2021 12:25:39.426 INFO [localhost-startStop-1] org.apache.catalina.core.ApplicationContext.log ContextListener: contextInitialized()
26-Apr-2021 12:25:39.426 INFO [localhost-startStop-1] org.apache.catalina.core.ApplicationContext.log SessionListener: contextInitialized()
26-Apr-2021 12:25:39.428 INFO [localhost-startStop-1] org.apache.catalina.core.ApplicationContext.log ContextListener: attributeAdded('StockTicker', 'async.Stockticker@475d716c')
26-Apr-2021 14:15:53.076 SEVERE [localhost-startStop-3] org.apache.catalina.core.ApplicationContext.log StandardWrapper.Throwable
	org.glassfish.jersey.server.model.ModelValidationException: Validation of the application resource model has failed during application initialization.
[[FATAL] Method public int g1.MavenHelloWorld.CalcService.sub(int,int) on resource class g1.MavenHelloWorld.CalcService contains multiple parameters with no annotation. Unable to resolve the injection source.; source='ResourceMethod{httpMethod=GET, consumedTypes=[], producedTypes=[application/json], suspended=false, suspendTimeout=0, suspendTimeoutUnit=MILLISECONDS, invocable=Invocable{handler=ClassBasedMethodHandler{handlerClass=class g1.MavenHelloWorld.CalcService, handlerConstructors=[org.glassfish.jersey.server.model.HandlerConstructor@1508b738]}, definitionMethod=public int g1.MavenHelloWorld.CalcService.sub(int,int), parameters=[Parameter [type=int, source=null, defaultValue=null], Parameter [type=int, source=null, defaultValue=null]], responseType=int}, nameBindings=[]}', [WARNING] A HTTP GET method, public int g1.MavenHelloWorld.CalcService.sub(int,int), should not consume any entity.; source='ResourceMethod{httpMethod=GET, consumedTypes=[], producedTypes=[application/json], suspended=false, suspendTimeout=0, suspendTimeoutUnit=MILLISECONDS, invocable=Invocable{handler=ClassBasedMethodHandler{handlerClass=class g1.MavenHelloWorld.CalcService, handlerConstructors=[org.glassfish.jersey.server.model.HandlerConstructor@1508b738]}, definitionMethod=public int g1.MavenHelloWorld.CalcService.sub(int,int), parameters=[Parameter [type=int, source=null, defaultValue=null], Parameter [type=int, source=null, defaultValue=null]], responseType=int}, nameBindings=[]}', [FATAL] Method public int g1.MavenHelloWorld.CalcService.mult(int,int) on resource class g1.MavenHelloWorld.CalcService contains multiple parameters with no annotation. Unable to resolve the injection source.; source='ResourceMethod{httpMethod=GET, consumedTypes=[], producedTypes=[application/json], suspended=false, suspendTimeout=0, suspendTimeoutUnit=MILLISECONDS, invocable=Invocable{handler=ClassBasedMethodHandler{handlerClass=class g1.MavenHelloWorld.CalcService, handlerConstructors=[org.glassfish.jersey.server.model.HandlerConstructor@542d5990]}, definitionMethod=public int g1.MavenHelloWorld.CalcService.mult(int,int), parameters=[Parameter [type=int, source=null, defaultValue=null], Parameter [type=int, source=null, defaultValue=null]], responseType=int}, nameBindings=[]}', [WARNING] A HTTP GET method, public int g1.MavenHelloWorld.CalcService.mult(int,int), should not consume any entity.; source='ResourceMethod{httpMethod=GET, consumedTypes=[], producedTypes=[application/json], suspended=false, suspendTimeout=0, suspendTimeoutUnit=MILLISECONDS, invocable=Invocable{handler=ClassBasedMethodHandler{handlerClass=class g1.MavenHelloWorld.CalcService, handlerConstructors=[org.glassfish.jersey.server.model.HandlerConstructor@542d5990]}, definitionMethod=public int g1.MavenHelloWorld.CalcService.mult(int,int), parameters=[Parameter [type=int, source=null, defaultValue=null], Parameter [type=int, source=null, defaultValue=null]], responseType=int}, nameBindings=[]}']
		at org.glassfish.jersey.server.ApplicationHandler.initialize(ApplicationHandler.java:555)
		at org.glassfish.jersey.server.ApplicationHandler.access$500(ApplicationHandler.java:184)
		at org.glassfish.jersey.server.ApplicationHandler$3.call(ApplicationHandler.java:350)
		at org.glassfish.jersey.server.ApplicationHandler$3.call(ApplicationHandler.java:347)
		at org.glassfish.jersey.internal.Errors.process(Errors.java:315)
		at org.glassfish.jersey.internal.Errors.process(Errors.java:297)
		at org.glassfish.jersey.internal.Errors.processWithException(Errors.java:255)
		at org.glassfish.jersey.server.ApplicationHandler.<init>(ApplicationHandler.java:347)
		at org.glassfish.jersey.servlet.WebComponent.<init>(WebComponent.java:392)
		at org.glassfish.jersey.servlet.ServletContainer.init(ServletContainer.java:177)
		at org.glassfish.jersey.servlet.ServletContainer.init(ServletContainer.java:369)
		at javax.servlet.GenericServlet.init(GenericServlet.java:158)
		at org.apache.catalina.core.StandardWrapper.initServlet(StandardWrapper.java:1142)
		at org.apache.catalina.core.StandardWrapper.loadServlet(StandardWrapper.java:1089)
		at org.apache.catalina.core.StandardWrapper.load(StandardWrapper.java:983)
		at org.apache.catalina.core.StandardContext.loadOnStartup(StandardContext.java:4956)
		at org.apache.catalina.core.StandardContext.startInternal(StandardContext.java:5270)
		at org.apache.catalina.util.LifecycleBase.start(LifecycleBase.java:150)
		at org.apache.catalina.core.ContainerBase.addChildInternal(ContainerBase.java:754)
		at org.apache.catalina.core.ContainerBase.addChild(ContainerBase.java:730)
		at org.apache.catalina.core.StandardHost.addChild(StandardHost.java:744)
		at org.apache.catalina.startup.HostConfig.deployWAR(HostConfig.java:980)
		at org.apache.catalina.startup.HostConfig$DeployWar.run(HostConfig.java:1851)
		at java.util.concurrent.Executors$RunnableAdapter.call(Unknown Source)
		at java.util.concurrent.FutureTask.run(Unknown Source)
		at java.util.concurrent.ThreadPoolExecutor.runWorker(Unknown Source)
		at java.util.concurrent.ThreadPoolExecutor$Worker.run(Unknown Source)
		at java.lang.Thread.run(Unknown Source)
26-Apr-2021 14:15:53.079 SEVERE [localhost-startStop-3] org.apache.catalina.core.StandardContext.loadOnStartup Servlet [Jersey Web Application] in web application [/MavenHelloWorld] threw load() exception
	org.glassfish.jersey.server.model.ModelValidationException: Validation of the application resource model has failed during application initialization.
[[FATAL] Method public int g1.MavenHelloWorld.CalcService.sub(int,int) on resource class g1.MavenHelloWorld.CalcService contains multiple parameters with no annotation. Unable to resolve the injection source.; source='ResourceMethod{httpMethod=GET, consumedTypes=[], producedTypes=[application/json], suspended=false, suspendTimeout=0, suspendTimeoutUnit=MILLISECONDS, invocable=Invocable{handler=ClassBasedMethodHandler{handlerClass=class g1.MavenHelloWorld.CalcService, handlerConstructors=[org.glassfish.jersey.server.model.HandlerConstructor@1508b738]}, definitionMethod=public int g1.MavenHelloWorld.CalcService.sub(int,int), parameters=[Parameter [type=int, source=null, defaultValue=null], Parameter [type=int, source=null, defaultValue=null]], responseType=int}, nameBindings=[]}', [WARNING] A HTTP GET method, public int g1.MavenHelloWorld.CalcService.sub(int,int), should not consume any entity.; source='ResourceMethod{httpMethod=GET, consumedTypes=[], producedTypes=[application/json], suspended=false, suspendTimeout=0, suspendTimeoutUnit=MILLISECONDS, invocable=Invocable{handler=ClassBasedMethodHandler{handlerClass=class g1.MavenHelloWorld.CalcService, handlerConstructors=[org.glassfish.jersey.server.model.HandlerConstructor@1508b738]}, definitionMethod=public int g1.MavenHelloWorld.CalcService.sub(int,int), parameters=[Parameter [type=int, source=null, defaultValue=null], Parameter [type=int, source=null, defaultValue=null]], responseType=int}, nameBindings=[]}', [FATAL] Method public int g1.MavenHelloWorld.CalcService.mult(int,int) on resource class g1.MavenHelloWorld.CalcService contains multiple parameters with no annotation. Unable to resolve the injection source.; source='ResourceMethod{httpMethod=GET, consumedTypes=[], producedTypes=[application/json], suspended=false, suspendTimeout=0, suspendTimeoutUnit=MILLISECONDS, invocable=Invocable{handler=ClassBasedMethodHandler{handlerClass=class g1.MavenHelloWorld.CalcService, handlerConstructors=[org.glassfish.jersey.server.model.HandlerConstructor@542d5990]}, definitionMethod=public int g1.MavenHelloWorld.CalcService.mult(int,int), parameters=[Parameter [type=int, source=null, defaultValue=null], Parameter [type=int, source=null, defaultValue=null]], responseType=int}, nameBindings=[]}', [WARNING] A HTTP GET method, public int g1.MavenHelloWorld.CalcService.mult(int,int), should not consume any entity.; source='ResourceMethod{httpMethod=GET, consumedTypes=[], producedTypes=[application/json], suspended=false, suspendTimeout=0, suspendTimeoutUnit=MILLISECONDS, invocable=Invocable{handler=ClassBasedMethodHandler{handlerClass=class g1.MavenHelloWorld.CalcService, handlerConstructors=[org.glassfish.jersey.server.model.HandlerConstructor@542d5990]}, definitionMethod=public int g1.MavenHelloWorld.CalcService.mult(int,int), parameters=[Parameter [type=int, source=null, defaultValue=null], Parameter [type=int, source=null, defaultValue=null]], responseType=int}, nameBindings=[]}']
		at org.glassfish.jersey.server.ApplicationHandler.initialize(ApplicationHandler.java:555)
		at org.glassfish.jersey.server.ApplicationHandler.access$500(ApplicationHandler.java:184)
		at org.glassfish.jersey.server.ApplicationHandler$3.call(ApplicationHandler.java:350)
		at org.glassfish.jersey.server.ApplicationHandler$3.call(ApplicationHandler.java:347)
		at org.glassfish.jersey.internal.Errors.process(Errors.java:315)
		at org.glassfish.jersey.internal.Errors.process(Errors.java:297)
		at org.glassfish.jersey.internal.Errors.processWithException(Errors.java:255)
		at org.glassfish.jersey.server.ApplicationHandler.<init>(ApplicationHandler.java:347)
		at org.glassfish.jersey.servlet.WebComponent.<init>(WebComponent.java:392)
		at org.glassfish.jersey.servlet.ServletContainer.init(ServletContainer.java:177)
		at org.glassfish.jersey.servlet.ServletContainer.init(ServletContainer.java:369)
		at javax.servlet.GenericServlet.init(GenericServlet.java:158)
		at org.apache.catalina.core.StandardWrapper.initServlet(StandardWrapper.java:1142)
		at org.apache.catalina.core.StandardWrapper.loadServlet(StandardWrapper.java:1089)
		at org.apache.catalina.core.StandardWrapper.load(StandardWrapper.java:983)
		at org.apache.catalina.core.StandardContext.loadOnStartup(StandardContext.java:4956)
		at org.apache.catalina.core.StandardContext.startInternal(StandardContext.java:5270)
		at org.apache.catalina.util.LifecycleBase.start(LifecycleBase.java:150)
		at org.apache.catalina.core.ContainerBase.addChildInternal(ContainerBase.java:754)
		at org.apache.catalina.core.ContainerBase.addChild(ContainerBase.java:730)
		at org.apache.catalina.core.StandardHost.addChild(StandardHost.java:744)
		at org.apache.catalina.startup.HostConfig.deployWAR(HostConfig.java:980)
		at org.apache.catalina.startup.HostConfig$DeployWar.run(HostConfig.java:1851)
		at java.util.concurrent.Executors$RunnableAdapter.call(Unknown Source)
		at java.util.concurrent.FutureTask.run(Unknown Source)
		at java.util.concurrent.ThreadPoolExecutor.runWorker(Unknown Source)
		at java.util.concurrent.ThreadPoolExecutor$Worker.run(Unknown Source)
		at java.lang.Thread.run(Unknown Source)
26-Apr-2021 14:16:03.604 SEVERE [http-nio-8080-exec-19] org.apache.catalina.core.ApplicationContext.log StandardWrapper.Throwable
	org.glassfish.jersey.server.model.ModelValidationException: Validation of the application resource model has failed during application initialization.
[[FATAL] Method public int g1.MavenHelloWorld.CalcService.sub(int,int) on resource class g1.MavenHelloWorld.CalcService contains multiple parameters with no annotation. Unable to resolve the injection source.; source='ResourceMethod{httpMethod=GET, consumedTypes=[], producedTypes=[application/json], suspended=false, suspendTimeout=0, suspendTimeoutUnit=MILLISECONDS, invocable=Invocable{handler=ClassBasedMethodHandler{handlerClass=class g1.MavenHelloWorld.CalcService, handlerConstructors=[org.glassfish.jersey.server.model.HandlerConstructor@7176063f]}, definitionMethod=public int g1.MavenHelloWorld.CalcService.sub(int,int), parameters=[Parameter [type=int, source=null, defaultValue=null], Parameter [type=int, source=null, defaultValue=null]], responseType=int}, nameBindings=[]}', [WARNING] A HTTP GET method, public int g1.MavenHelloWorld.CalcService.sub(int,int), should not consume any entity.; source='ResourceMethod{httpMethod=GET, consumedTypes=[], producedTypes=[application/json], suspended=false, suspendTimeout=0, suspendTimeoutUnit=MILLISECONDS, invocable=Invocable{handler=ClassBasedMethodHandler{handlerClass=class g1.MavenHelloWorld.CalcService, handlerConstructors=[org.glassfish.jersey.server.model.HandlerConstructor@7176063f]}, definitionMethod=public int g1.MavenHelloWorld.CalcService.sub(int,int), parameters=[Parameter [type=int, source=null, defaultValue=null], Parameter [type=int, source=null, defaultValue=null]], responseType=int}, nameBindings=[]}', [FATAL] Method public int g1.MavenHelloWorld.CalcService.mult(int,int) on resource class g1.MavenHelloWorld.CalcService contains multiple parameters with no annotation. Unable to resolve the injection source.; source='ResourceMethod{httpMethod=GET, consumedTypes=[], producedTypes=[application/json], suspended=false, suspendTimeout=0, suspendTimeoutUnit=MILLISECONDS, invocable=Invocable{handler=ClassBasedMethodHandler{handlerClass=class g1.MavenHelloWorld.CalcService, handlerConstructors=[org.glassfish.jersey.server.model.HandlerConstructor@4f293058]}, definitionMethod=public int g1.MavenHelloWorld.CalcService.mult(int,int), parameters=[Parameter [type=int, source=null, defaultValue=null], Parameter [type=int, source=null, defaultValue=null]], responseType=int}, nameBindings=[]}', [WARNING] A HTTP GET method, public int g1.MavenHelloWorld.CalcService.mult(int,int), should not consume any entity.; source='ResourceMethod{httpMethod=GET, consumedTypes=[], producedTypes=[application/json], suspended=false, suspendTimeout=0, suspendTimeoutUnit=MILLISECONDS, invocable=Invocable{handler=ClassBasedMethodHandler{handlerClass=class g1.MavenHelloWorld.CalcService, handlerConstructors=[org.glassfish.jersey.server.model.HandlerConstructor@4f293058]}, definitionMethod=public int g1.MavenHelloWorld.CalcService.mult(int,int), parameters=[Parameter [type=int, source=null, defaultValue=null], Parameter [type=int, source=null, defaultValue=null]], responseType=int}, nameBindings=[]}']
		at org.glassfish.jersey.server.ApplicationHandler.initialize(ApplicationHandler.java:555)
		at org.glassfish.jersey.server.ApplicationHandler.access$500(ApplicationHandler.java:184)
		at org.glassfish.jersey.server.ApplicationHandler$3.call(ApplicationHandler.java:350)
		at org.glassfish.jersey.server.ApplicationHandler$3.call(ApplicationHandler.java:347)
		at org.glassfish.jersey.internal.Errors.process(Errors.java:315)
		at org.glassfish.jersey.internal.Errors.process(Errors.java:297)
		at org.glassfish.jersey.internal.Errors.processWithException(Errors.java:255)
		at org.glassfish.jersey.server.ApplicationHandler.<init>(ApplicationHandler.java:347)
		at org.glassfish.jersey.servlet.WebComponent.<init>(WebComponent.java:392)
		at org.glassfish.jersey.servlet.ServletContainer.init(ServletContainer.java:177)
		at org.glassfish.jersey.servlet.ServletContainer.init(ServletContainer.java:369)
		at javax.servlet.GenericServlet.init(GenericServlet.java:158)
		at org.apache.catalina.core.StandardWrapper.initServlet(StandardWrapper.java:1142)
		at org.apache.catalina.core.StandardWrapper.loadServlet(StandardWrapper.java:1089)
		at org.apache.catalina.core.StandardWrapper.allocate(StandardWrapper.java:773)
		at org.apache.catalina.core.StandardWrapperValve.invoke(StandardWrapperValve.java:134)
		at org.apache.catalina.core.StandardContextValve.invoke(StandardContextValve.java:96)
		at org.apache.catalina.authenticator.AuthenticatorBase.invoke(AuthenticatorBase.java:493)
		at org.apache.catalina.core.StandardHostValve.invoke(StandardHostValve.java:137)
		at org.apache.catalina.valves.ErrorReportValve.invoke(ErrorReportValve.java:81)
		at org.apache.catalina.valves.AbstractAccessLogValve.invoke(AbstractAccessLogValve.java:660)
		at org.apache.catalina.core.StandardEngineValve.invoke(StandardEngineValve.java:87)
		at org.apache.catalina.connector.CoyoteAdapter.service(CoyoteAdapter.java:343)
		at org.apache.coyote.http11.Http11Processor.service(Http11Processor.java:798)
		at org.apache.coyote.AbstractProcessorLight.process(AbstractProcessorLight.java:66)
		at org.apache.coyote.AbstractProtocol$ConnectionHandler.process(AbstractProtocol.java:808)
		at org.apache.tomcat.util.net.NioEndpoint$SocketProcessor.doRun(NioEndpoint.java:1498)
		at org.apache.tomcat.util.net.SocketProcessorBase.run(SocketProcessorBase.java:49)
		at java.util.concurrent.ThreadPoolExecutor.runWorker(Unknown Source)
		at java.util.concurrent.ThreadPoolExecutor$Worker.run(Unknown Source)
		at org.apache.tomcat.util.threads.TaskThread$WrappingRunnable.run(TaskThread.java:61)
		at java.lang.Thread.run(Unknown Source)
26-Apr-2021 14:16:03.605 SEVERE [http-nio-8080-exec-19] org.apache.catalina.core.StandardWrapperValve.invoke Allocate exception for servlet [Jersey Web Application]
	org.glassfish.jersey.server.model.ModelValidationException: Validation of the application resource model has failed during application initialization.
[[FATAL] Method public int g1.MavenHelloWorld.CalcService.sub(int,int) on resource class g1.MavenHelloWorld.CalcService contains multiple parameters with no annotation. Unable to resolve the injection source.; source='ResourceMethod{httpMethod=GET, consumedTypes=[], producedTypes=[application/json], suspended=false, suspendTimeout=0, suspendTimeoutUnit=MILLISECONDS, invocable=Invocable{handler=ClassBasedMethodHandler{handlerClass=class g1.MavenHelloWorld.CalcService, handlerConstructors=[org.glassfish.jersey.server.model.HandlerConstructor@7176063f]}, definitionMethod=public int g1.MavenHelloWorld.CalcService.sub(int,int), parameters=[Parameter [type=int, source=null, defaultValue=null], Parameter [type=int, source=null, defaultValue=null]], responseType=int}, nameBindings=[]}', [WARNING] A HTTP GET method, public int g1.MavenHelloWorld.CalcService.sub(int,int), should not consume any entity.; source='ResourceMethod{httpMethod=GET, consumedTypes=[], producedTypes=[application/json], suspended=false, suspendTimeout=0, suspendTimeoutUnit=MILLISECONDS, invocable=Invocable{handler=ClassBasedMethodHandler{handlerClass=class g1.MavenHelloWorld.CalcService, handlerConstructors=[org.glassfish.jersey.server.model.HandlerConstructor@7176063f]}, definitionMethod=public int g1.MavenHelloWorld.CalcService.sub(int,int), parameters=[Parameter [type=int, source=null, defaultValue=null], Parameter [type=int, source=null, defaultValue=null]], responseType=int}, nameBindings=[]}', [FATAL] Method public int g1.MavenHelloWorld.CalcService.mult(int,int) on resource class g1.MavenHelloWorld.CalcService contains multiple parameters with no annotation. Unable to resolve the injection source.; source='ResourceMethod{httpMethod=GET, consumedTypes=[], producedTypes=[application/json], suspended=false, suspendTimeout=0, suspendTimeoutUnit=MILLISECONDS, invocable=Invocable{handler=ClassBasedMethodHandler{handlerClass=class g1.MavenHelloWorld.CalcService, handlerConstructors=[org.glassfish.jersey.server.model.HandlerConstructor@4f293058]}, definitionMethod=public int g1.MavenHelloWorld.CalcService.mult(int,int), parameters=[Parameter [type=int, source=null, defaultValue=null], Parameter [type=int, source=null, defaultValue=null]], responseType=int}, nameBindings=[]}', [WARNING] A HTTP GET method, public int g1.MavenHelloWorld.CalcService.mult(int,int), should not consume any entity.; source='ResourceMethod{httpMethod=GET, consumedTypes=[], producedTypes=[application/json], suspended=false, suspendTimeout=0, suspendTimeoutUnit=MILLISECONDS, invocable=Invocable{handler=ClassBasedMethodHandler{handlerClass=class g1.MavenHelloWorld.CalcService, handlerConstructors=[org.glassfish.jersey.server.model.HandlerConstructor@4f293058]}, definitionMethod=public int g1.MavenHelloWorld.CalcService.mult(int,int), parameters=[Parameter [type=int, source=null, defaultValue=null], Parameter [type=int, source=null, defaultValue=null]], responseType=int}, nameBindings=[]}']
		at org.glassfish.jersey.server.ApplicationHandler.initialize(ApplicationHandler.java:555)
		at org.glassfish.jersey.server.ApplicationHandler.access$500(ApplicationHandler.java:184)
		at org.glassfish.jersey.server.ApplicationHandler$3.call(ApplicationHandler.java:350)
		at org.glassfish.jersey.server.ApplicationHandler$3.call(ApplicationHandler.java:347)
		at org.glassfish.jersey.internal.Errors.process(Errors.java:315)
		at org.glassfish.jersey.internal.Errors.process(Errors.java:297)
		at org.glassfish.jersey.internal.Errors.processWithException(Errors.java:255)
		at org.glassfish.jersey.server.ApplicationHandler.<init>(ApplicationHandler.java:347)
		at org.glassfish.jersey.servlet.WebComponent.<init>(WebComponent.java:392)
		at org.glassfish.jersey.servlet.ServletContainer.init(ServletContainer.java:177)
		at org.glassfish.jersey.servlet.ServletContainer.init(ServletContainer.java:369)
		at javax.servlet.GenericServlet.init(GenericServlet.java:158)
		at org.apache.catalina.core.StandardWrapper.initServlet(StandardWrapper.java:1142)
		at org.apache.catalina.core.StandardWrapper.loadServlet(StandardWrapper.java:1089)
		at org.apache.catalina.core.StandardWrapper.allocate(StandardWrapper.java:773)
		at org.apache.catalina.core.StandardWrapperValve.invoke(StandardWrapperValve.java:134)
		at org.apache.catalina.core.StandardContextValve.invoke(StandardContextValve.java:96)
		at org.apache.catalina.authenticator.AuthenticatorBase.invoke(AuthenticatorBase.java:493)
		at org.apache.catalina.core.StandardHostValve.invoke(StandardHostValve.java:137)
		at org.apache.catalina.valves.ErrorReportValve.invoke(ErrorReportValve.java:81)
		at org.apache.catalina.valves.AbstractAccessLogValve.invoke(AbstractAccessLogValve.java:660)
		at org.apache.catalina.core.StandardEngineValve.invoke(StandardEngineValve.java:87)
		at org.apache.catalina.connector.CoyoteAdapter.service(CoyoteAdapter.java:343)
		at org.apache.coyote.http11.Http11Processor.service(Http11Processor.java:798)
		at org.apache.coyote.AbstractProcessorLight.process(AbstractProcessorLight.java:66)
		at org.apache.coyote.AbstractProtocol$ConnectionHandler.process(AbstractProtocol.java:808)
		at org.apache.tomcat.util.net.NioEndpoint$SocketProcessor.doRun(NioEndpoint.java:1498)
		at org.apache.tomcat.util.net.SocketProcessorBase.run(SocketProcessorBase.java:49)
		at java.util.concurrent.ThreadPoolExecutor.runWorker(Unknown Source)
		at java.util.concurrent.ThreadPoolExecutor$Worker.run(Unknown Source)
		at org.apache.tomcat.util.threads.TaskThread$WrappingRunnable.run(TaskThread.java:61)
		at java.lang.Thread.run(Unknown Source)
